28-May-2018 13:24:39.032 심각 [tomcat-http--2] org.apache.catalina.core.StandardWrapperValve.invoke Servlet.service() for servlet [jsp] in context with path [/lecture1] threw exception [An exception occurred processing JSP page [/jdbc3/studentEdit1.jsp] at line [8]

5: 
6: String 에러메시지 = null;
7: String s1 = request.getParameter("id");
8: int id = Integer.parseInt(s1);
9: Student student = null;
10: 
11: if (request.getMethod().equals("GET")) {


Stacktrace:] with root cause
 java.lang.NumberFormatException: null
	at java.lang.Integer.parseInt(Integer.java:542)
	at java.lang.Integer.parseInt(Integer.java:615)
	at org.apache.jsp.jdbc3.studentEdit1_jsp._jspService(studentEdit1_jsp.java:120)
	at org.apache.jasper.runtime.HttpJspBase.service(HttpJspBase.java:70)
	at javax.servlet.http.HttpServlet.service(HttpServlet.java:742)
	at org.apache.jasper.servlet.JspServletWrapper.service(JspServletWrapper.java:443)
	at org.apache.jasper.servlet.JspServlet.serviceJspFile(JspServlet.java:385)
	at org.apache.jasper.servlet.JspServlet.service(JspServlet.java:329)
	at javax.servlet.http.HttpServlet.service(HttpServlet.java:742)
	at org.apache.catalina.core.ApplicationFilterChain.internalDoFilter(ApplicationFilterChain.java:231)
	at org.apache.catalina.core.ApplicationFilterChain.doFilter(ApplicationFilterChain.java:166)
	at org.apache.tomcat.websocket.server.WsFilter.doFilter(WsFilter.java:52)
	at org.apache.catalina.core.ApplicationFilterChain.internalDoFilter(ApplicationFilterChain.java:193)
	at org.apache.catalina.core.ApplicationFilterChain.doFilter(ApplicationFilterChain.java:166)
	at org.apache.catalina.core.StandardWrapperValve.invoke(StandardWrapperValve.java:198)
	at org.apache.catalina.core.StandardContextValve.invoke(StandardContextValve.java:96)
	at org.apache.catalina.authenticator.AuthenticatorBase.invoke(AuthenticatorBase.java:478)
	at org.apache.catalina.core.StandardHostValve.invoke(StandardHostValve.java:140)
	at org.apache.catalina.valves.ErrorReportValve.invoke(ErrorReportValve.java:81)
	at org.apache.catalina.valves.AbstractAccessLogValve.invoke(AbstractAccessLogValve.java:650)
	at org.apache.catalina.core.StandardEngineValve.invoke(StandardEngineValve.java:87)
	at org.apache.catalina.connector.CoyoteAdapter.service(CoyoteAdapter.java:342)
	at org.apache.coyote.http11.Http11Processor.service(Http11Processor.java:803)
	at org.apache.coyote.AbstractProcessorLight.process(AbstractProcessorLight.java:66)
	at org.apache.coyote.AbstractProtocol$ConnectionHandler.process(AbstractProtocol.java:868)
	at org.apache.tomcat.util.net.NioEndpoint$SocketProcessor.doRun(NioEndpoint.java:1459)
	at org.apache.tomcat.util.net.SocketProcessorBase.run(SocketProcessorBase.java:49)
	at java.util.concurrent.ThreadPoolExecutor.runWorker(ThreadPoolExecutor.java:1149)
	at java.util.concurrent.ThreadPoolExecutor$Worker.run(ThreadPoolExecutor.java:624)
	at org.apache.tomcat.util.threads.TaskThread$WrappingRunnable.run(TaskThread.java:61)
	at java.lang.Thread.run(Thread.java:748)

28-May-2018 14:33:00.701 심각 [tomcat-http--2] org.apache.catalina.core.StandardWrapperValve.invoke Servlet.service() for servlet [jsp] in context with path [/lecture1] threw exception [Unable to compile class for JSP: 

An error occurred at line: [16] in the jsp file: [/jdbc6/studentCreate1.jsp]
The method setStudentNumber(String) is undefined for the type Student
13: Student student = new Student();
14: 
15: if (request.getMethod().equals("GET")) {
16:     student.setStudentNumber("");
17:     student.setName("");
18:     student.setYear(1);
19: } else {


An error occurred at line: [17] in the jsp file: [/jdbc6/studentCreate1.jsp]
The method setName(String) is undefined for the type Student
14: 
15: if (request.getMethod().equals("GET")) {
16:     student.setStudentNumber("");
17:     student.setName("");
18:     student.setYear(1);
19: } else {
20:     student = new Student();


An error occurred at line: [18] in the jsp file: [/jdbc6/studentCreate1.jsp]
The method setYear(int) is undefined for the type Student
15: if (request.getMethod().equals("GET")) {
16:     student.setStudentNumber("");
17:     student.setName("");
18:     student.setYear(1);
19: } else {
20:     student = new Student();
21:     student.setStudentNumber(request.getParameter("studentNumber"));


An error occurred at line: [21] in the jsp file: [/jdbc6/studentCreate1.jsp]
The method setStudentNumber(String) is undefined for the type Student
18:     student.setYear(1);
19: } else {
20:     student = new Student();
21:     student.setStudentNumber(request.getParameter("studentNumber"));
22:     student.setName(request.getParameter("studentName"));
23:     String s2 = request.getParameter("departmentId");
24:     student.setDepartmentId(ParseUtils.parseInt(s2, 1));


An error occurred at line: [22] in the jsp file: [/jdbc6/studentCreate1.jsp]
The method setName(String) is undefined for the type Student
19: } else {
20:     student = new Student();
21:     student.setStudentNumber(request.getParameter("studentNumber"));
22:     student.setName(request.getParameter("studentName"));
23:     String s2 = request.getParameter("departmentId");
24:     student.setDepartmentId(ParseUtils.parseInt(s2, 1));
25:     String s3 = request.getParameter("year");


An error occurred at line: [24] in the jsp file: [/jdbc6/studentCreate1.jsp]
The method setDepartmentId(int) is undefined for the type Student
21:     student.setStudentNumber(request.getParameter("studentNumber"));
22:     student.setName(request.getParameter("studentName"));
23:     String s2 = request.getParameter("departmentId");
24:     student.setDepartmentId(ParseUtils.parseInt(s2, 1));
25:     String s3 = request.getParameter("year");
26:     student.setYear(ParseUtils.parseInt(s3, 0));
27:     


An error occurred at line: [26] in the jsp file: [/jdbc6/studentCreate1.jsp]
The method setYear(int) is undefined for the type Student
23:     String s2 = request.getParameter("departmentId");
24:     student.setDepartmentId(ParseUtils.parseInt(s2, 1));
25:     String s3 = request.getParameter("year");
26:     student.setYear(ParseUtils.parseInt(s3, 0));
27:     
28:     if (student.getStudentNumber() == null || student.getStudentNumber().length() == 0) 
29:         에러메시지 = "학번을 입력하세요";


An error occurred at line: [28] in the jsp file: [/jdbc6/studentCreate1.jsp]
The method getStudentNumber() is undefined for the type Student
25:     String s3 = request.getParameter("year");
26:     student.setYear(ParseUtils.parseInt(s3, 0));
27:     
28:     if (student.getStudentNumber() == null || student.getStudentNumber().length() == 0) 
29:         에러메시지 = "학번을 입력하세요";
30:     else if (student.getName() == null || student.getName().length() == 0) 
31:         에러메시지 = "이름을 입력하세요";


An error occurred at line: [28] in the jsp file: [/jdbc6/studentCreate1.jsp]
The method getStudentNumber() is undefined for the type Student
25:     String s3 = request.getParameter("year");
26:     student.setYear(ParseUtils.parseInt(s3, 0));
27:     
28:     if (student.getStudentNumber() == null || student.getStudentNumber().length() == 0) 
29:         에러메시지 = "학번을 입력하세요";
30:     else if (student.getName() == null || student.getName().length() == 0) 
31:         에러메시지 = "이름을 입력하세요";


An error occurred at line: [30] in the jsp file: [/jdbc6/studentCreate1.jsp]
The method getName() is undefined for the type Student
27:     
28:     if (student.getStudentNumber() == null || student.getStudentNumber().length() == 0) 
29:         에러메시지 = "학번을 입력하세요";
30:     else if (student.getName() == null || student.getName().length() == 0) 
31:         에러메시지 = "이름을 입력하세요";
32:     else if (student.getYear() == 0) 
33:         에러메시지 = "학년을 입력하세요";


An error occurred at line: [30] in the jsp file: [/jdbc6/studentCreate1.jsp]
The method getName() is undefined for the type Student
27:     
28:     if (student.getStudentNumber() == null || student.getStudentNumber().length() == 0) 
29:         에러메시지 = "학번을 입력하세요";
30:     else if (student.getName() == null || student.getName().length() == 0) 
31:         에러메시지 = "이름을 입력하세요";
32:     else if (student.getYear() == 0) 
33:         에러메시지 = "학년을 입력하세요";


An error occurred at line: [32] in the jsp file: [/jdbc6/studentCreate1.jsp]
The method getYear() is undefined for the type Student
29:         에러메시지 = "학번을 입력하세요";
30:     else if (student.getName() == null || student.getName().length() == 0) 
31:         에러메시지 = "이름을 입력하세요";
32:     else if (student.getYear() == 0) 
33:         에러메시지 = "학년을 입력하세요";
34:     else {
35:         StudentDAO.insert(student);


An error occurred at line: [35] in the jsp file: [/jdbc6/studentCreate1.jsp]
The method insert(Student) is undefined for the type StudentDAO
32:     else if (student.getYear() == 0) 
33:         에러메시지 = "학년을 입력하세요";
34:     else {
35:         StudentDAO.insert(student);
36:         response.sendRedirect("studentList1.jsp?pg=99999");
37:         return;
38:     }


An error occurred at line: [65] in the jsp file: [/jdbc6/studentCreate1.jsp]
The method getStudentNumber() is undefined for the type Student
62:   <div class="form-group">
63:     <label>학번</label>
64:     <input type="text" class="form-control" name="studentNumber" 
65:            value="<%= student.getStudentNumber() %>" />
66:   </div>
67:   <div class="form-group">
68:     <label>이름</label>


An error occurred at line: [69] in the jsp file: [/jdbc6/studentCreate1.jsp]
The method getName() is undefined for the type Student
66:   </div>
67:   <div class="form-group">
68:     <label>이름</label>
69:     <input type="text" class="form-control" name="studentName" value="<%= student.getName() %>" />
70:   </div>
71:   <div class="form-group">
72:     <label>학과</label>


An error occurred at line: [74] in the jsp file: [/jdbc6/studentCreate1.jsp]
The method findAll() is undefined for the type DepartmentDAO
71:   <div class="form-group">
72:     <label>학과</label>
73:     <select class="form-control" name="departmentId">
74:       <% for (Department d : DepartmentDAO.findAll()) { %>
75:           <% String selected = student.getDepartmentId()==d.getId() ? "selected" : ""; %>
76:           <option value="<%= d.getId() %>" <%= selected %>>
77:             <%= d.getDepartmentName() %>


An error occurred at line: [75] in the jsp file: [/jdbc6/studentCreate1.jsp]
The method getDepartmentId() is undefined for the type Student
72:     <label>학과</label>
73:     <select class="form-control" name="departmentId">
74:       <% for (Department d : DepartmentDAO.findAll()) { %>
75:           <% String selected = student.getDepartmentId()==d.getId() ? "selected" : ""; %>
76:           <option value="<%= d.getId() %>" <%= selected %>>
77:             <%= d.getDepartmentName() %>
78:           </option>


An error occurred at line: [75] in the jsp file: [/jdbc6/studentCreate1.jsp]
The method getId() is undefined for the type Department
72:     <label>학과</label>
73:     <select class="form-control" name="departmentId">
74:       <% for (Department d : DepartmentDAO.findAll()) { %>
75:           <% String selected = student.getDepartmentId()==d.getId() ? "selected" : ""; %>
76:           <option value="<%= d.getId() %>" <%= selected %>>
77:             <%= d.getDepartmentName() %>
78:           </option>


An error occurred at line: [76] in the jsp file: [/jdbc6/studentCreate1.jsp]
The method getId() is undefined for the type Department
73:     <select class="form-control" name="departmentId">
74:       <% for (Department d : DepartmentDAO.findAll()) { %>
75:           <% String selected = student.getDepartmentId()==d.getId() ? "selected" : ""; %>
76:           <option value="<%= d.getId() %>" <%= selected %>>
77:             <%= d.getDepartmentName() %>
78:           </option>
79:       <% } %>


An error occurred at line: [77] in the jsp file: [/jdbc6/studentCreate1.jsp]
The method getDepartmentName() is undefined for the type Department
74:       <% for (Department d : DepartmentDAO.findAll()) { %>
75:           <% String selected = student.getDepartmentId()==d.getId() ? "selected" : ""; %>
76:           <option value="<%= d.getId() %>" <%= selected %>>
77:             <%= d.getDepartmentName() %>
78:           </option>
79:       <% } %>
80:     </select>


An error occurred at line: [84] in the jsp file: [/jdbc6/studentCreate1.jsp]
The method getYear() is undefined for the type Student
81:   </div>
82:   <div class="form-group">
83:     <label>학년</label>
84:     <input type="number" class="form-control" name="year" value="<%= student.getYear() %>" />
85:   </div>
86:   <button type="submit" class="btn btn-primary">
87:     <i class="glyphicon glyphicon-ok"></i> 저장


Stacktrace:] with root cause
 org.apache.jasper.JasperException: Unable to compile class for JSP: 

An error occurred at line: [16] in the jsp file: [/jdbc6/studentCreate1.jsp]
The method setStudentNumber(String) is undefined for the type Student
13: Student student = new Student();
14: 
15: if (request.getMethod().equals("GET")) {
16:     student.setStudentNumber("");
17:     student.setName("");
18:     student.setYear(1);
19: } else {


An error occurred at line: [17] in the jsp file: [/jdbc6/studentCreate1.jsp]
The method setName(String) is undefined for the type Student
14: 
15: if (request.getMethod().equals("GET")) {
16:     student.setStudentNumber("");
17:     student.setName("");
18:     student.setYear(1);
19: } else {
20:     student = new Student();


An error occurred at line: [18] in the jsp file: [/jdbc6/studentCreate1.jsp]
The method setYear(int) is undefined for the type Student
15: if (request.getMethod().equals("GET")) {
16:     student.setStudentNumber("");
17:     student.setName("");
18:     student.setYear(1);
19: } else {
20:     student = new Student();
21:     student.setStudentNumber(request.getParameter("studentNumber"));


An error occurred at line: [21] in the jsp file: [/jdbc6/studentCreate1.jsp]
The method setStudentNumber(String) is undefined for the type Student
18:     student.setYear(1);
19: } else {
20:     student = new Student();
21:     student.setStudentNumber(request.getParameter("studentNumber"));
22:     student.setName(request.getParameter("studentName"));
23:     String s2 = request.getParameter("departmentId");
24:     student.setDepartmentId(ParseUtils.parseInt(s2, 1));


An error occurred at line: [22] in the jsp file: [/jdbc6/studentCreate1.jsp]
The method setName(String) is undefined for the type Student
19: } else {
20:     student = new Student();
21:     student.setStudentNumber(request.getParameter("studentNumber"));
22:     student.setName(request.getParameter("studentName"));
23:     String s2 = request.getParameter("departmentId");
24:     student.setDepartmentId(ParseUtils.parseInt(s2, 1));
25:     String s3 = request.getParameter("year");


An error occurred at line: [24] in the jsp file: [/jdbc6/studentCreate1.jsp]
The method setDepartmentId(int) is undefined for the type Student
21:     student.setStudentNumber(request.getParameter("studentNumber"));
22:     student.setName(request.getParameter("studentName"));
23:     String s2 = request.getParameter("departmentId");
24:     student.setDepartmentId(ParseUtils.parseInt(s2, 1));
25:     String s3 = request.getParameter("year");
26:     student.setYear(ParseUtils.parseInt(s3, 0));
27:     


An error occurred at line: [26] in the jsp file: [/jdbc6/studentCreate1.jsp]
The method setYear(int) is undefined for the type Student
23:     String s2 = request.getParameter("departmentId");
24:     student.setDepartmentId(ParseUtils.parseInt(s2, 1));
25:     String s3 = request.getParameter("year");
26:     student.setYear(ParseUtils.parseInt(s3, 0));
27:     
28:     if (student.getStudentNumber() == null || student.getStudentNumber().length() == 0) 
29:         에러메시지 = "학번을 입력하세요";


An error occurred at line: [28] in the jsp file: [/jdbc6/studentCreate1.jsp]
The method getStudentNumber() is undefined for the type Student
25:     String s3 = request.getParameter("year");
26:     student.setYear(ParseUtils.parseInt(s3, 0));
27:     
28:     if (student.getStudentNumber() == null || student.getStudentNumber().length() == 0) 
29:         에러메시지 = "학번을 입력하세요";
30:     else if (student.getName() == null || student.getName().length() == 0) 
31:         에러메시지 = "이름을 입력하세요";


An error occurred at line: [28] in the jsp file: [/jdbc6/studentCreate1.jsp]
The method getStudentNumber() is undefined for the type Student
25:     String s3 = request.getParameter("year");
26:     student.setYear(ParseUtils.parseInt(s3, 0));
27:     
28:     if (student.getStudentNumber() == null || student.getStudentNumber().length() == 0) 
29:         에러메시지 = "학번을 입력하세요";
30:     else if (student.getName() == null || student.getName().length() == 0) 
31:         에러메시지 = "이름을 입력하세요";


An error occurred at line: [30] in the jsp file: [/jdbc6/studentCreate1.jsp]
The method getName() is undefined for the type Student
27:     
28:     if (student.getStudentNumber() == null || student.getStudentNumber().length() == 0) 
29:         에러메시지 = "학번을 입력하세요";
30:     else if (student.getName() == null || student.getName().length() == 0) 
31:         에러메시지 = "이름을 입력하세요";
32:     else if (student.getYear() == 0) 
33:         에러메시지 = "학년을 입력하세요";


An error occurred at line: [30] in the jsp file: [/jdbc6/studentCreate1.jsp]
The method getName() is undefined for the type Student
27:     
28:     if (student.getStudentNumber() == null || student.getStudentNumber().length() == 0) 
29:         에러메시지 = "학번을 입력하세요";
30:     else if (student.getName() == null || student.getName().length() == 0) 
31:         에러메시지 = "이름을 입력하세요";
32:     else if (student.getYear() == 0) 
33:         에러메시지 = "학년을 입력하세요";


An error occurred at line: [32] in the jsp file: [/jdbc6/studentCreate1.jsp]
The method getYear() is undefined for the type Student
29:         에러메시지 = "학번을 입력하세요";
30:     else if (student.getName() == null || student.getName().length() == 0) 
31:         에러메시지 = "이름을 입력하세요";
32:     else if (student.getYear() == 0) 
33:         에러메시지 = "학년을 입력하세요";
34:     else {
35:         StudentDAO.insert(student);


An error occurred at line: [35] in the jsp file: [/jdbc6/studentCreate1.jsp]
The method insert(Student) is undefined for the type StudentDAO
32:     else if (student.getYear() == 0) 
33:         에러메시지 = "학년을 입력하세요";
34:     else {
35:         StudentDAO.insert(student);
36:         response.sendRedirect("studentList1.jsp?pg=99999");
37:         return;
38:     }


An error occurred at line: [65] in the jsp file: [/jdbc6/studentCreate1.jsp]
The method getStudentNumber() is undefined for the type Student
62:   <div class="form-group">
63:     <label>학번</label>
64:     <input type="text" class="form-control" name="studentNumber" 
65:            value="<%= student.getStudentNumber() %>" />
66:   </div>
67:   <div class="form-group">
68:     <label>이름</label>


An error occurred at line: [69] in the jsp file: [/jdbc6/studentCreate1.jsp]
The method getName() is undefined for the type Student
66:   </div>
67:   <div class="form-group">
68:     <label>이름</label>
69:     <input type="text" class="form-control" name="studentName" value="<%= student.getName() %>" />
70:   </div>
71:   <div class="form-group">
72:     <label>학과</label>


An error occurred at line: [74] in the jsp file: [/jdbc6/studentCreate1.jsp]
The method findAll() is undefined for the type DepartmentDAO
71:   <div class="form-group">
72:     <label>학과</label>
73:     <select class="form-control" name="departmentId">
74:       <% for (Department d : DepartmentDAO.findAll()) { %>
75:           <% String selected = student.getDepartmentId()==d.getId() ? "selected" : ""; %>
76:           <option value="<%= d.getId() %>" <%= selected %>>
77:             <%= d.getDepartmentName() %>


An error occurred at line: [75] in the jsp file: [/jdbc6/studentCreate1.jsp]
The method getDepartmentId() is undefined for the type Student
72:     <label>학과</label>
73:     <select class="form-control" name="departmentId">
74:       <% for (Department d : DepartmentDAO.findAll()) { %>
75:           <% String selected = student.getDepartmentId()==d.getId() ? "selected" : ""; %>
76:           <option value="<%= d.getId() %>" <%= selected %>>
77:             <%= d.getDepartmentName() %>
78:           </option>


An error occurred at line: [75] in the jsp file: [/jdbc6/studentCreate1.jsp]
The method getId() is undefined for the type Department
72:     <label>학과</label>
73:     <select class="form-control" name="departmentId">
74:       <% for (Department d : DepartmentDAO.findAll()) { %>
75:           <% String selected = student.getDepartmentId()==d.getId() ? "selected" : ""; %>
76:           <option value="<%= d.getId() %>" <%= selected %>>
77:             <%= d.getDepartmentName() %>
78:           </option>


An error occurred at line: [76] in the jsp file: [/jdbc6/studentCreate1.jsp]
The method getId() is undefined for the type Department
73:     <select class="form-control" name="departmentId">
74:       <% for (Department d : DepartmentDAO.findAll()) { %>
75:           <% String selected = student.getDepartmentId()==d.getId() ? "selected" : ""; %>
76:           <option value="<%= d.getId() %>" <%= selected %>>
77:             <%= d.getDepartmentName() %>
78:           </option>
79:       <% } %>


An error occurred at line: [77] in the jsp file: [/jdbc6/studentCreate1.jsp]
The method getDepartmentName() is undefined for the type Department
74:       <% for (Department d : DepartmentDAO.findAll()) { %>
75:           <% String selected = student.getDepartmentId()==d.getId() ? "selected" : ""; %>
76:           <option value="<%= d.getId() %>" <%= selected %>>
77:             <%= d.getDepartmentName() %>
78:           </option>
79:       <% } %>
80:     </select>


An error occurred at line: [84] in the jsp file: [/jdbc6/studentCreate1.jsp]
The method getYear() is undefined for the type Student
81:   </div>
82:   <div class="form-group">
83:     <label>학년</label>
84:     <input type="number" class="form-control" name="year" value="<%= student.getYear() %>" />
85:   </div>
86:   <button type="submit" class="btn btn-primary">
87:     <i class="glyphicon glyphicon-ok"></i> 저장


Stacktrace:
	at org.apache.jasper.compiler.DefaultErrorHandler.javacError(DefaultErrorHandler.java:102)
	at org.apache.jasper.compiler.ErrorDispatcher.javacError(ErrorDispatcher.java:212)
	at org.apache.jasper.compiler.JDTCompiler.generateClass(JDTCompiler.java:457)
	at org.apache.jasper.compiler.Compiler.compile(Compiler.java:379)
	at org.apache.jasper.compiler.Compiler.compile(Compiler.java:351)
	at org.apache.jasper.compiler.Compiler.compile(Compiler.java:335)
	at org.apache.jasper.JspCompilationContext.compile(JspCompilationContext.java:601)
	at org.apache.jasper.servlet.JspServletWrapper.service(JspServletWrapper.java:368)
	at org.apache.jasper.servlet.JspServlet.serviceJspFile(JspServlet.java:385)
	at org.apache.jasper.servlet.JspServlet.service(JspServlet.java:329)
	at javax.servlet.http.HttpServlet.service(HttpServlet.java:742)
	at org.apache.catalina.core.ApplicationFilterChain.internalDoFilter(ApplicationFilterChain.java:231)
	at org.apache.catalina.core.ApplicationFilterChain.doFilter(ApplicationFilterChain.java:166)
	at org.apache.tomcat.websocket.server.WsFilter.doFilter(WsFilter.java:52)
	at org.apache.catalina.core.ApplicationFilterChain.internalDoFilter(ApplicationFilterChain.java:193)
	at org.apache.catalina.core.ApplicationFilterChain.doFilter(ApplicationFilterChain.java:166)
	at org.apache.catalina.core.StandardWrapperValve.invoke(StandardWrapperValve.java:198)
	at org.apache.catalina.core.StandardContextValve.invoke(StandardContextValve.java:96)
	at org.apache.catalina.authenticator.AuthenticatorBase.invoke(AuthenticatorBase.java:478)
	at org.apache.catalina.core.StandardHostValve.invoke(StandardHostValve.java:140)
	at org.apache.catalina.valves.ErrorReportValve.invoke(ErrorReportValve.java:81)
	at org.apache.catalina.valves.AbstractAccessLogValve.invoke(AbstractAccessLogValve.java:650)
	at org.apache.catalina.core.StandardEngineValve.invoke(StandardEngineValve.java:87)
	at org.apache.catalina.connector.CoyoteAdapter.service(CoyoteAdapter.java:342)
	at org.apache.coyote.http11.Http11Processor.service(Http11Processor.java:803)
	at org.apache.coyote.AbstractProcessorLight.process(AbstractProcessorLight.java:66)
	at org.apache.coyote.AbstractProtocol$ConnectionHandler.process(AbstractProtocol.java:868)
	at org.apache.tomcat.util.net.NioEndpoint$SocketProcessor.doRun(NioEndpoint.java:1459)
	at org.apache.tomcat.util.net.SocketProcessorBase.run(SocketProcessorBase.java:49)
	at java.util.concurrent.ThreadPoolExecutor.runWorker(ThreadPoolExecutor.java:1149)
	at java.util.concurrent.ThreadPoolExecutor$Worker.run(ThreadPoolExecutor.java:624)
	at org.apache.tomcat.util.threads.TaskThread$WrappingRunnable.run(TaskThread.java:61)
	at java.lang.Thread.run(Thread.java:748)

28-May-2018 15:07:17.488 심각 [tomcat-http--2] org.apache.catalina.core.StandardWrapperValve.invoke Servlet.service() for servlet [jsp] in context with path [/lecture1] threw exception [Unable to compile class for JSP: 

An error occurred at line: [18] in the jsp file: [/jdbc7/studentCreate1.jsp]
The method setStudentNumber(String) is undefined for the type Student
15: Student student = new Student();
16: 
17: if (request.getMethod().equals("GET")) {
18:     student.setStudentNumber("");
19:     student.setName("");
20:     student.setYear(1);
21: } else {


An error occurred at line: [19] in the jsp file: [/jdbc7/studentCreate1.jsp]
The method setName(String) is undefined for the type Student
16: 
17: if (request.getMethod().equals("GET")) {
18:     student.setStudentNumber("");
19:     student.setName("");
20:     student.setYear(1);
21: } else {
22:     student = new Student();


An error occurred at line: [20] in the jsp file: [/jdbc7/studentCreate1.jsp]
The method setYear(int) is undefined for the type Student
17: if (request.getMethod().equals("GET")) {
18:     student.setStudentNumber("");
19:     student.setName("");
20:     student.setYear(1);
21: } else {
22:     student = new Student();
23:     student.setStudentNumber(request.getParameter("studentNumber"));


An error occurred at line: [23] in the jsp file: [/jdbc7/studentCreate1.jsp]
The method setStudentNumber(String) is undefined for the type Student
20:     student.setYear(1);
21: } else {
22:     student = new Student();
23:     student.setStudentNumber(request.getParameter("studentNumber"));
24:     student.setName(request.getParameter("studentName"));
25:     String s2 = request.getParameter("departmentId");
26:     student.setDepartmentId(ParseUtils.parseInt(s2, 1));


An error occurred at line: [24] in the jsp file: [/jdbc7/studentCreate1.jsp]
The method setName(String) is undefined for the type Student
21: } else {
22:     student = new Student();
23:     student.setStudentNumber(request.getParameter("studentNumber"));
24:     student.setName(request.getParameter("studentName"));
25:     String s2 = request.getParameter("departmentId");
26:     student.setDepartmentId(ParseUtils.parseInt(s2, 1));
27:     String s3 = request.getParameter("year");


An error occurred at line: [26] in the jsp file: [/jdbc7/studentCreate1.jsp]
The method setDepartmentId(int) is undefined for the type Student
23:     student.setStudentNumber(request.getParameter("studentNumber"));
24:     student.setName(request.getParameter("studentName"));
25:     String s2 = request.getParameter("departmentId");
26:     student.setDepartmentId(ParseUtils.parseInt(s2, 1));
27:     String s3 = request.getParameter("year");
28:     student.setYear(ParseUtils.parseInt(s3, 0));
29:     


An error occurred at line: [28] in the jsp file: [/jdbc7/studentCreate1.jsp]
The method setYear(int) is undefined for the type Student
25:     String s2 = request.getParameter("departmentId");
26:     student.setDepartmentId(ParseUtils.parseInt(s2, 1));
27:     String s3 = request.getParameter("year");
28:     student.setYear(ParseUtils.parseInt(s3, 0));
29:     
30:     if (student.getStudentNumber() == null || student.getStudentNumber().length() == 0) 
31:         에러메시지 = "학번을 입력하세요";


An error occurred at line: [30] in the jsp file: [/jdbc7/studentCreate1.jsp]
The method getStudentNumber() is undefined for the type Student
27:     String s3 = request.getParameter("year");
28:     student.setYear(ParseUtils.parseInt(s3, 0));
29:     
30:     if (student.getStudentNumber() == null || student.getStudentNumber().length() == 0) 
31:         에러메시지 = "학번을 입력하세요";
32:     else if (student.getName() == null || student.getName().length() == 0) 
33:         에러메시지 = "이름을 입력하세요";


An error occurred at line: [30] in the jsp file: [/jdbc7/studentCreate1.jsp]
The method getStudentNumber() is undefined for the type Student
27:     String s3 = request.getParameter("year");
28:     student.setYear(ParseUtils.parseInt(s3, 0));
29:     
30:     if (student.getStudentNumber() == null || student.getStudentNumber().length() == 0) 
31:         에러메시지 = "학번을 입력하세요";
32:     else if (student.getName() == null || student.getName().length() == 0) 
33:         에러메시지 = "이름을 입력하세요";


An error occurred at line: [32] in the jsp file: [/jdbc7/studentCreate1.jsp]
The method getName() is undefined for the type Student
29:     
30:     if (student.getStudentNumber() == null || student.getStudentNumber().length() == 0) 
31:         에러메시지 = "학번을 입력하세요";
32:     else if (student.getName() == null || student.getName().length() == 0) 
33:         에러메시지 = "이름을 입력하세요";
34:     else if (s3 == null || s3.length() == 0) 
35:         에러메시지 = "학년을 입력하세요";


An error occurred at line: [32] in the jsp file: [/jdbc7/studentCreate1.jsp]
The method getName() is undefined for the type Student
29:     
30:     if (student.getStudentNumber() == null || student.getStudentNumber().length() == 0) 
31:         에러메시지 = "학번을 입력하세요";
32:     else if (student.getName() == null || student.getName().length() == 0) 
33:         에러메시지 = "이름을 입력하세요";
34:     else if (s3 == null || s3.length() == 0) 
35:         에러메시지 = "학년을 입력하세요";


An error occurred at line: [37] in the jsp file: [/jdbc7/studentCreate1.jsp]
The method insert(Student) is undefined for the type StudentDAO
34:     else if (s3 == null || s3.length() == 0) 
35:         에러메시지 = "학년을 입력하세요";
36:     else {
37:         StudentDAO.insert(student);
38:         response.sendRedirect("studentList1.jsp?pg=99999");
39:         return;
40:     }


An error occurred at line: [67] in the jsp file: [/jdbc7/studentCreate1.jsp]
The method getStudentNumber() is undefined for the type Student
64:   <div class="form-group">
65:     <label>학번</label>
66:     <input type="text" class="form-control" name="studentNumber" 
67:            value="<%= student.getStudentNumber() %>" />
68:   </div>
69:   <div class="form-group">
70:     <label>이름</label>


An error occurred at line: [71] in the jsp file: [/jdbc7/studentCreate1.jsp]
The method getName() is undefined for the type Student
68:   </div>
69:   <div class="form-group">
70:     <label>이름</label>
71:     <input type="text" class="form-control" name="studentName" value="<%= student.getName() %>" />
72:   </div>
73:   <div class="form-group">
74:     <label>학과</label>


An error occurred at line: [76] in the jsp file: [/jdbc7/studentCreate1.jsp]
The method findAll() is undefined for the type DepartmentDAO
73:   <div class="form-group">
74:     <label>학과</label>
75:     <select class="form-control" name="departmentId">
76:       <% for (Department d : DepartmentDAO.findAll()) { %>
77:           <% String selected = student.getDepartmentId()==d.getId() ? "selected" : ""; %>
78:           <option value="<%= d.getId() %>" <%= selected %>>
79:             <%= d.getDepartmentName() %>


An error occurred at line: [77] in the jsp file: [/jdbc7/studentCreate1.jsp]
The method getDepartmentId() is undefined for the type Student
74:     <label>학과</label>
75:     <select class="form-control" name="departmentId">
76:       <% for (Department d : DepartmentDAO.findAll()) { %>
77:           <% String selected = student.getDepartmentId()==d.getId() ? "selected" : ""; %>
78:           <option value="<%= d.getId() %>" <%= selected %>>
79:             <%= d.getDepartmentName() %>
80:           </option>


An error occurred at line: [77] in the jsp file: [/jdbc7/studentCreate1.jsp]
The method getId() is undefined for the type Department
74:     <label>학과</label>
75:     <select class="form-control" name="departmentId">
76:       <% for (Department d : DepartmentDAO.findAll()) { %>
77:           <% String selected = student.getDepartmentId()==d.getId() ? "selected" : ""; %>
78:           <option value="<%= d.getId() %>" <%= selected %>>
79:             <%= d.getDepartmentName() %>
80:           </option>


An error occurred at line: [78] in the jsp file: [/jdbc7/studentCreate1.jsp]
The method getId() is undefined for the type Department
75:     <select class="form-control" name="departmentId">
76:       <% for (Department d : DepartmentDAO.findAll()) { %>
77:           <% String selected = student.getDepartmentId()==d.getId() ? "selected" : ""; %>
78:           <option value="<%= d.getId() %>" <%= selected %>>
79:             <%= d.getDepartmentName() %>
80:           </option>
81:       <% } %>


An error occurred at line: [79] in the jsp file: [/jdbc7/studentCreate1.jsp]
The method getDepartmentName() is undefined for the type Department
76:       <% for (Department d : DepartmentDAO.findAll()) { %>
77:           <% String selected = student.getDepartmentId()==d.getId() ? "selected" : ""; %>
78:           <option value="<%= d.getId() %>" <%= selected %>>
79:             <%= d.getDepartmentName() %>
80:           </option>
81:       <% } %>
82:     </select>


An error occurred at line: [86] in the jsp file: [/jdbc7/studentCreate1.jsp]
The method getYear() is undefined for the type Student
83:   </div>
84:   <div class="form-group">
85:     <label>학년</label>
86:     <input type="number" class="form-control" name="year" value="<%= student.getYear() %>" />
87:   </div>
88:   <button type="submit" class="btn btn-primary">
89:     <i class="glyphicon glyphicon-ok"></i> 저장


Stacktrace:] with root cause
 org.apache.jasper.JasperException: Unable to compile class for JSP: 

An error occurred at line: [18] in the jsp file: [/jdbc7/studentCreate1.jsp]
The method setStudentNumber(String) is undefined for the type Student
15: Student student = new Student();
16: 
17: if (request.getMethod().equals("GET")) {
18:     student.setStudentNumber("");
19:     student.setName("");
20:     student.setYear(1);
21: } else {


An error occurred at line: [19] in the jsp file: [/jdbc7/studentCreate1.jsp]
The method setName(String) is undefined for the type Student
16: 
17: if (request.getMethod().equals("GET")) {
18:     student.setStudentNumber("");
19:     student.setName("");
20:     student.setYear(1);
21: } else {
22:     student = new Student();


An error occurred at line: [20] in the jsp file: [/jdbc7/studentCreate1.jsp]
The method setYear(int) is undefined for the type Student
17: if (request.getMethod().equals("GET")) {
18:     student.setStudentNumber("");
19:     student.setName("");
20:     student.setYear(1);
21: } else {
22:     student = new Student();
23:     student.setStudentNumber(request.getParameter("studentNumber"));


An error occurred at line: [23] in the jsp file: [/jdbc7/studentCreate1.jsp]
The method setStudentNumber(String) is undefined for the type Student
20:     student.setYear(1);
21: } else {
22:     student = new Student();
23:     student.setStudentNumber(request.getParameter("studentNumber"));
24:     student.setName(request.getParameter("studentName"));
25:     String s2 = request.getParameter("departmentId");
26:     student.setDepartmentId(ParseUtils.parseInt(s2, 1));


An error occurred at line: [24] in the jsp file: [/jdbc7/studentCreate1.jsp]
The method setName(String) is undefined for the type Student
21: } else {
22:     student = new Student();
23:     student.setStudentNumber(request.getParameter("studentNumber"));
24:     student.setName(request.getParameter("studentName"));
25:     String s2 = request.getParameter("departmentId");
26:     student.setDepartmentId(ParseUtils.parseInt(s2, 1));
27:     String s3 = request.getParameter("year");


An error occurred at line: [26] in the jsp file: [/jdbc7/studentCreate1.jsp]
The method setDepartmentId(int) is undefined for the type Student
23:     student.setStudentNumber(request.getParameter("studentNumber"));
24:     student.setName(request.getParameter("studentName"));
25:     String s2 = request.getParameter("departmentId");
26:     student.setDepartmentId(ParseUtils.parseInt(s2, 1));
27:     String s3 = request.getParameter("year");
28:     student.setYear(ParseUtils.parseInt(s3, 0));
29:     


An error occurred at line: [28] in the jsp file: [/jdbc7/studentCreate1.jsp]
The method setYear(int) is undefined for the type Student
25:     String s2 = request.getParameter("departmentId");
26:     student.setDepartmentId(ParseUtils.parseInt(s2, 1));
27:     String s3 = request.getParameter("year");
28:     student.setYear(ParseUtils.parseInt(s3, 0));
29:     
30:     if (student.getStudentNumber() == null || student.getStudentNumber().length() == 0) 
31:         에러메시지 = "학번을 입력하세요";


An error occurred at line: [30] in the jsp file: [/jdbc7/studentCreate1.jsp]
The method getStudentNumber() is undefined for the type Student
27:     String s3 = request.getParameter("year");
28:     student.setYear(ParseUtils.parseInt(s3, 0));
29:     
30:     if (student.getStudentNumber() == null || student.getStudentNumber().length() == 0) 
31:         에러메시지 = "학번을 입력하세요";
32:     else if (student.getName() == null || student.getName().length() == 0) 
33:         에러메시지 = "이름을 입력하세요";


An error occurred at line: [30] in the jsp file: [/jdbc7/studentCreate1.jsp]
The method getStudentNumber() is undefined for the type Student
27:     String s3 = request.getParameter("year");
28:     student.setYear(ParseUtils.parseInt(s3, 0));
29:     
30:     if (student.getStudentNumber() == null || student.getStudentNumber().length() == 0) 
31:         에러메시지 = "학번을 입력하세요";
32:     else if (student.getName() == null || student.getName().length() == 0) 
33:         에러메시지 = "이름을 입력하세요";


An error occurred at line: [32] in the jsp file: [/jdbc7/studentCreate1.jsp]
The method getName() is undefined for the type Student
29:     
30:     if (student.getStudentNumber() == null || student.getStudentNumber().length() == 0) 
31:         에러메시지 = "학번을 입력하세요";
32:     else if (student.getName() == null || student.getName().length() == 0) 
33:         에러메시지 = "이름을 입력하세요";
34:     else if (s3 == null || s3.length() == 0) 
35:         에러메시지 = "학년을 입력하세요";


An error occurred at line: [32] in the jsp file: [/jdbc7/studentCreate1.jsp]
The method getName() is undefined for the type Student
29:     
30:     if (student.getStudentNumber() == null || student.getStudentNumber().length() == 0) 
31:         에러메시지 = "학번을 입력하세요";
32:     else if (student.getName() == null || student.getName().length() == 0) 
33:         에러메시지 = "이름을 입력하세요";
34:     else if (s3 == null || s3.length() == 0) 
35:         에러메시지 = "학년을 입력하세요";


An error occurred at line: [37] in the jsp file: [/jdbc7/studentCreate1.jsp]
The method insert(Student) is undefined for the type StudentDAO
34:     else if (s3 == null || s3.length() == 0) 
35:         에러메시지 = "학년을 입력하세요";
36:     else {
37:         StudentDAO.insert(student);
38:         response.sendRedirect("studentList1.jsp?pg=99999");
39:         return;
40:     }


An error occurred at line: [67] in the jsp file: [/jdbc7/studentCreate1.jsp]
The method getStudentNumber() is undefined for the type Student
64:   <div class="form-group">
65:     <label>학번</label>
66:     <input type="text" class="form-control" name="studentNumber" 
67:            value="<%= student.getStudentNumber() %>" />
68:   </div>
69:   <div class="form-group">
70:     <label>이름</label>


An error occurred at line: [71] in the jsp file: [/jdbc7/studentCreate1.jsp]
The method getName() is undefined for the type Student
68:   </div>
69:   <div class="form-group">
70:     <label>이름</label>
71:     <input type="text" class="form-control" name="studentName" value="<%= student.getName() %>" />
72:   </div>
73:   <div class="form-group">
74:     <label>학과</label>


An error occurred at line: [76] in the jsp file: [/jdbc7/studentCreate1.jsp]
The method findAll() is undefined for the type DepartmentDAO
73:   <div class="form-group">
74:     <label>학과</label>
75:     <select class="form-control" name="departmentId">
76:       <% for (Department d : DepartmentDAO.findAll()) { %>
77:           <% String selected = student.getDepartmentId()==d.getId() ? "selected" : ""; %>
78:           <option value="<%= d.getId() %>" <%= selected %>>
79:             <%= d.getDepartmentName() %>


An error occurred at line: [77] in the jsp file: [/jdbc7/studentCreate1.jsp]
The method getDepartmentId() is undefined for the type Student
74:     <label>학과</label>
75:     <select class="form-control" name="departmentId">
76:       <% for (Department d : DepartmentDAO.findAll()) { %>
77:           <% String selected = student.getDepartmentId()==d.getId() ? "selected" : ""; %>
78:           <option value="<%= d.getId() %>" <%= selected %>>
79:             <%= d.getDepartmentName() %>
80:           </option>


An error occurred at line: [77] in the jsp file: [/jdbc7/studentCreate1.jsp]
The method getId() is undefined for the type Department
74:     <label>학과</label>
75:     <select class="form-control" name="departmentId">
76:       <% for (Department d : DepartmentDAO.findAll()) { %>
77:           <% String selected = student.getDepartmentId()==d.getId() ? "selected" : ""; %>
78:           <option value="<%= d.getId() %>" <%= selected %>>
79:             <%= d.getDepartmentName() %>
80:           </option>


An error occurred at line: [78] in the jsp file: [/jdbc7/studentCreate1.jsp]
The method getId() is undefined for the type Department
75:     <select class="form-control" name="departmentId">
76:       <% for (Department d : DepartmentDAO.findAll()) { %>
77:           <% String selected = student.getDepartmentId()==d.getId() ? "selected" : ""; %>
78:           <option value="<%= d.getId() %>" <%= selected %>>
79:             <%= d.getDepartmentName() %>
80:           </option>
81:       <% } %>


An error occurred at line: [79] in the jsp file: [/jdbc7/studentCreate1.jsp]
The method getDepartmentName() is undefined for the type Department
76:       <% for (Department d : DepartmentDAO.findAll()) { %>
77:           <% String selected = student.getDepartmentId()==d.getId() ? "selected" : ""; %>
78:           <option value="<%= d.getId() %>" <%= selected %>>
79:             <%= d.getDepartmentName() %>
80:           </option>
81:       <% } %>
82:     </select>


An error occurred at line: [86] in the jsp file: [/jdbc7/studentCreate1.jsp]
The method getYear() is undefined for the type Student
83:   </div>
84:   <div class="form-group">
85:     <label>학년</label>
86:     <input type="number" class="form-control" name="year" value="<%= student.getYear() %>" />
87:   </div>
88:   <button type="submit" class="btn btn-primary">
89:     <i class="glyphicon glyphicon-ok"></i> 저장


Stacktrace:
	at org.apache.jasper.compiler.DefaultErrorHandler.javacError(DefaultErrorHandler.java:102)
	at org.apache.jasper.compiler.ErrorDispatcher.javacError(ErrorDispatcher.java:212)
	at org.apache.jasper.compiler.JDTCompiler.generateClass(JDTCompiler.java:457)
	at org.apache.jasper.compiler.Compiler.compile(Compiler.java:379)
	at org.apache.jasper.compiler.Compiler.compile(Compiler.java:351)
	at org.apache.jasper.compiler.Compiler.compile(Compiler.java:335)
	at org.apache.jasper.JspCompilationContext.compile(JspCompilationContext.java:601)
	at org.apache.jasper.servlet.JspServletWrapper.service(JspServletWrapper.java:368)
	at org.apache.jasper.servlet.JspServlet.serviceJspFile(JspServlet.java:385)
	at org.apache.jasper.servlet.JspServlet.service(JspServlet.java:329)
	at javax.servlet.http.HttpServlet.service(HttpServlet.java:742)
	at org.apache.catalina.core.ApplicationFilterChain.internalDoFilter(ApplicationFilterChain.java:231)
	at org.apache.catalina.core.ApplicationFilterChain.doFilter(ApplicationFilterChain.java:166)
	at org.apache.tomcat.websocket.server.WsFilter.doFilter(WsFilter.java:52)
	at org.apache.catalina.core.ApplicationFilterChain.internalDoFilter(ApplicationFilterChain.java:193)
	at org.apache.catalina.core.ApplicationFilterChain.doFilter(ApplicationFilterChain.java:166)
	at org.apache.catalina.core.StandardWrapperValve.invoke(StandardWrapperValve.java:198)
	at org.apache.catalina.core.StandardContextValve.invoke(StandardContextValve.java:96)
	at org.apache.catalina.authenticator.AuthenticatorBase.invoke(AuthenticatorBase.java:478)
	at org.apache.catalina.core.StandardHostValve.invoke(StandardHostValve.java:140)
	at org.apache.catalina.valves.ErrorReportValve.invoke(ErrorReportValve.java:81)
	at org.apache.catalina.valves.AbstractAccessLogValve.invoke(AbstractAccessLogValve.java:650)
	at org.apache.catalina.core.StandardEngineValve.invoke(StandardEngineValve.java:87)
	at org.apache.catalina.connector.CoyoteAdapter.service(CoyoteAdapter.java:342)
	at org.apache.coyote.http11.Http11Processor.service(Http11Processor.java:803)
	at org.apache.coyote.AbstractProcessorLight.process(AbstractProcessorLight.java:66)
	at org.apache.coyote.AbstractProtocol$ConnectionHandler.process(AbstractProtocol.java:868)
	at org.apache.tomcat.util.net.NioEndpoint$SocketProcessor.doRun(NioEndpoint.java:1459)
	at org.apache.tomcat.util.net.SocketProcessorBase.run(SocketProcessorBase.java:49)
	at java.util.concurrent.ThreadPoolExecutor.runWorker(ThreadPoolExecutor.java:1149)
	at java.util.concurrent.ThreadPoolExecutor$Worker.run(ThreadPoolExecutor.java:624)
	at org.apache.tomcat.util.threads.TaskThread$WrappingRunnable.run(TaskThread.java:61)
	at java.lang.Thread.run(Thread.java:748)

28-May-2018 18:02:05.420 심각 [tomcat-http--5] org.apache.catalina.core.StandardWrapperValve.invoke Servlet.service() for servlet [lecture1.file1.FileUploadServlet1] in context with path [/lecture1] threw exception
 java.io.FileNotFoundException: /Users/snow_mo/Git/High_Level_Web_Programing/pivotal-tc-server-developer-3.2.8.RELEASE/pivotal_tc_server3_2_8/wtpwebapps/lecture1/upload/900748.jpg (No such file or directory)
	at java.io.FileOutputStream.open0(Native Method)
	at java.io.FileOutputStream.open(FileOutputStream.java:270)
	at java.io.FileOutputStream.<init>(FileOutputStream.java:213)
	at java.io.FileOutputStream.<init>(FileOutputStream.java:162)
	at lecture1.file1.FileUploadServlet1.saveFile(FileUploadServlet1.java:76)
	at lecture1.file1.FileUploadServlet1.doPost(FileUploadServlet1.java:40)
	at javax.servlet.http.HttpServlet.service(HttpServlet.java:661)
	at javax.servlet.http.HttpServlet.service(HttpServlet.java:742)
	at org.apache.catalina.core.ApplicationFilterChain.internalDoFilter(ApplicationFilterChain.java:231)
	at org.apache.catalina.core.ApplicationFilterChain.doFilter(ApplicationFilterChain.java:166)
	at org.apache.tomcat.websocket.server.WsFilter.doFilter(WsFilter.java:52)
	at org.apache.catalina.core.ApplicationFilterChain.internalDoFilter(ApplicationFilterChain.java:193)
	at org.apache.catalina.core.ApplicationFilterChain.doFilter(ApplicationFilterChain.java:166)
	at org.apache.catalina.core.StandardWrapperValve.invoke(StandardWrapperValve.java:198)
	at org.apache.catalina.core.StandardContextValve.invoke(StandardContextValve.java:96)
	at org.apache.catalina.authenticator.AuthenticatorBase.invoke(AuthenticatorBase.java:478)
	at org.apache.catalina.core.StandardHostValve.invoke(StandardHostValve.java:140)
	at org.apache.catalina.valves.ErrorReportValve.invoke(ErrorReportValve.java:81)
	at org.apache.catalina.valves.AbstractAccessLogValve.invoke(AbstractAccessLogValve.java:650)
	at org.apache.catalina.core.StandardEngineValve.invoke(StandardEngineValve.java:87)
	at org.apache.catalina.connector.CoyoteAdapter.service(CoyoteAdapter.java:342)
	at org.apache.coyote.http11.Http11Processor.service(Http11Processor.java:803)
	at org.apache.coyote.AbstractProcessorLight.process(AbstractProcessorLight.java:66)
	at org.apache.coyote.AbstractProtocol$ConnectionHandler.process(AbstractProtocol.java:868)
	at org.apache.tomcat.util.net.NioEndpoint$SocketProcessor.doRun(NioEndpoint.java:1459)
	at org.apache.tomcat.util.net.SocketProcessorBase.run(SocketProcessorBase.java:49)
	at java.util.concurrent.ThreadPoolExecutor.runWorker(ThreadPoolExecutor.java:1149)
	at java.util.concurrent.ThreadPoolExecutor$Worker.run(ThreadPoolExecutor.java:624)
	at org.apache.tomcat.util.threads.TaskThread$WrappingRunnable.run(TaskThread.java:61)
	at java.lang.Thread.run(Thread.java:748)

28-May-2018 18:02:57.045 심각 [tomcat-http--4] org.apache.catalina.core.StandardWrapperValve.invoke Servlet.service() for servlet [lecture1.file1.FileUploadServlet1] in context with path [/lecture1] threw exception
 java.io.FileNotFoundException: /Users/snow_mo/Git/High_Level_Web_Programing/pivotal-tc-server-developer-3.2.8.RELEASE/pivotal_tc_server3_2_8/wtpwebapps/lecture1/upload/900748.jpg (No such file or directory)
	at java.io.FileOutputStream.open0(Native Method)
	at java.io.FileOutputStream.open(FileOutputStream.java:270)
	at java.io.FileOutputStream.<init>(FileOutputStream.java:213)
	at java.io.FileOutputStream.<init>(FileOutputStream.java:162)
	at lecture1.file1.FileUploadServlet1.saveFile(FileUploadServlet1.java:76)
	at lecture1.file1.FileUploadServlet1.doPost(FileUploadServlet1.java:40)
	at javax.servlet.http.HttpServlet.service(HttpServlet.java:661)
	at javax.servlet.http.HttpServlet.service(HttpServlet.java:742)
	at org.apache.catalina.core.ApplicationFilterChain.internalDoFilter(ApplicationFilterChain.java:231)
	at org.apache.catalina.core.ApplicationFilterChain.doFilter(ApplicationFilterChain.java:166)
	at org.apache.tomcat.websocket.server.WsFilter.doFilter(WsFilter.java:52)
	at org.apache.catalina.core.ApplicationFilterChain.internalDoFilter(ApplicationFilterChain.java:193)
	at org.apache.catalina.core.ApplicationFilterChain.doFilter(ApplicationFilterChain.java:166)
	at org.apache.catalina.core.StandardWrapperValve.invoke(StandardWrapperValve.java:198)
	at org.apache.catalina.core.StandardContextValve.invoke(StandardContextValve.java:96)
	at org.apache.catalina.authenticator.AuthenticatorBase.invoke(AuthenticatorBase.java:478)
	at org.apache.catalina.core.StandardHostValve.invoke(StandardHostValve.java:140)
	at org.apache.catalina.valves.ErrorReportValve.invoke(ErrorReportValve.java:81)
	at org.apache.catalina.valves.AbstractAccessLogValve.invoke(AbstractAccessLogValve.java:650)
	at org.apache.catalina.core.StandardEngineValve.invoke(StandardEngineValve.java:87)
	at org.apache.catalina.connector.CoyoteAdapter.service(CoyoteAdapter.java:342)
	at org.apache.coyote.http11.Http11Processor.service(Http11Processor.java:803)
	at org.apache.coyote.AbstractProcessorLight.process(AbstractProcessorLight.java:66)
	at org.apache.coyote.AbstractProtocol$ConnectionHandler.process(AbstractProtocol.java:868)
	at org.apache.tomcat.util.net.NioEndpoint$SocketProcessor.doRun(NioEndpoint.java:1459)
	at org.apache.tomcat.util.net.SocketProcessorBase.run(SocketProcessorBase.java:49)
	at java.util.concurrent.ThreadPoolExecutor.runWorker(ThreadPoolExecutor.java:1149)
	at java.util.concurrent.ThreadPoolExecutor$Worker.run(ThreadPoolExecutor.java:624)
	at org.apache.tomcat.util.threads.TaskThread$WrappingRunnable.run(TaskThread.java:61)
	at java.lang.Thread.run(Thread.java:748)

28-May-2018 20:30:58.645 심각 [tomcat-http--2] org.apache.catalina.core.StandardWrapperValve.invoke Servlet.service() for servlet [jsp] in context with path [/P201432014] threw exception [An exception occurred processing JSP page [/article/list1.jsp] at line [18]

15: if (st == null) st = "";
16: String stEncoded = URLEncoder.encode(st, "UTF-8");
17: 
18: int recordCount = ArticleDAO.count(ss, st);
19: 
20: int lastPage = Math.max(1, (recordCount + pageSize - 1) / pageSize);
21: if (currentPage > lastPage) currentPage = lastPage;


Stacktrace:] with root cause
 com.mysql.jdbc.exceptions.jdbc4.MySQLSyntaxErrorException: PROCEDURE bbs2.student_count does not exist
	at sun.reflect.NativeConstructorAccessorImpl.newInstance0(Native Method)
	at sun.reflect.NativeConstructorAccessorImpl.newInstance(NativeConstructorAccessorImpl.java:62)
	at sun.reflect.DelegatingConstructorAccessorImpl.newInstance(DelegatingConstructorAccessorImpl.java:45)
	at java.lang.reflect.Constructor.newInstance(Constructor.java:423)
	at com.mysql.jdbc.Util.handleNewInstance(Util.java:425)
	at com.mysql.jdbc.Util.getInstance(Util.java:408)
	at com.mysql.jdbc.SQLError.createSQLException(SQLError.java:944)
	at com.mysql.jdbc.MysqlIO.checkErrorPacket(MysqlIO.java:3976)
	at com.mysql.jdbc.MysqlIO.checkErrorPacket(MysqlIO.java:3912)
	at com.mysql.jdbc.MysqlIO.sendCommand(MysqlIO.java:2530)
	at com.mysql.jdbc.MysqlIO.sqlQueryDirect(MysqlIO.java:2683)
	at com.mysql.jdbc.ConnectionImpl.execSQL(ConnectionImpl.java:2486)
	at com.mysql.jdbc.PreparedStatement.executeInternal(PreparedStatement.java:1858)
	at com.mysql.jdbc.PreparedStatement.executeQuery(PreparedStatement.java:1966)
	at sun.reflect.NativeMethodAccessorImpl.invoke0(Native Method)
	at sun.reflect.NativeMethodAccessorImpl.invoke(NativeMethodAccessorImpl.java:62)
	at sun.reflect.DelegatingMethodAccessorImpl.invoke(DelegatingMethodAccessorImpl.java:43)
	at java.lang.reflect.Method.invoke(Method.java:498)
	at org.apache.tomcat.jdbc.pool.StatementFacade$StatementProxy.invoke(StatementFacade.java:114)
	at com.sun.proxy.$Proxy9.executeQuery(Unknown Source)
	at p201432014.jdbc.ArticleDAO.count(ArticleDAO.java:47)
	at org.apache.jsp.article.list1_jsp._jspService(list1_jsp.java:137)
	at org.apache.jasper.runtime.HttpJspBase.service(HttpJspBase.java:70)
	at javax.servlet.http.HttpServlet.service(HttpServlet.java:742)
	at org.apache.jasper.servlet.JspServletWrapper.service(JspServletWrapper.java:443)
	at org.apache.jasper.servlet.JspServlet.serviceJspFile(JspServlet.java:385)
	at org.apache.jasper.servlet.JspServlet.service(JspServlet.java:329)
	at javax.servlet.http.HttpServlet.service(HttpServlet.java:742)
	at org.apache.catalina.core.ApplicationFilterChain.internalDoFilter(ApplicationFilterChain.java:231)
	at org.apache.catalina.core.ApplicationFilterChain.doFilter(ApplicationFilterChain.java:166)
	at org.apache.tomcat.websocket.server.WsFilter.doFilter(WsFilter.java:52)
	at org.apache.catalina.core.ApplicationFilterChain.internalDoFilter(ApplicationFilterChain.java:193)
	at org.apache.catalina.core.ApplicationFilterChain.doFilter(ApplicationFilterChain.java:166)
	at org.apache.catalina.core.StandardWrapperValve.invoke(StandardWrapperValve.java:198)
	at org.apache.catalina.core.StandardContextValve.invoke(StandardContextValve.java:96)
	at org.apache.catalina.authenticator.AuthenticatorBase.invoke(AuthenticatorBase.java:478)
	at org.apache.catalina.core.StandardHostValve.invoke(StandardHostValve.java:140)
	at org.apache.catalina.valves.ErrorReportValve.invoke(ErrorReportValve.java:81)
	at org.apache.catalina.valves.AbstractAccessLogValve.invoke(AbstractAccessLogValve.java:650)
	at org.apache.catalina.core.StandardEngineValve.invoke(StandardEngineValve.java:87)
	at org.apache.catalina.connector.CoyoteAdapter.service(CoyoteAdapter.java:342)
	at org.apache.coyote.http11.Http11Processor.service(Http11Processor.java:803)
	at org.apache.coyote.AbstractProcessorLight.process(AbstractProcessorLight.java:66)
	at org.apache.coyote.AbstractProtocol$ConnectionHandler.process(AbstractProtocol.java:868)
	at org.apache.tomcat.util.net.NioEndpoint$SocketProcessor.doRun(NioEndpoint.java:1459)
	at org.apache.tomcat.util.net.SocketProcessorBase.run(SocketProcessorBase.java:49)
	at java.util.concurrent.ThreadPoolExecutor.runWorker(ThreadPoolExecutor.java:1149)
	at java.util.concurrent.ThreadPoolExecutor$Worker.run(ThreadPoolExecutor.java:624)
	at org.apache.tomcat.util.threads.TaskThread$WrappingRunnable.run(TaskThread.java:61)
	at java.lang.Thread.run(Thread.java:748)

28-May-2018 20:32:22.540 심각 [tomcat-http--2] org.apache.catalina.core.StandardWrapperValve.invoke Servlet.service() for servlet [jsp] in context with path [/P201432014] threw exception [javax.servlet.ServletException: com.mysql.jdbc.exceptions.jdbc4.MySQLSyntaxErrorException: PROCEDURE bbs2.student_count does not exist] with root cause
 com.mysql.jdbc.exceptions.jdbc4.MySQLSyntaxErrorException: PROCEDURE bbs2.student_count does not exist
	at sun.reflect.NativeConstructorAccessorImpl.newInstance0(Native Method)
	at sun.reflect.NativeConstructorAccessorImpl.newInstance(NativeConstructorAccessorImpl.java:62)
	at sun.reflect.DelegatingConstructorAccessorImpl.newInstance(DelegatingConstructorAccessorImpl.java:45)
	at java.lang.reflect.Constructor.newInstance(Constructor.java:423)
	at com.mysql.jdbc.Util.handleNewInstance(Util.java:425)
	at com.mysql.jdbc.Util.getInstance(Util.java:408)
	at com.mysql.jdbc.SQLError.createSQLException(SQLError.java:944)
	at com.mysql.jdbc.MysqlIO.checkErrorPacket(MysqlIO.java:3976)
	at com.mysql.jdbc.MysqlIO.checkErrorPacket(MysqlIO.java:3912)
	at com.mysql.jdbc.MysqlIO.sendCommand(MysqlIO.java:2530)
	at com.mysql.jdbc.MysqlIO.sqlQueryDirect(MysqlIO.java:2683)
	at com.mysql.jdbc.ConnectionImpl.execSQL(ConnectionImpl.java:2486)
	at com.mysql.jdbc.PreparedStatement.executeInternal(PreparedStatement.java:1858)
	at com.mysql.jdbc.PreparedStatement.executeQuery(PreparedStatement.java:1966)
	at sun.reflect.NativeMethodAccessorImpl.invoke0(Native Method)
	at sun.reflect.NativeMethodAccessorImpl.invoke(NativeMethodAccessorImpl.java:62)
	at sun.reflect.DelegatingMethodAccessorImpl.invoke(DelegatingMethodAccessorImpl.java:43)
	at java.lang.reflect.Method.invoke(Method.java:498)
	at org.apache.tomcat.jdbc.pool.StatementFacade$StatementProxy.invoke(StatementFacade.java:114)
	at com.sun.proxy.$Proxy9.executeQuery(Unknown Source)
	at p201432014.jdbc.ArticleDAO.count(ArticleDAO.java:47)
	at org.apache.jsp.article.list1_jsp._jspService(list1_jsp.java:137)
	at org.apache.jasper.runtime.HttpJspBase.service(HttpJspBase.java:70)
	at javax.servlet.http.HttpServlet.service(HttpServlet.java:742)
	at org.apache.jasper.servlet.JspServletWrapper.service(JspServletWrapper.java:443)
	at org.apache.jasper.servlet.JspServlet.serviceJspFile(JspServlet.java:385)
	at org.apache.jasper.servlet.JspServlet.service(JspServlet.java:329)
	at javax.servlet.http.HttpServlet.service(HttpServlet.java:742)
	at org.apache.catalina.core.ApplicationFilterChain.internalDoFilter(ApplicationFilterChain.java:231)
	at org.apache.catalina.core.ApplicationFilterChain.doFilter(ApplicationFilterChain.java:166)
	at org.apache.tomcat.websocket.server.WsFilter.doFilter(WsFilter.java:52)
	at org.apache.catalina.core.ApplicationFilterChain.internalDoFilter(ApplicationFilterChain.java:193)
	at org.apache.catalina.core.ApplicationFilterChain.doFilter(ApplicationFilterChain.java:166)
	at org.apache.catalina.core.StandardWrapperValve.invoke(StandardWrapperValve.java:198)
	at org.apache.catalina.core.StandardContextValve.invoke(StandardContextValve.java:96)
	at org.apache.catalina.authenticator.AuthenticatorBase.invoke(AuthenticatorBase.java:478)
	at org.apache.catalina.core.StandardHostValve.invoke(StandardHostValve.java:140)
	at org.apache.catalina.valves.ErrorReportValve.invoke(ErrorReportValve.java:81)
	at org.apache.catalina.valves.AbstractAccessLogValve.invoke(AbstractAccessLogValve.java:650)
	at org.apache.catalina.core.StandardEngineValve.invoke(StandardEngineValve.java:87)
	at org.apache.catalina.connector.CoyoteAdapter.service(CoyoteAdapter.java:342)
	at org.apache.coyote.http11.Http11Processor.service(Http11Processor.java:803)
	at org.apache.coyote.AbstractProcessorLight.process(AbstractProcessorLight.java:66)
	at org.apache.coyote.AbstractProtocol$ConnectionHandler.process(AbstractProtocol.java:868)
	at org.apache.tomcat.util.net.NioEndpoint$SocketProcessor.doRun(NioEndpoint.java:1459)
	at org.apache.tomcat.util.net.SocketProcessorBase.run(SocketProcessorBase.java:49)
	at java.util.concurrent.ThreadPoolExecutor.runWorker(ThreadPoolExecutor.java:1149)
	at java.util.concurrent.ThreadPoolExecutor$Worker.run(ThreadPoolExecutor.java:624)
	at org.apache.tomcat.util.threads.TaskThread$WrappingRunnable.run(TaskThread.java:61)
	at java.lang.Thread.run(Thread.java:748)

28-May-2018 20:32:32.687 심각 [tomcat-http--3] org.apache.catalina.core.StandardWrapperValve.invoke Servlet.service() for servlet [jsp] in context with path [/P201432014] threw exception [javax.servlet.ServletException: com.mysql.jdbc.exceptions.jdbc4.MySQLSyntaxErrorException: PROCEDURE bbs2.student_count does not exist] with root cause
 com.mysql.jdbc.exceptions.jdbc4.MySQLSyntaxErrorException: PROCEDURE bbs2.student_count does not exist
	at sun.reflect.NativeConstructorAccessorImpl.newInstance0(Native Method)
	at sun.reflect.NativeConstructorAccessorImpl.newInstance(NativeConstructorAccessorImpl.java:62)
	at sun.reflect.DelegatingConstructorAccessorImpl.newInstance(DelegatingConstructorAccessorImpl.java:45)
	at java.lang.reflect.Constructor.newInstance(Constructor.java:423)
	at com.mysql.jdbc.Util.handleNewInstance(Util.java:425)
	at com.mysql.jdbc.Util.getInstance(Util.java:408)
	at com.mysql.jdbc.SQLError.createSQLException(SQLError.java:944)
	at com.mysql.jdbc.MysqlIO.checkErrorPacket(MysqlIO.java:3976)
	at com.mysql.jdbc.MysqlIO.checkErrorPacket(MysqlIO.java:3912)
	at com.mysql.jdbc.MysqlIO.sendCommand(MysqlIO.java:2530)
	at com.mysql.jdbc.MysqlIO.sqlQueryDirect(MysqlIO.java:2683)
	at com.mysql.jdbc.ConnectionImpl.execSQL(ConnectionImpl.java:2486)
	at com.mysql.jdbc.PreparedStatement.executeInternal(PreparedStatement.java:1858)
	at com.mysql.jdbc.PreparedStatement.executeQuery(PreparedStatement.java:1966)
	at sun.reflect.NativeMethodAccessorImpl.invoke0(Native Method)
	at sun.reflect.NativeMethodAccessorImpl.invoke(NativeMethodAccessorImpl.java:62)
	at sun.reflect.DelegatingMethodAccessorImpl.invoke(DelegatingMethodAccessorImpl.java:43)
	at java.lang.reflect.Method.invoke(Method.java:498)
	at org.apache.tomcat.jdbc.pool.StatementFacade$StatementProxy.invoke(StatementFacade.java:114)
	at com.sun.proxy.$Proxy9.executeQuery(Unknown Source)
	at p201432014.jdbc.ArticleDAO.count(ArticleDAO.java:47)
	at org.apache.jsp.article.list1_jsp._jspService(list1_jsp.java:137)
	at org.apache.jasper.runtime.HttpJspBase.service(HttpJspBase.java:70)
	at javax.servlet.http.HttpServlet.service(HttpServlet.java:742)
	at org.apache.jasper.servlet.JspServletWrapper.service(JspServletWrapper.java:443)
	at org.apache.jasper.servlet.JspServlet.serviceJspFile(JspServlet.java:385)
	at org.apache.jasper.servlet.JspServlet.service(JspServlet.java:329)
	at javax.servlet.http.HttpServlet.service(HttpServlet.java:742)
	at org.apache.catalina.core.ApplicationFilterChain.internalDoFilter(ApplicationFilterChain.java:231)
	at org.apache.catalina.core.ApplicationFilterChain.doFilter(ApplicationFilterChain.java:166)
	at org.apache.tomcat.websocket.server.WsFilter.doFilter(WsFilter.java:52)
	at org.apache.catalina.core.ApplicationFilterChain.internalDoFilter(ApplicationFilterChain.java:193)
	at org.apache.catalina.core.ApplicationFilterChain.doFilter(ApplicationFilterChain.java:166)
	at org.apache.catalina.core.StandardWrapperValve.invoke(StandardWrapperValve.java:198)
	at org.apache.catalina.core.StandardContextValve.invoke(StandardContextValve.java:96)
	at org.apache.catalina.authenticator.AuthenticatorBase.invoke(AuthenticatorBase.java:478)
	at org.apache.catalina.core.StandardHostValve.invoke(StandardHostValve.java:140)
	at org.apache.catalina.valves.ErrorReportValve.invoke(ErrorReportValve.java:81)
	at org.apache.catalina.valves.AbstractAccessLogValve.invoke(AbstractAccessLogValve.java:650)
	at org.apache.catalina.core.StandardEngineValve.invoke(StandardEngineValve.java:87)
	at org.apache.catalina.connector.CoyoteAdapter.service(CoyoteAdapter.java:342)
	at org.apache.coyote.http11.Http11Processor.service(Http11Processor.java:803)
	at org.apache.coyote.AbstractProcessorLight.process(AbstractProcessorLight.java:66)
	at org.apache.coyote.AbstractProtocol$ConnectionHandler.process(AbstractProtocol.java:868)
	at org.apache.tomcat.util.net.NioEndpoint$SocketProcessor.doRun(NioEndpoint.java:1459)
	at org.apache.tomcat.util.net.SocketProcessorBase.run(SocketProcessorBase.java:49)
	at java.util.concurrent.ThreadPoolExecutor.runWorker(ThreadPoolExecutor.java:1149)
	at java.util.concurrent.ThreadPoolExecutor$Worker.run(ThreadPoolExecutor.java:624)
	at org.apache.tomcat.util.threads.TaskThread$WrappingRunnable.run(TaskThread.java:61)
	at java.lang.Thread.run(Thread.java:748)

28-May-2018 20:34:11.726 심각 [tomcat-http--5] org.apache.catalina.core.StandardWrapperValve.invoke Servlet.service() for servlet [jsp] in context with path [/P201432014] threw exception [javax.servlet.ServletException: com.mysql.jdbc.exceptions.jdbc4.MySQLSyntaxErrorException: PROCEDURE bbs2.student_count does not exist] with root cause
 com.mysql.jdbc.exceptions.jdbc4.MySQLSyntaxErrorException: PROCEDURE bbs2.student_count does not exist
	at sun.reflect.NativeConstructorAccessorImpl.newInstance0(Native Method)
	at sun.reflect.NativeConstructorAccessorImpl.newInstance(NativeConstructorAccessorImpl.java:62)
	at sun.reflect.DelegatingConstructorAccessorImpl.newInstance(DelegatingConstructorAccessorImpl.java:45)
	at java.lang.reflect.Constructor.newInstance(Constructor.java:423)
	at com.mysql.jdbc.Util.handleNewInstance(Util.java:425)
	at com.mysql.jdbc.Util.getInstance(Util.java:408)
	at com.mysql.jdbc.SQLError.createSQLException(SQLError.java:944)
	at com.mysql.jdbc.MysqlIO.checkErrorPacket(MysqlIO.java:3976)
	at com.mysql.jdbc.MysqlIO.checkErrorPacket(MysqlIO.java:3912)
	at com.mysql.jdbc.MysqlIO.sendCommand(MysqlIO.java:2530)
	at com.mysql.jdbc.MysqlIO.sqlQueryDirect(MysqlIO.java:2683)
	at com.mysql.jdbc.ConnectionImpl.execSQL(ConnectionImpl.java:2486)
	at com.mysql.jdbc.PreparedStatement.executeInternal(PreparedStatement.java:1858)
	at com.mysql.jdbc.PreparedStatement.executeQuery(PreparedStatement.java:1966)
	at sun.reflect.NativeMethodAccessorImpl.invoke0(Native Method)
	at sun.reflect.NativeMethodAccessorImpl.invoke(NativeMethodAccessorImpl.java:62)
	at sun.reflect.DelegatingMethodAccessorImpl.invoke(DelegatingMethodAccessorImpl.java:43)
	at java.lang.reflect.Method.invoke(Method.java:498)
	at org.apache.tomcat.jdbc.pool.StatementFacade$StatementProxy.invoke(StatementFacade.java:114)
	at com.sun.proxy.$Proxy9.executeQuery(Unknown Source)
	at p201432014.jdbc.ArticleDAO.count(ArticleDAO.java:47)
	at org.apache.jsp.article.list1_jsp._jspService(list1_jsp.java:137)
	at org.apache.jasper.runtime.HttpJspBase.service(HttpJspBase.java:70)
	at javax.servlet.http.HttpServlet.service(HttpServlet.java:742)
	at org.apache.jasper.servlet.JspServletWrapper.service(JspServletWrapper.java:443)
	at org.apache.jasper.servlet.JspServlet.serviceJspFile(JspServlet.java:385)
	at org.apache.jasper.servlet.JspServlet.service(JspServlet.java:329)
	at javax.servlet.http.HttpServlet.service(HttpServlet.java:742)
	at org.apache.catalina.core.ApplicationFilterChain.internalDoFilter(ApplicationFilterChain.java:231)
	at org.apache.catalina.core.ApplicationFilterChain.doFilter(ApplicationFilterChain.java:166)
	at org.apache.tomcat.websocket.server.WsFilter.doFilter(WsFilter.java:52)
	at org.apache.catalina.core.ApplicationFilterChain.internalDoFilter(ApplicationFilterChain.java:193)
	at org.apache.catalina.core.ApplicationFilterChain.doFilter(ApplicationFilterChain.java:166)
	at org.apache.catalina.core.StandardWrapperValve.invoke(StandardWrapperValve.java:198)
	at org.apache.catalina.core.StandardContextValve.invoke(StandardContextValve.java:96)
	at org.apache.catalina.authenticator.AuthenticatorBase.invoke(AuthenticatorBase.java:478)
	at org.apache.catalina.core.StandardHostValve.invoke(StandardHostValve.java:140)
	at org.apache.catalina.valves.ErrorReportValve.invoke(ErrorReportValve.java:81)
	at org.apache.catalina.valves.AbstractAccessLogValve.invoke(AbstractAccessLogValve.java:650)
	at org.apache.catalina.core.StandardEngineValve.invoke(StandardEngineValve.java:87)
	at org.apache.catalina.connector.CoyoteAdapter.service(CoyoteAdapter.java:342)
	at org.apache.coyote.http11.Http11Processor.service(Http11Processor.java:803)
	at org.apache.coyote.AbstractProcessorLight.process(AbstractProcessorLight.java:66)
	at org.apache.coyote.AbstractProtocol$ConnectionHandler.process(AbstractProtocol.java:868)
	at org.apache.tomcat.util.net.NioEndpoint$SocketProcessor.doRun(NioEndpoint.java:1459)
	at org.apache.tomcat.util.net.SocketProcessorBase.run(SocketProcessorBase.java:49)
	at java.util.concurrent.ThreadPoolExecutor.runWorker(ThreadPoolExecutor.java:1149)
	at java.util.concurrent.ThreadPoolExecutor$Worker.run(ThreadPoolExecutor.java:624)
	at org.apache.tomcat.util.threads.TaskThread$WrappingRunnable.run(TaskThread.java:61)
	at java.lang.Thread.run(Thread.java:748)

28-May-2018 20:38:08.270 심각 [tomcat-http--2] org.apache.catalina.core.StandardWrapperValve.invoke Servlet.service() for servlet [jsp] in context with path [/P201432014] threw exception [javax.servlet.ServletException: java.sql.SQLException: No value specified for parameter 4] with root cause
 java.sql.SQLException: No value specified for parameter 4
	at com.mysql.jdbc.SQLError.createSQLException(SQLError.java:965)
	at com.mysql.jdbc.SQLError.createSQLException(SQLError.java:898)
	at com.mysql.jdbc.SQLError.createSQLException(SQLError.java:887)
	at com.mysql.jdbc.SQLError.createSQLException(SQLError.java:861)
	at com.mysql.jdbc.PreparedStatement.checkAllParametersSet(PreparedStatement.java:2211)
	at com.mysql.jdbc.PreparedStatement.fillSendPacket(PreparedStatement.java:2191)
	at com.mysql.jdbc.PreparedStatement.fillSendPacket(PreparedStatement.java:2121)
	at com.mysql.jdbc.PreparedStatement.executeQuery(PreparedStatement.java:1941)
	at sun.reflect.NativeMethodAccessorImpl.invoke0(Native Method)
	at sun.reflect.NativeMethodAccessorImpl.invoke(NativeMethodAccessorImpl.java:62)
	at sun.reflect.DelegatingMethodAccessorImpl.invoke(DelegatingMethodAccessorImpl.java:43)
	at java.lang.reflect.Method.invoke(Method.java:498)
	at org.apache.tomcat.jdbc.pool.StatementFacade$StatementProxy.invoke(StatementFacade.java:114)
	at com.sun.proxy.$Proxy9.executeQuery(Unknown Source)
	at p201432014.jdbc.ArticleDAO.findAll(ArticleDAO.java:23)
	at org.apache.jsp.article.list1_jsp._jspService(list1_jsp.java:144)
	at org.apache.jasper.runtime.HttpJspBase.service(HttpJspBase.java:70)
	at javax.servlet.http.HttpServlet.service(HttpServlet.java:742)
	at org.apache.jasper.servlet.JspServletWrapper.service(JspServletWrapper.java:443)
	at org.apache.jasper.servlet.JspServlet.serviceJspFile(JspServlet.java:385)
	at org.apache.jasper.servlet.JspServlet.service(JspServlet.java:329)
	at javax.servlet.http.HttpServlet.service(HttpServlet.java:742)
	at org.apache.catalina.core.ApplicationFilterChain.internalDoFilter(ApplicationFilterChain.java:231)
	at org.apache.catalina.core.ApplicationFilterChain.doFilter(ApplicationFilterChain.java:166)
	at org.apache.tomcat.websocket.server.WsFilter.doFilter(WsFilter.java:52)
	at org.apache.catalina.core.ApplicationFilterChain.internalDoFilter(ApplicationFilterChain.java:193)
	at org.apache.catalina.core.ApplicationFilterChain.doFilter(ApplicationFilterChain.java:166)
	at org.apache.catalina.core.StandardWrapperValve.invoke(StandardWrapperValve.java:198)
	at org.apache.catalina.core.StandardContextValve.invoke(StandardContextValve.java:96)
	at org.apache.catalina.authenticator.AuthenticatorBase.invoke(AuthenticatorBase.java:478)
	at org.apache.catalina.core.StandardHostValve.invoke(StandardHostValve.java:140)
	at org.apache.catalina.valves.ErrorReportValve.invoke(ErrorReportValve.java:81)
	at org.apache.catalina.valves.AbstractAccessLogValve.invoke(AbstractAccessLogValve.java:650)
	at org.apache.catalina.core.StandardEngineValve.invoke(StandardEngineValve.java:87)
	at org.apache.catalina.connector.CoyoteAdapter.service(CoyoteAdapter.java:342)
	at org.apache.coyote.http11.Http11Processor.service(Http11Processor.java:803)
	at org.apache.coyote.AbstractProcessorLight.process(AbstractProcessorLight.java:66)
	at org.apache.coyote.AbstractProtocol$ConnectionHandler.process(AbstractProtocol.java:868)
	at org.apache.tomcat.util.net.NioEndpoint$SocketProcessor.doRun(NioEndpoint.java:1459)
	at org.apache.tomcat.util.net.SocketProcessorBase.run(SocketProcessorBase.java:49)
	at java.util.concurrent.ThreadPoolExecutor.runWorker(ThreadPoolExecutor.java:1149)
	at java.util.concurrent.ThreadPoolExecutor$Worker.run(ThreadPoolExecutor.java:624)
	at org.apache.tomcat.util.threads.TaskThread$WrappingRunnable.run(TaskThread.java:61)
	at java.lang.Thread.run(Thread.java:748)

28-May-2018 21:00:32.079 심각 [tomcat-http--2] org.apache.catalina.core.StandardWrapperValve.invoke Servlet.service() for servlet [jsp] in context with path [/P201432014] threw exception [javax.servlet.ServletException: java.sql.SQLException: Parameter index out of range (4 > number of parameters, which is 2).] with root cause
 java.sql.SQLException: Parameter index out of range (4 > number of parameters, which is 2).
	at com.mysql.jdbc.SQLError.createSQLException(SQLError.java:965)
	at com.mysql.jdbc.SQLError.createSQLException(SQLError.java:898)
	at com.mysql.jdbc.SQLError.createSQLException(SQLError.java:887)
	at com.mysql.jdbc.SQLError.createSQLException(SQLError.java:861)
	at com.mysql.jdbc.PreparedStatement.checkBounds(PreparedStatement.java:3327)
	at com.mysql.jdbc.PreparedStatement.setInternal(PreparedStatement.java:3312)
	at com.mysql.jdbc.PreparedStatement.setString(PreparedStatement.java:4027)
	at sun.reflect.NativeMethodAccessorImpl.invoke0(Native Method)
	at sun.reflect.NativeMethodAccessorImpl.invoke(NativeMethodAccessorImpl.java:62)
	at sun.reflect.DelegatingMethodAccessorImpl.invoke(DelegatingMethodAccessorImpl.java:43)
	at java.lang.reflect.Method.invoke(Method.java:498)
	at org.apache.tomcat.jdbc.pool.StatementFacade$StatementProxy.invoke(StatementFacade.java:114)
	at com.sun.proxy.$Proxy9.setString(Unknown Source)
	at p201432014.jdbc.ArticleDAO.count(ArticleDAO.java:44)
	at org.apache.jsp.article.list1_jsp._jspService(list1_jsp.java:137)
	at org.apache.jasper.runtime.HttpJspBase.service(HttpJspBase.java:70)
	at javax.servlet.http.HttpServlet.service(HttpServlet.java:742)
	at org.apache.jasper.servlet.JspServletWrapper.service(JspServletWrapper.java:443)
	at org.apache.jasper.servlet.JspServlet.serviceJspFile(JspServlet.java:385)
	at org.apache.jasper.servlet.JspServlet.service(JspServlet.java:329)
	at javax.servlet.http.HttpServlet.service(HttpServlet.java:742)
	at org.apache.catalina.core.ApplicationFilterChain.internalDoFilter(ApplicationFilterChain.java:231)
	at org.apache.catalina.core.ApplicationFilterChain.doFilter(ApplicationFilterChain.java:166)
	at org.apache.tomcat.websocket.server.WsFilter.doFilter(WsFilter.java:52)
	at org.apache.catalina.core.ApplicationFilterChain.internalDoFilter(ApplicationFilterChain.java:193)
	at org.apache.catalina.core.ApplicationFilterChain.doFilter(ApplicationFilterChain.java:166)
	at org.apache.catalina.core.StandardWrapperValve.invoke(StandardWrapperValve.java:198)
	at org.apache.catalina.core.StandardContextValve.invoke(StandardContextValve.java:96)
	at org.apache.catalina.authenticator.AuthenticatorBase.invoke(AuthenticatorBase.java:478)
	at org.apache.catalina.core.StandardHostValve.invoke(StandardHostValve.java:140)
	at org.apache.catalina.valves.ErrorReportValve.invoke(ErrorReportValve.java:81)
	at org.apache.catalina.valves.AbstractAccessLogValve.invoke(AbstractAccessLogValve.java:650)
	at org.apache.catalina.core.StandardEngineValve.invoke(StandardEngineValve.java:87)
	at org.apache.catalina.connector.CoyoteAdapter.service(CoyoteAdapter.java:342)
	at org.apache.coyote.http11.Http11Processor.service(Http11Processor.java:803)
	at org.apache.coyote.AbstractProcessorLight.process(AbstractProcessorLight.java:66)
	at org.apache.coyote.AbstractProtocol$ConnectionHandler.process(AbstractProtocol.java:868)
	at org.apache.tomcat.util.net.NioEndpoint$SocketProcessor.doRun(NioEndpoint.java:1459)
	at org.apache.tomcat.util.net.SocketProcessorBase.run(SocketProcessorBase.java:49)
	at java.util.concurrent.ThreadPoolExecutor.runWorker(ThreadPoolExecutor.java:1149)
	at java.util.concurrent.ThreadPoolExecutor$Worker.run(ThreadPoolExecutor.java:624)
	at org.apache.tomcat.util.threads.TaskThread$WrappingRunnable.run(TaskThread.java:61)
	at java.lang.Thread.run(Thread.java:748)

28-May-2018 21:00:36.029 심각 [tomcat-http--3] org.apache.catalina.core.StandardWrapperValve.invoke Servlet.service() for servlet [jsp] in context with path [/P201432014] threw exception [javax.servlet.ServletException: java.sql.SQLException: Parameter index out of range (4 > number of parameters, which is 2).] with root cause
 java.sql.SQLException: Parameter index out of range (4 > number of parameters, which is 2).
	at com.mysql.jdbc.SQLError.createSQLException(SQLError.java:965)
	at com.mysql.jdbc.SQLError.createSQLException(SQLError.java:898)
	at com.mysql.jdbc.SQLError.createSQLException(SQLError.java:887)
	at com.mysql.jdbc.SQLError.createSQLException(SQLError.java:861)
	at com.mysql.jdbc.PreparedStatement.checkBounds(PreparedStatement.java:3327)
	at com.mysql.jdbc.PreparedStatement.setInternal(PreparedStatement.java:3312)
	at com.mysql.jdbc.PreparedStatement.setString(PreparedStatement.java:4027)
	at sun.reflect.NativeMethodAccessorImpl.invoke0(Native Method)
	at sun.reflect.NativeMethodAccessorImpl.invoke(NativeMethodAccessorImpl.java:62)
	at sun.reflect.DelegatingMethodAccessorImpl.invoke(DelegatingMethodAccessorImpl.java:43)
	at java.lang.reflect.Method.invoke(Method.java:498)
	at org.apache.tomcat.jdbc.pool.StatementFacade$StatementProxy.invoke(StatementFacade.java:114)
	at com.sun.proxy.$Proxy9.setString(Unknown Source)
	at p201432014.jdbc.ArticleDAO.count(ArticleDAO.java:44)
	at org.apache.jsp.article.list1_jsp._jspService(list1_jsp.java:137)
	at org.apache.jasper.runtime.HttpJspBase.service(HttpJspBase.java:70)
	at javax.servlet.http.HttpServlet.service(HttpServlet.java:742)
	at org.apache.jasper.servlet.JspServletWrapper.service(JspServletWrapper.java:443)
	at org.apache.jasper.servlet.JspServlet.serviceJspFile(JspServlet.java:385)
	at org.apache.jasper.servlet.JspServlet.service(JspServlet.java:329)
	at javax.servlet.http.HttpServlet.service(HttpServlet.java:742)
	at org.apache.catalina.core.ApplicationFilterChain.internalDoFilter(ApplicationFilterChain.java:231)
	at org.apache.catalina.core.ApplicationFilterChain.doFilter(ApplicationFilterChain.java:166)
	at org.apache.tomcat.websocket.server.WsFilter.doFilter(WsFilter.java:52)
	at org.apache.catalina.core.ApplicationFilterChain.internalDoFilter(ApplicationFilterChain.java:193)
	at org.apache.catalina.core.ApplicationFilterChain.doFilter(ApplicationFilterChain.java:166)
	at org.apache.catalina.core.StandardWrapperValve.invoke(StandardWrapperValve.java:198)
	at org.apache.catalina.core.StandardContextValve.invoke(StandardContextValve.java:96)
	at org.apache.catalina.authenticator.AuthenticatorBase.invoke(AuthenticatorBase.java:478)
	at org.apache.catalina.core.StandardHostValve.invoke(StandardHostValve.java:140)
	at org.apache.catalina.valves.ErrorReportValve.invoke(ErrorReportValve.java:81)
	at org.apache.catalina.valves.AbstractAccessLogValve.invoke(AbstractAccessLogValve.java:650)
	at org.apache.catalina.core.StandardEngineValve.invoke(StandardEngineValve.java:87)
	at org.apache.catalina.connector.CoyoteAdapter.service(CoyoteAdapter.java:342)
	at org.apache.coyote.http11.Http11Processor.service(Http11Processor.java:803)
	at org.apache.coyote.AbstractProcessorLight.process(AbstractProcessorLight.java:66)
	at org.apache.coyote.AbstractProtocol$ConnectionHandler.process(AbstractProtocol.java:868)
	at org.apache.tomcat.util.net.NioEndpoint$SocketProcessor.doRun(NioEndpoint.java:1459)
	at org.apache.tomcat.util.net.SocketProcessorBase.run(SocketProcessorBase.java:49)
	at java.util.concurrent.ThreadPoolExecutor.runWorker(ThreadPoolExecutor.java:1149)
	at java.util.concurrent.ThreadPoolExecutor$Worker.run(ThreadPoolExecutor.java:624)
	at org.apache.tomcat.util.threads.TaskThread$WrappingRunnable.run(TaskThread.java:61)
	at java.lang.Thread.run(Thread.java:748)

28-May-2018 21:01:42.536 심각 [tomcat-http--3] org.apache.catalina.core.StandardWrapperValve.invoke Servlet.service() for servlet [jsp] in context with path [/P201432014] threw exception [javax.servlet.ServletException: java.sql.SQLException: Parameter index out of range (4 > number of parameters, which is 2).] with root cause
 java.sql.SQLException: Parameter index out of range (4 > number of parameters, which is 2).
	at com.mysql.jdbc.SQLError.createSQLException(SQLError.java:965)
	at com.mysql.jdbc.SQLError.createSQLException(SQLError.java:898)
	at com.mysql.jdbc.SQLError.createSQLException(SQLError.java:887)
	at com.mysql.jdbc.SQLError.createSQLException(SQLError.java:861)
	at com.mysql.jdbc.PreparedStatement.checkBounds(PreparedStatement.java:3327)
	at com.mysql.jdbc.PreparedStatement.setInternal(PreparedStatement.java:3312)
	at com.mysql.jdbc.PreparedStatement.setString(PreparedStatement.java:4027)
	at sun.reflect.NativeMethodAccessorImpl.invoke0(Native Method)
	at sun.reflect.NativeMethodAccessorImpl.invoke(NativeMethodAccessorImpl.java:62)
	at sun.reflect.DelegatingMethodAccessorImpl.invoke(DelegatingMethodAccessorImpl.java:43)
	at java.lang.reflect.Method.invoke(Method.java:498)
	at org.apache.tomcat.jdbc.pool.StatementFacade$StatementProxy.invoke(StatementFacade.java:114)
	at com.sun.proxy.$Proxy9.setString(Unknown Source)
	at p201432014.jdbc.ArticleDAO.count(ArticleDAO.java:44)
	at org.apache.jsp.article.list1_jsp._jspService(list1_jsp.java:137)
	at org.apache.jasper.runtime.HttpJspBase.service(HttpJspBase.java:70)
	at javax.servlet.http.HttpServlet.service(HttpServlet.java:742)
	at org.apache.jasper.servlet.JspServletWrapper.service(JspServletWrapper.java:443)
	at org.apache.jasper.servlet.JspServlet.serviceJspFile(JspServlet.java:385)
	at org.apache.jasper.servlet.JspServlet.service(JspServlet.java:329)
	at javax.servlet.http.HttpServlet.service(HttpServlet.java:742)
	at org.apache.catalina.core.ApplicationFilterChain.internalDoFilter(ApplicationFilterChain.java:231)
	at org.apache.catalina.core.ApplicationFilterChain.doFilter(ApplicationFilterChain.java:166)
	at org.apache.tomcat.websocket.server.WsFilter.doFilter(WsFilter.java:52)
	at org.apache.catalina.core.ApplicationFilterChain.internalDoFilter(ApplicationFilterChain.java:193)
	at org.apache.catalina.core.ApplicationFilterChain.doFilter(ApplicationFilterChain.java:166)
	at org.apache.catalina.core.StandardWrapperValve.invoke(StandardWrapperValve.java:198)
	at org.apache.catalina.core.StandardContextValve.invoke(StandardContextValve.java:96)
	at org.apache.catalina.authenticator.AuthenticatorBase.invoke(AuthenticatorBase.java:478)
	at org.apache.catalina.core.StandardHostValve.invoke(StandardHostValve.java:140)
	at org.apache.catalina.valves.ErrorReportValve.invoke(ErrorReportValve.java:81)
	at org.apache.catalina.valves.AbstractAccessLogValve.invoke(AbstractAccessLogValve.java:650)
	at org.apache.catalina.core.StandardEngineValve.invoke(StandardEngineValve.java:87)
	at org.apache.catalina.connector.CoyoteAdapter.service(CoyoteAdapter.java:342)
	at org.apache.coyote.http11.Http11Processor.service(Http11Processor.java:803)
	at org.apache.coyote.AbstractProcessorLight.process(AbstractProcessorLight.java:66)
	at org.apache.coyote.AbstractProtocol$ConnectionHandler.process(AbstractProtocol.java:868)
	at org.apache.tomcat.util.net.NioEndpoint$SocketProcessor.doRun(NioEndpoint.java:1459)
	at org.apache.tomcat.util.net.SocketProcessorBase.run(SocketProcessorBase.java:49)
	at java.util.concurrent.ThreadPoolExecutor.runWorker(ThreadPoolExecutor.java:1149)
	at java.util.concurrent.ThreadPoolExecutor$Worker.run(ThreadPoolExecutor.java:624)
	at org.apache.tomcat.util.threads.TaskThread$WrappingRunnable.run(TaskThread.java:61)
	at java.lang.Thread.run(Thread.java:748)

28-May-2018 21:08:55.302 심각 [tomcat-http--2] org.apache.catalina.core.StandardWrapperValve.invoke Servlet.service() for servlet [jsp] in context with path [/P201432014] threw exception [javax.servlet.ServletException: java.sql.SQLException: Parameter index out of range (4 > number of parameters, which is 2).] with root cause
 java.sql.SQLException: Parameter index out of range (4 > number of parameters, which is 2).
	at com.mysql.jdbc.SQLError.createSQLException(SQLError.java:965)
	at com.mysql.jdbc.SQLError.createSQLException(SQLError.java:898)
	at com.mysql.jdbc.SQLError.createSQLException(SQLError.java:887)
	at com.mysql.jdbc.SQLError.createSQLException(SQLError.java:861)
	at com.mysql.jdbc.PreparedStatement.checkBounds(PreparedStatement.java:3327)
	at com.mysql.jdbc.PreparedStatement.setInternal(PreparedStatement.java:3312)
	at com.mysql.jdbc.PreparedStatement.setString(PreparedStatement.java:4027)
	at sun.reflect.NativeMethodAccessorImpl.invoke0(Native Method)
	at sun.reflect.NativeMethodAccessorImpl.invoke(NativeMethodAccessorImpl.java:62)
	at sun.reflect.DelegatingMethodAccessorImpl.invoke(DelegatingMethodAccessorImpl.java:43)
	at java.lang.reflect.Method.invoke(Method.java:498)
	at org.apache.tomcat.jdbc.pool.StatementFacade$StatementProxy.invoke(StatementFacade.java:114)
	at com.sun.proxy.$Proxy9.setString(Unknown Source)
	at p201432014.jdbc.ArticleDAO.count(ArticleDAO.java:44)
	at org.apache.jsp.article.list1_jsp._jspService(list1_jsp.java:137)
	at org.apache.jasper.runtime.HttpJspBase.service(HttpJspBase.java:70)
	at javax.servlet.http.HttpServlet.service(HttpServlet.java:742)
	at org.apache.jasper.servlet.JspServletWrapper.service(JspServletWrapper.java:443)
	at org.apache.jasper.servlet.JspServlet.serviceJspFile(JspServlet.java:385)
	at org.apache.jasper.servlet.JspServlet.service(JspServlet.java:329)
	at javax.servlet.http.HttpServlet.service(HttpServlet.java:742)
	at org.apache.catalina.core.ApplicationFilterChain.internalDoFilter(ApplicationFilterChain.java:231)
	at org.apache.catalina.core.ApplicationFilterChain.doFilter(ApplicationFilterChain.java:166)
	at org.apache.tomcat.websocket.server.WsFilter.doFilter(WsFilter.java:52)
	at org.apache.catalina.core.ApplicationFilterChain.internalDoFilter(ApplicationFilterChain.java:193)
	at org.apache.catalina.core.ApplicationFilterChain.doFilter(ApplicationFilterChain.java:166)
	at org.apache.catalina.core.StandardWrapperValve.invoke(StandardWrapperValve.java:198)
	at org.apache.catalina.core.StandardContextValve.invoke(StandardContextValve.java:96)
	at org.apache.catalina.authenticator.AuthenticatorBase.invoke(AuthenticatorBase.java:478)
	at org.apache.catalina.core.StandardHostValve.invoke(StandardHostValve.java:140)
	at org.apache.catalina.valves.ErrorReportValve.invoke(ErrorReportValve.java:81)
	at org.apache.catalina.valves.AbstractAccessLogValve.invoke(AbstractAccessLogValve.java:650)
	at org.apache.catalina.core.StandardEngineValve.invoke(StandardEngineValve.java:87)
	at org.apache.catalina.connector.CoyoteAdapter.service(CoyoteAdapter.java:342)
	at org.apache.coyote.http11.Http11Processor.service(Http11Processor.java:803)
	at org.apache.coyote.AbstractProcessorLight.process(AbstractProcessorLight.java:66)
	at org.apache.coyote.AbstractProtocol$ConnectionHandler.process(AbstractProtocol.java:868)
	at org.apache.tomcat.util.net.NioEndpoint$SocketProcessor.doRun(NioEndpoint.java:1459)
	at org.apache.tomcat.util.net.SocketProcessorBase.run(SocketProcessorBase.java:49)
	at java.util.concurrent.ThreadPoolExecutor.runWorker(ThreadPoolExecutor.java:1149)
	at java.util.concurrent.ThreadPoolExecutor$Worker.run(ThreadPoolExecutor.java:624)
	at org.apache.tomcat.util.threads.TaskThread$WrappingRunnable.run(TaskThread.java:61)
	at java.lang.Thread.run(Thread.java:748)

28-May-2018 21:09:04.923 심각 [tomcat-http--3] org.apache.catalina.core.StandardWrapperValve.invoke Servlet.service() for servlet [jsp] in context with path [/P201432014] threw exception [javax.servlet.ServletException: java.sql.SQLException: Parameter index out of range (4 > number of parameters, which is 2).] with root cause
 java.sql.SQLException: Parameter index out of range (4 > number of parameters, which is 2).
	at com.mysql.jdbc.SQLError.createSQLException(SQLError.java:965)
	at com.mysql.jdbc.SQLError.createSQLException(SQLError.java:898)
	at com.mysql.jdbc.SQLError.createSQLException(SQLError.java:887)
	at com.mysql.jdbc.SQLError.createSQLException(SQLError.java:861)
	at com.mysql.jdbc.PreparedStatement.checkBounds(PreparedStatement.java:3327)
	at com.mysql.jdbc.PreparedStatement.setInternal(PreparedStatement.java:3312)
	at com.mysql.jdbc.PreparedStatement.setString(PreparedStatement.java:4027)
	at sun.reflect.NativeMethodAccessorImpl.invoke0(Native Method)
	at sun.reflect.NativeMethodAccessorImpl.invoke(NativeMethodAccessorImpl.java:62)
	at sun.reflect.DelegatingMethodAccessorImpl.invoke(DelegatingMethodAccessorImpl.java:43)
	at java.lang.reflect.Method.invoke(Method.java:498)
	at org.apache.tomcat.jdbc.pool.StatementFacade$StatementProxy.invoke(StatementFacade.java:114)
	at com.sun.proxy.$Proxy9.setString(Unknown Source)
	at p201432014.jdbc.ArticleDAO.count(ArticleDAO.java:44)
	at org.apache.jsp.article.list1_jsp._jspService(list1_jsp.java:137)
	at org.apache.jasper.runtime.HttpJspBase.service(HttpJspBase.java:70)
	at javax.servlet.http.HttpServlet.service(HttpServlet.java:742)
	at org.apache.jasper.servlet.JspServletWrapper.service(JspServletWrapper.java:443)
	at org.apache.jasper.servlet.JspServlet.serviceJspFile(JspServlet.java:385)
	at org.apache.jasper.servlet.JspServlet.service(JspServlet.java:329)
	at javax.servlet.http.HttpServlet.service(HttpServlet.java:742)
	at org.apache.catalina.core.ApplicationFilterChain.internalDoFilter(ApplicationFilterChain.java:231)
	at org.apache.catalina.core.ApplicationFilterChain.doFilter(ApplicationFilterChain.java:166)
	at org.apache.tomcat.websocket.server.WsFilter.doFilter(WsFilter.java:52)
	at org.apache.catalina.core.ApplicationFilterChain.internalDoFilter(ApplicationFilterChain.java:193)
	at org.apache.catalina.core.ApplicationFilterChain.doFilter(ApplicationFilterChain.java:166)
	at org.apache.catalina.core.StandardWrapperValve.invoke(StandardWrapperValve.java:198)
	at org.apache.catalina.core.StandardContextValve.invoke(StandardContextValve.java:96)
	at org.apache.catalina.authenticator.AuthenticatorBase.invoke(AuthenticatorBase.java:478)
	at org.apache.catalina.core.StandardHostValve.invoke(StandardHostValve.java:140)
	at org.apache.catalina.valves.ErrorReportValve.invoke(ErrorReportValve.java:81)
	at org.apache.catalina.valves.AbstractAccessLogValve.invoke(AbstractAccessLogValve.java:650)
	at org.apache.catalina.core.StandardEngineValve.invoke(StandardEngineValve.java:87)
	at org.apache.catalina.connector.CoyoteAdapter.service(CoyoteAdapter.java:342)
	at org.apache.coyote.http11.Http11Processor.service(Http11Processor.java:803)
	at org.apache.coyote.AbstractProcessorLight.process(AbstractProcessorLight.java:66)
	at org.apache.coyote.AbstractProtocol$ConnectionHandler.process(AbstractProtocol.java:868)
	at org.apache.tomcat.util.net.NioEndpoint$SocketProcessor.doRun(NioEndpoint.java:1459)
	at org.apache.tomcat.util.net.SocketProcessorBase.run(SocketProcessorBase.java:49)
	at java.util.concurrent.ThreadPoolExecutor.runWorker(ThreadPoolExecutor.java:1149)
	at java.util.concurrent.ThreadPoolExecutor$Worker.run(ThreadPoolExecutor.java:624)
	at org.apache.tomcat.util.threads.TaskThread$WrappingRunnable.run(TaskThread.java:61)
	at java.lang.Thread.run(Thread.java:748)

