14-Mar-2018 09:02:00.370 정보 [main] com.springsource.tcserver.security.PropertyDecoder.<init> tc Runtime property decoder using memory-based key
14-Mar-2018 09:02:00.376 정보 [main] com.springsource.tcserver.security.TcDecoder.initCiphers Initializing ciphers
14-Mar-2018 09:02:00.750 정보 [main] com.springsource.tcserver.security.PropertyDecoder.<init> tcServer Runtime property decoder has been initialized in 383 ms
14-Mar-2018 09:02:01.195 정보 [main] org.apache.coyote.AbstractProtocol.init Initializing ProtocolHandler ["http-nio-8080"]
14-Mar-2018 09:02:01.226 정보 [main] org.apache.tomcat.util.net.NioSelectorPool.getSharedSelector Using a shared selector for servlet write/read
14-Mar-2018 09:02:01.416 정보 [main] com.springsource.tcserver.serviceability.rmi.JmxSocketListener.init Started up JMX registry on 127.0.0.1:6969 in 182 ms
14-Mar-2018 09:02:01.445 정보 [main] org.apache.catalina.core.StandardService.startInternal Starting service [Catalina]
14-Mar-2018 09:02:01.445 정보 [main] org.apache.catalina.core.StandardEngine.startInternal Starting Servlet Engine: Pivotal tc Runtime 3.2.8.RELEASE/8.5.23.A.RELEASE
14-Mar-2018 09:02:01.456 정보 [localhost-startStop-1] org.apache.catalina.startup.HostConfig.deployDescriptor Deploying configuration descriptor [/Users/snowmo/Git/High_Level_Web_Programing/pivotal-tc-server-developer-3.2.8.RELEASE/baseInstance/conf/Catalina/localhost/lecture1.xml]
14-Mar-2018 09:02:01.497 경고 [localhost-startStop-1] org.apache.catalina.startup.SetContextPropertiesRule.begin [SetContextPropertiesRule]{Context} Setting property 'source' to 'org.eclipse.jst.jee.server:lecture1' did not find a matching property.
14-Mar-2018 09:02:04.088 정보 [localhost-startStop-1] org.apache.jasper.servlet.TldScanner.scanJars At least one JAR was scanned for TLDs yet contained no TLDs. Enable debug logging for this logger for a complete list of JARs that were scanned but no TLDs were found in them. Skipping unneeded JARs during scanning can improve startup time and JSP compilation time.
14-Mar-2018 09:02:04.116 정보 [localhost-startStop-1] org.apache.catalina.startup.HostConfig.deployDescriptor Deployment of configuration descriptor [/Users/snowmo/Git/High_Level_Web_Programing/pivotal-tc-server-developer-3.2.8.RELEASE/baseInstance/conf/Catalina/localhost/lecture1.xml] has finished in [2,660] ms
14-Mar-2018 09:02:04.117 정보 [localhost-startStop-1] org.apache.catalina.startup.HostConfig.deployDirectory Deploying web application directory [/Users/snowmo/Git/High_Level_Web_Programing/pivotal-tc-server-developer-3.2.8.RELEASE/baseInstance/webapps/manager]
14-Mar-2018 09:02:05.727 정보 [localhost-startStop-1] org.apache.jasper.servlet.TldScanner.scanJars At least one JAR was scanned for TLDs yet contained no TLDs. Enable debug logging for this logger for a complete list of JARs that were scanned but no TLDs were found in them. Skipping unneeded JARs during scanning can improve startup time and JSP compilation time.
14-Mar-2018 09:02:05.734 정보 [localhost-startStop-1] org.apache.catalina.startup.HostConfig.deployDirectory Deployment of web application directory [/Users/snowmo/Git/High_Level_Web_Programing/pivotal-tc-server-developer-3.2.8.RELEASE/baseInstance/webapps/manager] has finished in [1,617] ms
14-Mar-2018 09:02:05.734 정보 [localhost-startStop-1] org.apache.catalina.startup.HostConfig.deployDirectory Deploying web application directory [/Users/snowmo/Git/High_Level_Web_Programing/pivotal-tc-server-developer-3.2.8.RELEASE/baseInstance/webapps/ROOT]
14-Mar-2018 09:02:07.209 정보 [localhost-startStop-1] org.apache.jasper.servlet.TldScanner.scanJars At least one JAR was scanned for TLDs yet contained no TLDs. Enable debug logging for this logger for a complete list of JARs that were scanned but no TLDs were found in them. Skipping unneeded JARs during scanning can improve startup time and JSP compilation time.
14-Mar-2018 09:02:07.211 정보 [localhost-startStop-1] org.apache.catalina.startup.HostConfig.deployDirectory Deployment of web application directory [/Users/snowmo/Git/High_Level_Web_Programing/pivotal-tc-server-developer-3.2.8.RELEASE/baseInstance/webapps/ROOT] has finished in [1,477] ms
14-Mar-2018 09:02:07.222 정보 [main] org.apache.coyote.AbstractProtocol.start Starting ProtocolHandler ["http-nio-8080"]
14-Mar-2018 09:13:37.387 정보 [RMI TCP Connection(5)-127.0.0.1] org.apache.coyote.AbstractProtocol.pause Pausing ProtocolHandler ["http-nio-8080"]
14-Mar-2018 09:13:37.442 정보 [RMI TCP Connection(5)-127.0.0.1] org.apache.catalina.core.StandardService.stopInternal Stopping service [Catalina]
14-Mar-2018 09:13:37.463 정보 [RMI TCP Connection(5)-127.0.0.1] org.apache.coyote.AbstractProtocol.stop Stopping ProtocolHandler ["http-nio-8080"]
14-Mar-2018 09:13:37.475 정보 [Thread-4] org.apache.catalina.util.LifecycleBase.stop The stop() method was called on component [StandardService[Catalina]] after stop() had already been called. The second call will be ignored.
14-Mar-2018 09:13:37.475 정보 [Thread-4] org.apache.coyote.AbstractProtocol.destroy Destroying ProtocolHandler ["http-nio-8080"]
14-Mar-2018 09:13:38.455 정보 [main] com.springsource.tcserver.security.PropertyDecoder.<init> tc Runtime property decoder using memory-based key
14-Mar-2018 09:13:38.458 정보 [main] com.springsource.tcserver.security.TcDecoder.initCiphers Initializing ciphers
14-Mar-2018 09:13:38.748 정보 [main] com.springsource.tcserver.security.PropertyDecoder.<init> tcServer Runtime property decoder has been initialized in 295 ms
14-Mar-2018 09:13:39.134 정보 [main] org.apache.coyote.AbstractProtocol.init Initializing ProtocolHandler ["http-nio-8080"]
14-Mar-2018 09:13:39.162 정보 [main] org.apache.tomcat.util.net.NioSelectorPool.getSharedSelector Using a shared selector for servlet write/read
14-Mar-2018 09:13:39.320 정보 [main] com.springsource.tcserver.serviceability.rmi.JmxSocketListener.init Started up JMX registry on 127.0.0.1:6969 in 152 ms
14-Mar-2018 09:13:39.338 정보 [main] org.apache.catalina.core.StandardService.startInternal Starting service [Catalina]
14-Mar-2018 09:13:39.338 정보 [main] org.apache.catalina.core.StandardEngine.startInternal Starting Servlet Engine: Pivotal tc Runtime 3.2.8.RELEASE/8.5.23.A.RELEASE
14-Mar-2018 09:13:39.346 정보 [localhost-startStop-1] org.apache.catalina.startup.HostConfig.deployDescriptor Deploying configuration descriptor [/Users/snowmo/Git/High_Level_Web_Programing/pivotal-tc-server-developer-3.2.8.RELEASE/baseInstance/conf/Catalina/localhost/lecture1.xml]
14-Mar-2018 09:13:39.378 경고 [localhost-startStop-1] org.apache.catalina.startup.SetContextPropertiesRule.begin [SetContextPropertiesRule]{Context} Setting property 'source' to 'org.eclipse.jst.jee.server:lecture1' did not find a matching property.
14-Mar-2018 09:13:41.425 정보 [localhost-startStop-1] org.apache.jasper.servlet.TldScanner.scanJars At least one JAR was scanned for TLDs yet contained no TLDs. Enable debug logging for this logger for a complete list of JARs that were scanned but no TLDs were found in them. Skipping unneeded JARs during scanning can improve startup time and JSP compilation time.
14-Mar-2018 09:13:41.456 정보 [localhost-startStop-1] org.apache.catalina.startup.HostConfig.deployDescriptor Deployment of configuration descriptor [/Users/snowmo/Git/High_Level_Web_Programing/pivotal-tc-server-developer-3.2.8.RELEASE/baseInstance/conf/Catalina/localhost/lecture1.xml] has finished in [2,109] ms
14-Mar-2018 09:13:41.456 정보 [localhost-startStop-1] org.apache.catalina.startup.HostConfig.deployDirectory Deploying web application directory [/Users/snowmo/Git/High_Level_Web_Programing/pivotal-tc-server-developer-3.2.8.RELEASE/baseInstance/webapps/manager]
14-Mar-2018 09:13:43.148 정보 [localhost-startStop-1] org.apache.jasper.servlet.TldScanner.scanJars At least one JAR was scanned for TLDs yet contained no TLDs. Enable debug logging for this logger for a complete list of JARs that were scanned but no TLDs were found in them. Skipping unneeded JARs during scanning can improve startup time and JSP compilation time.
14-Mar-2018 09:13:43.157 정보 [localhost-startStop-1] org.apache.catalina.startup.HostConfig.deployDirectory Deployment of web application directory [/Users/snowmo/Git/High_Level_Web_Programing/pivotal-tc-server-developer-3.2.8.RELEASE/baseInstance/webapps/manager] has finished in [1,701] ms
14-Mar-2018 09:13:43.157 정보 [localhost-startStop-1] org.apache.catalina.startup.HostConfig.deployDirectory Deploying web application directory [/Users/snowmo/Git/High_Level_Web_Programing/pivotal-tc-server-developer-3.2.8.RELEASE/baseInstance/webapps/ROOT]
14-Mar-2018 09:13:44.736 정보 [localhost-startStop-1] org.apache.jasper.servlet.TldScanner.scanJars At least one JAR was scanned for TLDs yet contained no TLDs. Enable debug logging for this logger for a complete list of JARs that were scanned but no TLDs were found in them. Skipping unneeded JARs during scanning can improve startup time and JSP compilation time.
14-Mar-2018 09:13:44.738 정보 [localhost-startStop-1] org.apache.catalina.startup.HostConfig.deployDirectory Deployment of web application directory [/Users/snowmo/Git/High_Level_Web_Programing/pivotal-tc-server-developer-3.2.8.RELEASE/baseInstance/webapps/ROOT] has finished in [1,581] ms
14-Mar-2018 09:13:44.755 정보 [main] org.apache.coyote.AbstractProtocol.start Starting ProtocolHandler ["http-nio-8080"]
14-Mar-2018 09:21:08.918 정보 [RMI TCP Connection(6)-127.0.0.1] org.apache.coyote.AbstractProtocol.pause Pausing ProtocolHandler ["http-nio-8080"]
14-Mar-2018 09:21:08.970 정보 [RMI TCP Connection(6)-127.0.0.1] org.apache.catalina.core.StandardService.stopInternal Stopping service [Catalina]
14-Mar-2018 09:21:09.005 정보 [RMI TCP Connection(6)-127.0.0.1] org.apache.coyote.AbstractProtocol.stop Stopping ProtocolHandler ["http-nio-8080"]
14-Mar-2018 09:21:09.757 정보 [main] com.springsource.tcserver.security.PropertyDecoder.<init> tc Runtime property decoder using memory-based key
14-Mar-2018 09:21:09.760 정보 [main] com.springsource.tcserver.security.TcDecoder.initCiphers Initializing ciphers
14-Mar-2018 09:21:09.992 정보 [main] com.springsource.tcserver.security.PropertyDecoder.<init> tcServer Runtime property decoder has been initialized in 236 ms
14-Mar-2018 09:21:10.317 정보 [main] org.apache.coyote.AbstractProtocol.init Initializing ProtocolHandler ["http-nio-8080"]
14-Mar-2018 09:21:10.343 정보 [main] org.apache.tomcat.util.net.NioSelectorPool.getSharedSelector Using a shared selector for servlet write/read
14-Mar-2018 09:21:10.484 정보 [main] com.springsource.tcserver.serviceability.rmi.JmxSocketListener.init Started up JMX registry on 127.0.0.1:6969 in 134 ms
14-Mar-2018 09:21:10.498 정보 [main] org.apache.catalina.core.StandardService.startInternal Starting service [Catalina]
14-Mar-2018 09:21:10.498 정보 [main] org.apache.catalina.core.StandardEngine.startInternal Starting Servlet Engine: Pivotal tc Runtime 3.2.8.RELEASE/8.5.23.A.RELEASE
14-Mar-2018 09:21:10.505 정보 [localhost-startStop-1] org.apache.catalina.startup.HostConfig.deployDescriptor Deploying configuration descriptor [/Users/snowmo/Git/High_Level_Web_Programing/pivotal-tc-server-developer-3.2.8.RELEASE/baseInstance/conf/Catalina/localhost/lecture1.xml]
14-Mar-2018 09:21:10.530 경고 [localhost-startStop-1] org.apache.catalina.startup.SetContextPropertiesRule.begin [SetContextPropertiesRule]{Context} Setting property 'source' to 'org.eclipse.jst.jee.server:lecture1' did not find a matching property.
14-Mar-2018 09:21:12.531 정보 [localhost-startStop-1] org.apache.jasper.servlet.TldScanner.scanJars At least one JAR was scanned for TLDs yet contained no TLDs. Enable debug logging for this logger for a complete list of JARs that were scanned but no TLDs were found in them. Skipping unneeded JARs during scanning can improve startup time and JSP compilation time.
14-Mar-2018 09:21:12.559 정보 [localhost-startStop-1] org.apache.catalina.startup.HostConfig.deployDescriptor Deployment of configuration descriptor [/Users/snowmo/Git/High_Level_Web_Programing/pivotal-tc-server-developer-3.2.8.RELEASE/baseInstance/conf/Catalina/localhost/lecture1.xml] has finished in [2,054] ms
14-Mar-2018 09:21:12.560 정보 [localhost-startStop-1] org.apache.catalina.startup.HostConfig.deployDirectory Deploying web application directory [/Users/snowmo/Git/High_Level_Web_Programing/pivotal-tc-server-developer-3.2.8.RELEASE/baseInstance/webapps/manager]
14-Mar-2018 09:21:14.194 정보 [localhost-startStop-1] org.apache.jasper.servlet.TldScanner.scanJars At least one JAR was scanned for TLDs yet contained no TLDs. Enable debug logging for this logger for a complete list of JARs that were scanned but no TLDs were found in them. Skipping unneeded JARs during scanning can improve startup time and JSP compilation time.
14-Mar-2018 09:21:14.200 정보 [localhost-startStop-1] org.apache.catalina.startup.HostConfig.deployDirectory Deployment of web application directory [/Users/snowmo/Git/High_Level_Web_Programing/pivotal-tc-server-developer-3.2.8.RELEASE/baseInstance/webapps/manager] has finished in [1,639] ms
14-Mar-2018 09:21:14.200 정보 [localhost-startStop-1] org.apache.catalina.startup.HostConfig.deployDirectory Deploying web application directory [/Users/snowmo/Git/High_Level_Web_Programing/pivotal-tc-server-developer-3.2.8.RELEASE/baseInstance/webapps/ROOT]
14-Mar-2018 09:21:15.734 정보 [localhost-startStop-1] org.apache.jasper.servlet.TldScanner.scanJars At least one JAR was scanned for TLDs yet contained no TLDs. Enable debug logging for this logger for a complete list of JARs that were scanned but no TLDs were found in them. Skipping unneeded JARs during scanning can improve startup time and JSP compilation time.
14-Mar-2018 09:21:15.736 정보 [localhost-startStop-1] org.apache.catalina.startup.HostConfig.deployDirectory Deployment of web application directory [/Users/snowmo/Git/High_Level_Web_Programing/pivotal-tc-server-developer-3.2.8.RELEASE/baseInstance/webapps/ROOT] has finished in [1,536] ms
14-Mar-2018 09:21:15.746 정보 [main] org.apache.coyote.AbstractProtocol.start Starting ProtocolHandler ["http-nio-8080"]
14-Mar-2018 09:36:31.754 정보 [RMI TCP Connection(7)-127.0.0.1] org.apache.coyote.AbstractProtocol.pause Pausing ProtocolHandler ["http-nio-8080"]
14-Mar-2018 09:36:31.806 정보 [RMI TCP Connection(7)-127.0.0.1] org.apache.catalina.core.StandardService.stopInternal Stopping service [Catalina]
14-Mar-2018 09:36:31.829 정보 [RMI TCP Connection(7)-127.0.0.1] org.apache.coyote.AbstractProtocol.stop Stopping ProtocolHandler ["http-nio-8080"]
14-Mar-2018 09:36:31.843 정보 [Thread-4] org.apache.catalina.util.LifecycleBase.stop The stop() method was called on component [StandardService[Catalina]] after stop() had already been called. The second call will be ignored.
14-Mar-2018 09:36:31.843 정보 [Thread-4] org.apache.coyote.AbstractProtocol.destroy Destroying ProtocolHandler ["http-nio-8080"]
14-Mar-2018 09:36:32.642 정보 [main] com.springsource.tcserver.security.PropertyDecoder.<init> tc Runtime property decoder using memory-based key
14-Mar-2018 09:36:32.645 정보 [main] com.springsource.tcserver.security.TcDecoder.initCiphers Initializing ciphers
14-Mar-2018 09:36:32.910 정보 [main] com.springsource.tcserver.security.PropertyDecoder.<init> tcServer Runtime property decoder has been initialized in 270 ms
14-Mar-2018 09:36:33.286 정보 [main] org.apache.coyote.AbstractProtocol.init Initializing ProtocolHandler ["http-nio-8080"]
14-Mar-2018 09:36:33.313 정보 [main] org.apache.tomcat.util.net.NioSelectorPool.getSharedSelector Using a shared selector for servlet write/read
14-Mar-2018 09:36:33.475 정보 [main] com.springsource.tcserver.serviceability.rmi.JmxSocketListener.init Started up JMX registry on 127.0.0.1:6969 in 154 ms
14-Mar-2018 09:36:33.491 정보 [main] org.apache.catalina.core.StandardService.startInternal Starting service [Catalina]
14-Mar-2018 09:36:33.491 정보 [main] org.apache.catalina.core.StandardEngine.startInternal Starting Servlet Engine: Pivotal tc Runtime 3.2.8.RELEASE/8.5.23.A.RELEASE
14-Mar-2018 09:36:33.500 정보 [localhost-startStop-1] org.apache.catalina.startup.HostConfig.deployDescriptor Deploying configuration descriptor [/Users/snowmo/Git/High_Level_Web_Programing/pivotal-tc-server-developer-3.2.8.RELEASE/baseInstance/conf/Catalina/localhost/lecture1.xml]
14-Mar-2018 09:36:33.530 경고 [localhost-startStop-1] org.apache.catalina.startup.SetContextPropertiesRule.begin [SetContextPropertiesRule]{Context} Setting property 'source' to 'org.eclipse.jst.jee.server:lecture1' did not find a matching property.
14-Mar-2018 09:36:35.693 정보 [localhost-startStop-1] org.apache.jasper.servlet.TldScanner.scanJars At least one JAR was scanned for TLDs yet contained no TLDs. Enable debug logging for this logger for a complete list of JARs that were scanned but no TLDs were found in them. Skipping unneeded JARs during scanning can improve startup time and JSP compilation time.
14-Mar-2018 09:36:35.725 정보 [localhost-startStop-1] org.apache.catalina.startup.HostConfig.deployDescriptor Deployment of configuration descriptor [/Users/snowmo/Git/High_Level_Web_Programing/pivotal-tc-server-developer-3.2.8.RELEASE/baseInstance/conf/Catalina/localhost/lecture1.xml] has finished in [2,225] ms
14-Mar-2018 09:36:35.726 정보 [localhost-startStop-1] org.apache.catalina.startup.HostConfig.deployDirectory Deploying web application directory [/Users/snowmo/Git/High_Level_Web_Programing/pivotal-tc-server-developer-3.2.8.RELEASE/baseInstance/webapps/manager]
14-Mar-2018 09:36:37.481 정보 [localhost-startStop-1] org.apache.jasper.servlet.TldScanner.scanJars At least one JAR was scanned for TLDs yet contained no TLDs. Enable debug logging for this logger for a complete list of JARs that were scanned but no TLDs were found in them. Skipping unneeded JARs during scanning can improve startup time and JSP compilation time.
14-Mar-2018 09:36:37.490 정보 [localhost-startStop-1] org.apache.catalina.startup.HostConfig.deployDirectory Deployment of web application directory [/Users/snowmo/Git/High_Level_Web_Programing/pivotal-tc-server-developer-3.2.8.RELEASE/baseInstance/webapps/manager] has finished in [1,764] ms
14-Mar-2018 09:36:37.490 정보 [localhost-startStop-1] org.apache.catalina.startup.HostConfig.deployDirectory Deploying web application directory [/Users/snowmo/Git/High_Level_Web_Programing/pivotal-tc-server-developer-3.2.8.RELEASE/baseInstance/webapps/ROOT]
14-Mar-2018 09:36:39.070 정보 [localhost-startStop-1] org.apache.jasper.servlet.TldScanner.scanJars At least one JAR was scanned for TLDs yet contained no TLDs. Enable debug logging for this logger for a complete list of JARs that were scanned but no TLDs were found in them. Skipping unneeded JARs during scanning can improve startup time and JSP compilation time.
14-Mar-2018 09:36:39.074 정보 [localhost-startStop-1] org.apache.catalina.startup.HostConfig.deployDirectory Deployment of web application directory [/Users/snowmo/Git/High_Level_Web_Programing/pivotal-tc-server-developer-3.2.8.RELEASE/baseInstance/webapps/ROOT] has finished in [1,584] ms
14-Mar-2018 09:36:39.089 정보 [main] org.apache.coyote.AbstractProtocol.start Starting ProtocolHandler ["http-nio-8080"]
14-Mar-2018 09:58:41.065 정보 [main] com.springsource.tcserver.security.PropertyDecoder.<init> tc Runtime property decoder using memory-based key
14-Mar-2018 09:58:41.068 정보 [main] com.springsource.tcserver.security.TcDecoder.initCiphers Initializing ciphers
14-Mar-2018 09:58:41.344 정보 [main] com.springsource.tcserver.security.PropertyDecoder.<init> tcServer Runtime property decoder has been initialized in 283 ms
14-Mar-2018 09:58:41.717 정보 [main] org.apache.coyote.AbstractProtocol.init Initializing ProtocolHandler ["http-nio-8080"]
14-Mar-2018 09:58:41.743 정보 [main] org.apache.tomcat.util.net.NioSelectorPool.getSharedSelector Using a shared selector for servlet write/read
14-Mar-2018 09:58:41.907 정보 [main] com.springsource.tcserver.serviceability.rmi.JmxSocketListener.init Started up JMX registry on 127.0.0.1:6969 in 155 ms
14-Mar-2018 09:58:41.923 정보 [main] org.apache.catalina.core.StandardService.startInternal Starting service [Catalina]
14-Mar-2018 09:58:41.923 정보 [main] org.apache.catalina.core.StandardEngine.startInternal Starting Servlet Engine: Pivotal tc Runtime 3.2.8.RELEASE/8.5.23.A.RELEASE
14-Mar-2018 09:58:41.932 정보 [localhost-startStop-1] org.apache.catalina.startup.HostConfig.deployDescriptor Deploying configuration descriptor [/Users/snowmo/Git/High_Level_Web_Programing/pivotal-tc-server-developer-3.2.8.RELEASE/baseInstance/conf/Catalina/localhost/lecture1.xml]
14-Mar-2018 09:58:41.963 경고 [localhost-startStop-1] org.apache.catalina.startup.SetContextPropertiesRule.begin [SetContextPropertiesRule]{Context} Setting property 'source' to 'org.eclipse.jst.jee.server:lecture1' did not find a matching property.
14-Mar-2018 09:58:43.981 정보 [localhost-startStop-1] org.apache.jasper.servlet.TldScanner.scanJars At least one JAR was scanned for TLDs yet contained no TLDs. Enable debug logging for this logger for a complete list of JARs that were scanned but no TLDs were found in them. Skipping unneeded JARs during scanning can improve startup time and JSP compilation time.
14-Mar-2018 09:58:44.007 정보 [localhost-startStop-1] org.apache.catalina.startup.HostConfig.deployDescriptor Deployment of configuration descriptor [/Users/snowmo/Git/High_Level_Web_Programing/pivotal-tc-server-developer-3.2.8.RELEASE/baseInstance/conf/Catalina/localhost/lecture1.xml] has finished in [2,075] ms
14-Mar-2018 09:58:44.008 정보 [localhost-startStop-1] org.apache.catalina.startup.HostConfig.deployDirectory Deploying web application directory [/Users/snowmo/Git/High_Level_Web_Programing/pivotal-tc-server-developer-3.2.8.RELEASE/baseInstance/webapps/manager]
14-Mar-2018 09:58:45.708 정보 [localhost-startStop-1] org.apache.jasper.servlet.TldScanner.scanJars At least one JAR was scanned for TLDs yet contained no TLDs. Enable debug logging for this logger for a complete list of JARs that were scanned but no TLDs were found in them. Skipping unneeded JARs during scanning can improve startup time and JSP compilation time.
14-Mar-2018 09:58:45.717 정보 [localhost-startStop-1] org.apache.catalina.startup.HostConfig.deployDirectory Deployment of web application directory [/Users/snowmo/Git/High_Level_Web_Programing/pivotal-tc-server-developer-3.2.8.RELEASE/baseInstance/webapps/manager] has finished in [1,709] ms
14-Mar-2018 09:58:45.717 정보 [localhost-startStop-1] org.apache.catalina.startup.HostConfig.deployDirectory Deploying web application directory [/Users/snowmo/Git/High_Level_Web_Programing/pivotal-tc-server-developer-3.2.8.RELEASE/baseInstance/webapps/ROOT]
14-Mar-2018 09:58:47.246 정보 [localhost-startStop-1] org.apache.jasper.servlet.TldScanner.scanJars At least one JAR was scanned for TLDs yet contained no TLDs. Enable debug logging for this logger for a complete list of JARs that were scanned but no TLDs were found in them. Skipping unneeded JARs during scanning can improve startup time and JSP compilation time.
14-Mar-2018 09:58:47.248 정보 [localhost-startStop-1] org.apache.catalina.startup.HostConfig.deployDirectory Deployment of web application directory [/Users/snowmo/Git/High_Level_Web_Programing/pivotal-tc-server-developer-3.2.8.RELEASE/baseInstance/webapps/ROOT] has finished in [1,531] ms
14-Mar-2018 09:58:47.264 정보 [main] org.apache.coyote.AbstractProtocol.start Starting ProtocolHandler ["http-nio-8080"]
14-Mar-2018 10:08:35.650 정보 [RMI TCP Connection(4)-127.0.0.1] org.apache.coyote.AbstractProtocol.pause Pausing ProtocolHandler ["http-nio-8080"]
14-Mar-2018 10:08:35.704 정보 [RMI TCP Connection(4)-127.0.0.1] org.apache.catalina.core.StandardService.stopInternal Stopping service [Catalina]
14-Mar-2018 10:08:35.731 정보 [RMI TCP Connection(4)-127.0.0.1] org.apache.coyote.AbstractProtocol.stop Stopping ProtocolHandler ["http-nio-8080"]
14-Mar-2018 10:08:36.489 정보 [main] com.springsource.tcserver.security.PropertyDecoder.<init> tc Runtime property decoder using memory-based key
14-Mar-2018 10:08:36.491 정보 [main] com.springsource.tcserver.security.TcDecoder.initCiphers Initializing ciphers
14-Mar-2018 10:08:36.731 정보 [main] com.springsource.tcserver.security.PropertyDecoder.<init> tcServer Runtime property decoder has been initialized in 245 ms
14-Mar-2018 10:08:37.062 정보 [main] org.apache.coyote.AbstractProtocol.init Initializing ProtocolHandler ["http-nio-8080"]
14-Mar-2018 10:08:37.088 정보 [main] org.apache.tomcat.util.net.NioSelectorPool.getSharedSelector Using a shared selector for servlet write/read
14-Mar-2018 10:08:37.236 정보 [main] com.springsource.tcserver.serviceability.rmi.JmxSocketListener.init Started up JMX registry on 127.0.0.1:6969 in 142 ms
14-Mar-2018 10:08:37.249 정보 [main] org.apache.catalina.core.StandardService.startInternal Starting service [Catalina]
14-Mar-2018 10:08:37.249 정보 [main] org.apache.catalina.core.StandardEngine.startInternal Starting Servlet Engine: Pivotal tc Runtime 3.2.8.RELEASE/8.5.23.A.RELEASE
14-Mar-2018 10:08:37.256 정보 [localhost-startStop-1] org.apache.catalina.startup.HostConfig.deployDescriptor Deploying configuration descriptor [/Users/snowmo/Git/High_Level_Web_Programing/pivotal-tc-server-developer-3.2.8.RELEASE/baseInstance/conf/Catalina/localhost/lecture1.xml]
14-Mar-2018 10:08:37.281 경고 [localhost-startStop-1] org.apache.catalina.startup.SetContextPropertiesRule.begin [SetContextPropertiesRule]{Context} Setting property 'source' to 'org.eclipse.jst.jee.server:lecture1' did not find a matching property.
14-Mar-2018 10:08:39.298 정보 [localhost-startStop-1] org.apache.jasper.servlet.TldScanner.scanJars At least one JAR was scanned for TLDs yet contained no TLDs. Enable debug logging for this logger for a complete list of JARs that were scanned but no TLDs were found in them. Skipping unneeded JARs during scanning can improve startup time and JSP compilation time.
14-Mar-2018 10:08:39.326 정보 [localhost-startStop-1] org.apache.catalina.startup.HostConfig.deployDescriptor Deployment of configuration descriptor [/Users/snowmo/Git/High_Level_Web_Programing/pivotal-tc-server-developer-3.2.8.RELEASE/baseInstance/conf/Catalina/localhost/lecture1.xml] has finished in [2,070] ms
14-Mar-2018 10:08:39.327 정보 [localhost-startStop-1] org.apache.catalina.startup.HostConfig.deployDirectory Deploying web application directory [/Users/snowmo/Git/High_Level_Web_Programing/pivotal-tc-server-developer-3.2.8.RELEASE/baseInstance/webapps/manager]
14-Mar-2018 10:08:41.010 정보 [localhost-startStop-1] org.apache.jasper.servlet.TldScanner.scanJars At least one JAR was scanned for TLDs yet contained no TLDs. Enable debug logging for this logger for a complete list of JARs that were scanned but no TLDs were found in them. Skipping unneeded JARs during scanning can improve startup time and JSP compilation time.
14-Mar-2018 10:08:41.016 정보 [localhost-startStop-1] org.apache.catalina.startup.HostConfig.deployDirectory Deployment of web application directory [/Users/snowmo/Git/High_Level_Web_Programing/pivotal-tc-server-developer-3.2.8.RELEASE/baseInstance/webapps/manager] has finished in [1,688] ms
14-Mar-2018 10:08:41.016 정보 [localhost-startStop-1] org.apache.catalina.startup.HostConfig.deployDirectory Deploying web application directory [/Users/snowmo/Git/High_Level_Web_Programing/pivotal-tc-server-developer-3.2.8.RELEASE/baseInstance/webapps/ROOT]
14-Mar-2018 10:08:42.541 정보 [localhost-startStop-1] org.apache.jasper.servlet.TldScanner.scanJars At least one JAR was scanned for TLDs yet contained no TLDs. Enable debug logging for this logger for a complete list of JARs that were scanned but no TLDs were found in them. Skipping unneeded JARs during scanning can improve startup time and JSP compilation time.
14-Mar-2018 10:08:42.543 정보 [localhost-startStop-1] org.apache.catalina.startup.HostConfig.deployDirectory Deployment of web application directory [/Users/snowmo/Git/High_Level_Web_Programing/pivotal-tc-server-developer-3.2.8.RELEASE/baseInstance/webapps/ROOT] has finished in [1,527] ms
14-Mar-2018 10:08:42.552 정보 [main] org.apache.coyote.AbstractProtocol.start Starting ProtocolHandler ["http-nio-8080"]
14-Mar-2018 10:08:48.774 정보 [RMI TCP Connection(3)-127.0.0.1] org.apache.coyote.AbstractProtocol.pause Pausing ProtocolHandler ["http-nio-8080"]
14-Mar-2018 10:08:48.829 정보 [RMI TCP Connection(3)-127.0.0.1] org.apache.catalina.core.StandardService.stopInternal Stopping service [Catalina]
14-Mar-2018 10:08:48.847 정보 [RMI TCP Connection(3)-127.0.0.1] org.apache.coyote.AbstractProtocol.stop Stopping ProtocolHandler ["http-nio-8080"]
14-Mar-2018 10:08:48.857 정보 [Thread-4] org.apache.catalina.util.LifecycleBase.stop The stop() method was called on component [StandardService[Catalina]] after stop() had already been called. The second call will be ignored.
14-Mar-2018 10:08:48.857 정보 [Thread-4] org.apache.coyote.AbstractProtocol.destroy Destroying ProtocolHandler ["http-nio-8080"]
14-Mar-2018 10:08:49.675 정보 [main] com.springsource.tcserver.security.PropertyDecoder.<init> tc Runtime property decoder using memory-based key
14-Mar-2018 10:08:49.678 정보 [main] com.springsource.tcserver.security.TcDecoder.initCiphers Initializing ciphers
14-Mar-2018 10:08:49.939 정보 [main] com.springsource.tcserver.security.PropertyDecoder.<init> tcServer Runtime property decoder has been initialized in 268 ms
14-Mar-2018 10:08:50.306 정보 [main] org.apache.coyote.AbstractProtocol.init Initializing ProtocolHandler ["http-nio-8080"]
14-Mar-2018 10:08:50.332 정보 [main] org.apache.tomcat.util.net.NioSelectorPool.getSharedSelector Using a shared selector for servlet write/read
14-Mar-2018 10:08:50.491 정보 [main] com.springsource.tcserver.serviceability.rmi.JmxSocketListener.init Started up JMX registry on 127.0.0.1:6969 in 152 ms
14-Mar-2018 10:08:50.506 정보 [main] org.apache.catalina.core.StandardService.startInternal Starting service [Catalina]
14-Mar-2018 10:08:50.507 정보 [main] org.apache.catalina.core.StandardEngine.startInternal Starting Servlet Engine: Pivotal tc Runtime 3.2.8.RELEASE/8.5.23.A.RELEASE
14-Mar-2018 10:08:50.515 정보 [localhost-startStop-1] org.apache.catalina.startup.HostConfig.deployDescriptor Deploying configuration descriptor [/Users/snowmo/Git/High_Level_Web_Programing/pivotal-tc-server-developer-3.2.8.RELEASE/baseInstance/conf/Catalina/localhost/lecture1.xml]
14-Mar-2018 10:08:50.546 경고 [localhost-startStop-1] org.apache.catalina.startup.SetContextPropertiesRule.begin [SetContextPropertiesRule]{Context} Setting property 'source' to 'org.eclipse.jst.jee.server:lecture1' did not find a matching property.
14-Mar-2018 10:08:52.606 정보 [localhost-startStop-1] org.apache.jasper.servlet.TldScanner.scanJars At least one JAR was scanned for TLDs yet contained no TLDs. Enable debug logging for this logger for a complete list of JARs that were scanned but no TLDs were found in them. Skipping unneeded JARs during scanning can improve startup time and JSP compilation time.
14-Mar-2018 10:08:52.637 정보 [localhost-startStop-1] org.apache.catalina.startup.HostConfig.deployDescriptor Deployment of configuration descriptor [/Users/snowmo/Git/High_Level_Web_Programing/pivotal-tc-server-developer-3.2.8.RELEASE/baseInstance/conf/Catalina/localhost/lecture1.xml] has finished in [2,121] ms
14-Mar-2018 10:08:52.638 정보 [localhost-startStop-1] org.apache.catalina.startup.HostConfig.deployDirectory Deploying web application directory [/Users/snowmo/Git/High_Level_Web_Programing/pivotal-tc-server-developer-3.2.8.RELEASE/baseInstance/webapps/manager]
14-Mar-2018 10:08:54.328 정보 [localhost-startStop-1] org.apache.jasper.servlet.TldScanner.scanJars At least one JAR was scanned for TLDs yet contained no TLDs. Enable debug logging for this logger for a complete list of JARs that were scanned but no TLDs were found in them. Skipping unneeded JARs during scanning can improve startup time and JSP compilation time.
14-Mar-2018 10:08:54.336 정보 [localhost-startStop-1] org.apache.catalina.startup.HostConfig.deployDirectory Deployment of web application directory [/Users/snowmo/Git/High_Level_Web_Programing/pivotal-tc-server-developer-3.2.8.RELEASE/baseInstance/webapps/manager] has finished in [1,698] ms
14-Mar-2018 10:08:54.336 정보 [localhost-startStop-1] org.apache.catalina.startup.HostConfig.deployDirectory Deploying web application directory [/Users/snowmo/Git/High_Level_Web_Programing/pivotal-tc-server-developer-3.2.8.RELEASE/baseInstance/webapps/ROOT]
14-Mar-2018 10:08:55.902 정보 [localhost-startStop-1] org.apache.jasper.servlet.TldScanner.scanJars At least one JAR was scanned for TLDs yet contained no TLDs. Enable debug logging for this logger for a complete list of JARs that were scanned but no TLDs were found in them. Skipping unneeded JARs during scanning can improve startup time and JSP compilation time.
14-Mar-2018 10:08:55.903 정보 [localhost-startStop-1] org.apache.catalina.startup.HostConfig.deployDirectory Deployment of web application directory [/Users/snowmo/Git/High_Level_Web_Programing/pivotal-tc-server-developer-3.2.8.RELEASE/baseInstance/webapps/ROOT] has finished in [1,567] ms
14-Mar-2018 10:08:55.920 정보 [main] org.apache.coyote.AbstractProtocol.start Starting ProtocolHandler ["http-nio-8080"]
