30-Apr-2018 10:53:51.174 정보 [main] com.springsource.tcserver.security.PropertyDecoder.<init> tc Runtime property decoder using memory-based key
30-Apr-2018 10:53:51.176 정보 [main] com.springsource.tcserver.security.TcDecoder.initCiphers Initializing ciphers
30-Apr-2018 10:53:51.439 정보 [main] com.springsource.tcserver.security.PropertyDecoder.<init> tcServer Runtime property decoder has been initialized in 268 ms
30-Apr-2018 10:53:51.836 정보 [main] org.apache.coyote.AbstractProtocol.init Initializing ProtocolHandler ["http-nio-8080"]
30-Apr-2018 10:53:51.872 정보 [main] org.apache.tomcat.util.net.NioSelectorPool.getSharedSelector Using a shared selector for servlet write/read
30-Apr-2018 10:53:52.042 정보 [main] com.springsource.tcserver.serviceability.rmi.JmxSocketListener.init Started up JMX registry on 127.0.0.1:6969 in 164 ms
30-Apr-2018 10:53:52.057 정보 [main] org.apache.catalina.core.StandardService.startInternal Starting service [Catalina]
30-Apr-2018 10:53:52.057 정보 [main] org.apache.catalina.core.StandardEngine.startInternal Starting Servlet Engine: Pivotal tc Runtime 3.2.8.RELEASE/8.5.23.A.RELEASE
30-Apr-2018 10:53:52.064 정보 [localhost-startStop-1] org.apache.catalina.startup.HostConfig.deployDescriptor Deploying configuration descriptor [/Users/snowmo/Git/High_Level_Web_Programing/pivotal-tc-server-developer-3.2.8.RELEASE/baseInstance/conf/Catalina/localhost/A201432014.xml]
30-Apr-2018 10:53:52.093 경고 [localhost-startStop-1] org.apache.catalina.startup.SetContextPropertiesRule.begin [SetContextPropertiesRule]{Context} Setting property 'source' to 'org.eclipse.jst.jee.server:A201432014' did not find a matching property.
30-Apr-2018 10:53:54.644 정보 [localhost-startStop-1] org.apache.jasper.servlet.TldScanner.scanJars At least one JAR was scanned for TLDs yet contained no TLDs. Enable debug logging for this logger for a complete list of JARs that were scanned but no TLDs were found in them. Skipping unneeded JARs during scanning can improve startup time and JSP compilation time.
30-Apr-2018 10:53:54.671 정보 [localhost-startStop-1] org.apache.catalina.startup.HostConfig.deployDescriptor Deployment of configuration descriptor [/Users/snowmo/Git/High_Level_Web_Programing/pivotal-tc-server-developer-3.2.8.RELEASE/baseInstance/conf/Catalina/localhost/A201432014.xml] has finished in [2,606] ms
30-Apr-2018 10:53:54.671 정보 [localhost-startStop-1] org.apache.catalina.startup.HostConfig.deployDescriptor Deploying configuration descriptor [/Users/snowmo/Git/High_Level_Web_Programing/pivotal-tc-server-developer-3.2.8.RELEASE/baseInstance/conf/Catalina/localhost/lecture2.xml]
30-Apr-2018 10:53:54.673 경고 [localhost-startStop-1] org.apache.catalina.startup.SetContextPropertiesRule.begin [SetContextPropertiesRule]{Context} Setting property 'source' to 'org.eclipse.jst.jee.server:lecture2' did not find a matching property.
30-Apr-2018 10:53:56.398 정보 [localhost-startStop-1] org.apache.jasper.servlet.TldScanner.scanJars At least one JAR was scanned for TLDs yet contained no TLDs. Enable debug logging for this logger for a complete list of JARs that were scanned but no TLDs were found in them. Skipping unneeded JARs during scanning can improve startup time and JSP compilation time.
30-Apr-2018 10:53:56.399 정보 [localhost-startStop-1] org.apache.catalina.startup.HostConfig.deployDescriptor Deployment of configuration descriptor [/Users/snowmo/Git/High_Level_Web_Programing/pivotal-tc-server-developer-3.2.8.RELEASE/baseInstance/conf/Catalina/localhost/lecture2.xml] has finished in [1,728] ms
30-Apr-2018 10:53:56.400 정보 [localhost-startStop-1] org.apache.catalina.startup.HostConfig.deployDescriptor Deploying configuration descriptor [/Users/snowmo/Git/High_Level_Web_Programing/pivotal-tc-server-developer-3.2.8.RELEASE/baseInstance/conf/Catalina/localhost/lecture1.xml]
30-Apr-2018 10:53:56.401 경고 [localhost-startStop-1] org.apache.catalina.startup.SetContextPropertiesRule.begin [SetContextPropertiesRule]{Context} Setting property 'source' to 'org.eclipse.jst.jee.server:lecture1' did not find a matching property.
30-Apr-2018 10:53:58.165 정보 [localhost-startStop-1] org.apache.jasper.servlet.TldScanner.scanJars At least one JAR was scanned for TLDs yet contained no TLDs. Enable debug logging for this logger for a complete list of JARs that were scanned but no TLDs were found in them. Skipping unneeded JARs during scanning can improve startup time and JSP compilation time.
30-Apr-2018 10:53:58.167 정보 [localhost-startStop-1] org.apache.catalina.startup.HostConfig.deployDescriptor Deployment of configuration descriptor [/Users/snowmo/Git/High_Level_Web_Programing/pivotal-tc-server-developer-3.2.8.RELEASE/baseInstance/conf/Catalina/localhost/lecture1.xml] has finished in [1,768] ms
30-Apr-2018 10:53:58.167 정보 [localhost-startStop-1] org.apache.catalina.startup.HostConfig.deployDescriptor Deploying configuration descriptor [/Users/snowmo/Git/High_Level_Web_Programing/pivotal-tc-server-developer-3.2.8.RELEASE/baseInstance/conf/Catalina/localhost/M201432014.xml]
30-Apr-2018 10:53:58.170 경고 [localhost-startStop-1] org.apache.catalina.startup.SetContextPropertiesRule.begin [SetContextPropertiesRule]{Context} Setting property 'source' to 'org.eclipse.jst.jee.server:M201432014' did not find a matching property.
30-Apr-2018 10:53:59.627 정보 [localhost-startStop-1] org.apache.jasper.servlet.TldScanner.scanJars At least one JAR was scanned for TLDs yet contained no TLDs. Enable debug logging for this logger for a complete list of JARs that were scanned but no TLDs were found in them. Skipping unneeded JARs during scanning can improve startup time and JSP compilation time.
30-Apr-2018 10:53:59.635 정보 [localhost-startStop-1] org.apache.catalina.startup.HostConfig.deployDescriptor Deployment of configuration descriptor [/Users/snowmo/Git/High_Level_Web_Programing/pivotal-tc-server-developer-3.2.8.RELEASE/baseInstance/conf/Catalina/localhost/M201432014.xml] has finished in [1,468] ms
30-Apr-2018 10:53:59.635 정보 [localhost-startStop-1] org.apache.catalina.startup.HostConfig.deployDirectory Deploying web application directory [/Users/snowmo/Git/High_Level_Web_Programing/pivotal-tc-server-developer-3.2.8.RELEASE/baseInstance/webapps/manager]
30-Apr-2018 10:54:01.108 정보 [localhost-startStop-1] org.apache.jasper.servlet.TldScanner.scanJars At least one JAR was scanned for TLDs yet contained no TLDs. Enable debug logging for this logger for a complete list of JARs that were scanned but no TLDs were found in them. Skipping unneeded JARs during scanning can improve startup time and JSP compilation time.
30-Apr-2018 10:54:01.113 정보 [localhost-startStop-1] org.apache.catalina.startup.HostConfig.deployDirectory Deployment of web application directory [/Users/snowmo/Git/High_Level_Web_Programing/pivotal-tc-server-developer-3.2.8.RELEASE/baseInstance/webapps/manager] has finished in [1,478] ms
30-Apr-2018 10:54:01.113 정보 [localhost-startStop-1] org.apache.catalina.startup.HostConfig.deployDirectory Deploying web application directory [/Users/snowmo/Git/High_Level_Web_Programing/pivotal-tc-server-developer-3.2.8.RELEASE/baseInstance/webapps/ROOT]
30-Apr-2018 10:54:02.570 정보 [localhost-startStop-1] org.apache.jasper.servlet.TldScanner.scanJars At least one JAR was scanned for TLDs yet contained no TLDs. Enable debug logging for this logger for a complete list of JARs that were scanned but no TLDs were found in them. Skipping unneeded JARs during scanning can improve startup time and JSP compilation time.
30-Apr-2018 10:54:02.571 정보 [localhost-startStop-1] org.apache.catalina.startup.HostConfig.deployDirectory Deployment of web application directory [/Users/snowmo/Git/High_Level_Web_Programing/pivotal-tc-server-developer-3.2.8.RELEASE/baseInstance/webapps/ROOT] has finished in [1,458] ms
30-Apr-2018 10:54:02.582 정보 [main] org.apache.coyote.AbstractProtocol.start Starting ProtocolHandler ["http-nio-8080"]
30-Apr-2018 10:58:47.788 정보 [Thread-5] org.apache.coyote.AbstractProtocol.pause Pausing ProtocolHandler ["http-nio-8080"]
30-Apr-2018 10:58:47.842 정보 [Thread-5] org.apache.catalina.core.StandardService.stopInternal Stopping service [Catalina]
30-Apr-2018 10:58:47.870 정보 [Thread-5] org.apache.coyote.AbstractProtocol.stop Stopping ProtocolHandler ["http-nio-8080"]
30-Apr-2018 10:58:47.874 정보 [Thread-5] org.apache.coyote.AbstractProtocol.destroy Destroying ProtocolHandler ["http-nio-8080"]
30-Apr-2018 10:58:56.567 정보 [main] com.springsource.tcserver.security.PropertyDecoder.<init> tc Runtime property decoder using memory-based key
30-Apr-2018 10:58:56.569 정보 [main] com.springsource.tcserver.security.TcDecoder.initCiphers Initializing ciphers
30-Apr-2018 10:58:56.797 정보 [main] com.springsource.tcserver.security.PropertyDecoder.<init> tcServer Runtime property decoder has been initialized in 232 ms
30-Apr-2018 10:58:57.144 정보 [main] org.apache.coyote.AbstractProtocol.init Initializing ProtocolHandler ["http-nio-8080"]
30-Apr-2018 10:58:57.174 정보 [main] org.apache.tomcat.util.net.NioSelectorPool.getSharedSelector Using a shared selector for servlet write/read
30-Apr-2018 10:58:57.317 정보 [main] com.springsource.tcserver.serviceability.rmi.JmxSocketListener.init Started up JMX registry on 127.0.0.1:6969 in 137 ms
30-Apr-2018 10:58:57.330 정보 [main] org.apache.catalina.core.StandardService.startInternal Starting service [Catalina]
30-Apr-2018 10:58:57.330 정보 [main] org.apache.catalina.core.StandardEngine.startInternal Starting Servlet Engine: Pivotal tc Runtime 3.2.8.RELEASE/8.5.23.A.RELEASE
30-Apr-2018 10:58:57.336 정보 [localhost-startStop-1] org.apache.catalina.startup.HostConfig.deployDescriptor Deploying configuration descriptor [/Users/snowmo/Git/High_Level_Web_Programing/pivotal-tc-server-developer-3.2.8.RELEASE/baseInstance/conf/Catalina/localhost/A201432014.xml]
30-Apr-2018 10:58:57.361 경고 [localhost-startStop-1] org.apache.catalina.startup.SetContextPropertiesRule.begin [SetContextPropertiesRule]{Context} Setting property 'source' to 'org.eclipse.jst.jee.server:A201432014' did not find a matching property.
30-Apr-2018 10:58:59.539 정보 [localhost-startStop-1] org.apache.jasper.servlet.TldScanner.scanJars At least one JAR was scanned for TLDs yet contained no TLDs. Enable debug logging for this logger for a complete list of JARs that were scanned but no TLDs were found in them. Skipping unneeded JARs during scanning can improve startup time and JSP compilation time.
30-Apr-2018 10:58:59.561 정보 [localhost-startStop-1] org.apache.catalina.startup.HostConfig.deployDescriptor Deployment of configuration descriptor [/Users/snowmo/Git/High_Level_Web_Programing/pivotal-tc-server-developer-3.2.8.RELEASE/baseInstance/conf/Catalina/localhost/A201432014.xml] has finished in [2,225] ms
30-Apr-2018 10:58:59.561 정보 [localhost-startStop-1] org.apache.catalina.startup.HostConfig.deployDescriptor Deploying configuration descriptor [/Users/snowmo/Git/High_Level_Web_Programing/pivotal-tc-server-developer-3.2.8.RELEASE/baseInstance/conf/Catalina/localhost/lecture2.xml]
30-Apr-2018 10:58:59.564 경고 [localhost-startStop-1] org.apache.catalina.startup.SetContextPropertiesRule.begin [SetContextPropertiesRule]{Context} Setting property 'source' to 'org.eclipse.jst.jee.server:lecture2' did not find a matching property.
30-Apr-2018 10:59:01.308 정보 [localhost-startStop-1] org.apache.jasper.servlet.TldScanner.scanJars At least one JAR was scanned for TLDs yet contained no TLDs. Enable debug logging for this logger for a complete list of JARs that were scanned but no TLDs were found in them. Skipping unneeded JARs during scanning can improve startup time and JSP compilation time.
30-Apr-2018 10:59:01.310 정보 [localhost-startStop-1] org.apache.catalina.startup.HostConfig.deployDescriptor Deployment of configuration descriptor [/Users/snowmo/Git/High_Level_Web_Programing/pivotal-tc-server-developer-3.2.8.RELEASE/baseInstance/conf/Catalina/localhost/lecture2.xml] has finished in [1,749] ms
30-Apr-2018 10:59:01.310 정보 [localhost-startStop-1] org.apache.catalina.startup.HostConfig.deployDescriptor Deploying configuration descriptor [/Users/snowmo/Git/High_Level_Web_Programing/pivotal-tc-server-developer-3.2.8.RELEASE/baseInstance/conf/Catalina/localhost/lecture1.xml]
30-Apr-2018 10:59:01.312 경고 [localhost-startStop-1] org.apache.catalina.startup.SetContextPropertiesRule.begin [SetContextPropertiesRule]{Context} Setting property 'source' to 'org.eclipse.jst.jee.server:lecture1' did not find a matching property.
30-Apr-2018 10:59:03.053 정보 [localhost-startStop-1] org.apache.jasper.servlet.TldScanner.scanJars At least one JAR was scanned for TLDs yet contained no TLDs. Enable debug logging for this logger for a complete list of JARs that were scanned but no TLDs were found in them. Skipping unneeded JARs during scanning can improve startup time and JSP compilation time.
30-Apr-2018 10:59:03.059 정보 [localhost-startStop-1] org.apache.catalina.startup.HostConfig.deployDescriptor Deployment of configuration descriptor [/Users/snowmo/Git/High_Level_Web_Programing/pivotal-tc-server-developer-3.2.8.RELEASE/baseInstance/conf/Catalina/localhost/lecture1.xml] has finished in [1,749] ms
30-Apr-2018 10:59:03.059 정보 [localhost-startStop-1] org.apache.catalina.startup.HostConfig.deployDescriptor Deploying configuration descriptor [/Users/snowmo/Git/High_Level_Web_Programing/pivotal-tc-server-developer-3.2.8.RELEASE/baseInstance/conf/Catalina/localhost/M201432014.xml]
30-Apr-2018 10:59:03.061 경고 [localhost-startStop-1] org.apache.catalina.startup.SetContextPropertiesRule.begin [SetContextPropertiesRule]{Context} Setting property 'source' to 'org.eclipse.jst.jee.server:M201432014' did not find a matching property.
30-Apr-2018 10:59:04.510 정보 [localhost-startStop-1] org.apache.jasper.servlet.TldScanner.scanJars At least one JAR was scanned for TLDs yet contained no TLDs. Enable debug logging for this logger for a complete list of JARs that were scanned but no TLDs were found in them. Skipping unneeded JARs during scanning can improve startup time and JSP compilation time.
30-Apr-2018 10:59:04.512 정보 [localhost-startStop-1] org.apache.catalina.startup.HostConfig.deployDescriptor Deployment of configuration descriptor [/Users/snowmo/Git/High_Level_Web_Programing/pivotal-tc-server-developer-3.2.8.RELEASE/baseInstance/conf/Catalina/localhost/M201432014.xml] has finished in [1,452] ms
30-Apr-2018 10:59:04.512 정보 [localhost-startStop-1] org.apache.catalina.startup.HostConfig.deployDirectory Deploying web application directory [/Users/snowmo/Git/High_Level_Web_Programing/pivotal-tc-server-developer-3.2.8.RELEASE/baseInstance/webapps/manager]
30-Apr-2018 10:59:05.917 정보 [localhost-startStop-1] org.apache.jasper.servlet.TldScanner.scanJars At least one JAR was scanned for TLDs yet contained no TLDs. Enable debug logging for this logger for a complete list of JARs that were scanned but no TLDs were found in them. Skipping unneeded JARs during scanning can improve startup time and JSP compilation time.
30-Apr-2018 10:59:05.921 정보 [localhost-startStop-1] org.apache.catalina.startup.HostConfig.deployDirectory Deployment of web application directory [/Users/snowmo/Git/High_Level_Web_Programing/pivotal-tc-server-developer-3.2.8.RELEASE/baseInstance/webapps/manager] has finished in [1,409] ms
30-Apr-2018 10:59:05.921 정보 [localhost-startStop-1] org.apache.catalina.startup.HostConfig.deployDirectory Deploying web application directory [/Users/snowmo/Git/High_Level_Web_Programing/pivotal-tc-server-developer-3.2.8.RELEASE/baseInstance/webapps/ROOT]
30-Apr-2018 10:59:07.310 정보 [localhost-startStop-1] org.apache.jasper.servlet.TldScanner.scanJars At least one JAR was scanned for TLDs yet contained no TLDs. Enable debug logging for this logger for a complete list of JARs that were scanned but no TLDs were found in them. Skipping unneeded JARs during scanning can improve startup time and JSP compilation time.
30-Apr-2018 10:59:07.312 정보 [localhost-startStop-1] org.apache.catalina.startup.HostConfig.deployDirectory Deployment of web application directory [/Users/snowmo/Git/High_Level_Web_Programing/pivotal-tc-server-developer-3.2.8.RELEASE/baseInstance/webapps/ROOT] has finished in [1,391] ms
30-Apr-2018 10:59:07.323 정보 [main] org.apache.coyote.AbstractProtocol.start Starting ProtocolHandler ["http-nio-8080"]
30-Apr-2018 11:06:22.807 정보 [Thread-5] org.apache.coyote.AbstractProtocol.pause Pausing ProtocolHandler ["http-nio-8080"]
30-Apr-2018 11:06:22.860 정보 [Thread-5] org.apache.catalina.core.StandardService.stopInternal Stopping service [Catalina]
30-Apr-2018 11:06:22.892 정보 [Thread-5] org.apache.coyote.AbstractProtocol.stop Stopping ProtocolHandler ["http-nio-8080"]
30-Apr-2018 11:06:22.895 정보 [Thread-5] org.apache.coyote.AbstractProtocol.destroy Destroying ProtocolHandler ["http-nio-8080"]
30-Apr-2018 11:06:26.724 정보 [main] com.springsource.tcserver.security.PropertyDecoder.<init> tc Runtime property decoder using memory-based key
30-Apr-2018 11:06:26.727 정보 [main] com.springsource.tcserver.security.TcDecoder.initCiphers Initializing ciphers
30-Apr-2018 11:06:26.964 정보 [main] com.springsource.tcserver.security.PropertyDecoder.<init> tcServer Runtime property decoder has been initialized in 241 ms
30-Apr-2018 11:06:27.304 정보 [main] org.apache.coyote.AbstractProtocol.init Initializing ProtocolHandler ["http-nio-8080"]
30-Apr-2018 11:06:27.334 정보 [main] org.apache.tomcat.util.net.NioSelectorPool.getSharedSelector Using a shared selector for servlet write/read
30-Apr-2018 11:06:27.478 정보 [main] com.springsource.tcserver.serviceability.rmi.JmxSocketListener.init Started up JMX registry on 127.0.0.1:6969 in 137 ms
30-Apr-2018 11:06:27.492 정보 [main] org.apache.catalina.core.StandardService.startInternal Starting service [Catalina]
30-Apr-2018 11:06:27.492 정보 [main] org.apache.catalina.core.StandardEngine.startInternal Starting Servlet Engine: Pivotal tc Runtime 3.2.8.RELEASE/8.5.23.A.RELEASE
30-Apr-2018 11:06:27.499 정보 [localhost-startStop-1] org.apache.catalina.startup.HostConfig.deployDescriptor Deploying configuration descriptor [/Users/snowmo/Git/High_Level_Web_Programing/pivotal-tc-server-developer-3.2.8.RELEASE/baseInstance/conf/Catalina/localhost/A201432014.xml]
30-Apr-2018 11:06:27.525 경고 [localhost-startStop-1] org.apache.catalina.startup.SetContextPropertiesRule.begin [SetContextPropertiesRule]{Context} Setting property 'source' to 'org.eclipse.jst.jee.server:A201432014' did not find a matching property.
30-Apr-2018 11:06:29.788 정보 [localhost-startStop-1] org.apache.jasper.servlet.TldScanner.scanJars At least one JAR was scanned for TLDs yet contained no TLDs. Enable debug logging for this logger for a complete list of JARs that were scanned but no TLDs were found in them. Skipping unneeded JARs during scanning can improve startup time and JSP compilation time.
30-Apr-2018 11:06:29.810 정보 [localhost-startStop-1] org.apache.catalina.startup.HostConfig.deployDescriptor Deployment of configuration descriptor [/Users/snowmo/Git/High_Level_Web_Programing/pivotal-tc-server-developer-3.2.8.RELEASE/baseInstance/conf/Catalina/localhost/A201432014.xml] has finished in [2,310] ms
30-Apr-2018 11:06:29.810 정보 [localhost-startStop-1] org.apache.catalina.startup.HostConfig.deployDescriptor Deploying configuration descriptor [/Users/snowmo/Git/High_Level_Web_Programing/pivotal-tc-server-developer-3.2.8.RELEASE/baseInstance/conf/Catalina/localhost/lecture2.xml]
30-Apr-2018 11:06:29.812 경고 [localhost-startStop-1] org.apache.catalina.startup.SetContextPropertiesRule.begin [SetContextPropertiesRule]{Context} Setting property 'source' to 'org.eclipse.jst.jee.server:lecture2' did not find a matching property.
30-Apr-2018 11:06:31.441 정보 [localhost-startStop-1] org.apache.jasper.servlet.TldScanner.scanJars At least one JAR was scanned for TLDs yet contained no TLDs. Enable debug logging for this logger for a complete list of JARs that were scanned but no TLDs were found in them. Skipping unneeded JARs during scanning can improve startup time and JSP compilation time.
30-Apr-2018 11:06:31.443 정보 [localhost-startStop-1] org.apache.catalina.startup.HostConfig.deployDescriptor Deployment of configuration descriptor [/Users/snowmo/Git/High_Level_Web_Programing/pivotal-tc-server-developer-3.2.8.RELEASE/baseInstance/conf/Catalina/localhost/lecture2.xml] has finished in [1,633] ms
30-Apr-2018 11:06:31.443 정보 [localhost-startStop-1] org.apache.catalina.startup.HostConfig.deployDescriptor Deploying configuration descriptor [/Users/snowmo/Git/High_Level_Web_Programing/pivotal-tc-server-developer-3.2.8.RELEASE/baseInstance/conf/Catalina/localhost/lecture1.xml]
30-Apr-2018 11:06:31.445 경고 [localhost-startStop-1] org.apache.catalina.startup.SetContextPropertiesRule.begin [SetContextPropertiesRule]{Context} Setting property 'source' to 'org.eclipse.jst.jee.server:lecture1' did not find a matching property.
30-Apr-2018 11:06:33.217 정보 [localhost-startStop-1] org.apache.jasper.servlet.TldScanner.scanJars At least one JAR was scanned for TLDs yet contained no TLDs. Enable debug logging for this logger for a complete list of JARs that were scanned but no TLDs were found in them. Skipping unneeded JARs during scanning can improve startup time and JSP compilation time.
30-Apr-2018 11:06:33.223 정보 [localhost-startStop-1] org.apache.catalina.startup.HostConfig.deployDescriptor Deployment of configuration descriptor [/Users/snowmo/Git/High_Level_Web_Programing/pivotal-tc-server-developer-3.2.8.RELEASE/baseInstance/conf/Catalina/localhost/lecture1.xml] has finished in [1,780] ms
30-Apr-2018 11:06:33.223 정보 [localhost-startStop-1] org.apache.catalina.startup.HostConfig.deployDescriptor Deploying configuration descriptor [/Users/snowmo/Git/High_Level_Web_Programing/pivotal-tc-server-developer-3.2.8.RELEASE/baseInstance/conf/Catalina/localhost/M201432014.xml]
30-Apr-2018 11:06:33.225 경고 [localhost-startStop-1] org.apache.catalina.startup.SetContextPropertiesRule.begin [SetContextPropertiesRule]{Context} Setting property 'source' to 'org.eclipse.jst.jee.server:M201432014' did not find a matching property.
30-Apr-2018 11:06:34.734 정보 [localhost-startStop-1] org.apache.jasper.servlet.TldScanner.scanJars At least one JAR was scanned for TLDs yet contained no TLDs. Enable debug logging for this logger for a complete list of JARs that were scanned but no TLDs were found in them. Skipping unneeded JARs during scanning can improve startup time and JSP compilation time.
30-Apr-2018 11:06:34.736 정보 [localhost-startStop-1] org.apache.catalina.startup.HostConfig.deployDescriptor Deployment of configuration descriptor [/Users/snowmo/Git/High_Level_Web_Programing/pivotal-tc-server-developer-3.2.8.RELEASE/baseInstance/conf/Catalina/localhost/M201432014.xml] has finished in [1,513] ms
30-Apr-2018 11:06:34.736 정보 [localhost-startStop-1] org.apache.catalina.startup.HostConfig.deployDirectory Deploying web application directory [/Users/snowmo/Git/High_Level_Web_Programing/pivotal-tc-server-developer-3.2.8.RELEASE/baseInstance/webapps/manager]
30-Apr-2018 11:06:36.153 정보 [localhost-startStop-1] org.apache.jasper.servlet.TldScanner.scanJars At least one JAR was scanned for TLDs yet contained no TLDs. Enable debug logging for this logger for a complete list of JARs that were scanned but no TLDs were found in them. Skipping unneeded JARs during scanning can improve startup time and JSP compilation time.
30-Apr-2018 11:06:36.156 정보 [localhost-startStop-1] org.apache.catalina.startup.HostConfig.deployDirectory Deployment of web application directory [/Users/snowmo/Git/High_Level_Web_Programing/pivotal-tc-server-developer-3.2.8.RELEASE/baseInstance/webapps/manager] has finished in [1,420] ms
30-Apr-2018 11:06:36.157 정보 [localhost-startStop-1] org.apache.catalina.startup.HostConfig.deployDirectory Deploying web application directory [/Users/snowmo/Git/High_Level_Web_Programing/pivotal-tc-server-developer-3.2.8.RELEASE/baseInstance/webapps/ROOT]
30-Apr-2018 11:06:37.538 정보 [localhost-startStop-1] org.apache.jasper.servlet.TldScanner.scanJars At least one JAR was scanned for TLDs yet contained no TLDs. Enable debug logging for this logger for a complete list of JARs that were scanned but no TLDs were found in them. Skipping unneeded JARs during scanning can improve startup time and JSP compilation time.
30-Apr-2018 11:06:37.540 정보 [localhost-startStop-1] org.apache.catalina.startup.HostConfig.deployDirectory Deployment of web application directory [/Users/snowmo/Git/High_Level_Web_Programing/pivotal-tc-server-developer-3.2.8.RELEASE/baseInstance/webapps/ROOT] has finished in [1,383] ms
30-Apr-2018 11:06:37.550 정보 [main] org.apache.coyote.AbstractProtocol.start Starting ProtocolHandler ["http-nio-8080"]
30-Apr-2018 11:10:08.134 정보 [Thread-5] org.apache.coyote.AbstractProtocol.pause Pausing ProtocolHandler ["http-nio-8080"]
30-Apr-2018 11:10:08.191 정보 [Thread-5] org.apache.catalina.core.StandardService.stopInternal Stopping service [Catalina]
30-Apr-2018 11:10:08.221 정보 [Thread-5] org.apache.coyote.AbstractProtocol.stop Stopping ProtocolHandler ["http-nio-8080"]
30-Apr-2018 11:10:08.227 정보 [Thread-5] org.apache.coyote.AbstractProtocol.destroy Destroying ProtocolHandler ["http-nio-8080"]
30-Apr-2018 11:10:22.399 정보 [main] com.springsource.tcserver.security.PropertyDecoder.<init> tc Runtime property decoder using memory-based key
30-Apr-2018 11:10:22.402 정보 [main] com.springsource.tcserver.security.TcDecoder.initCiphers Initializing ciphers
30-Apr-2018 11:10:22.625 정보 [main] com.springsource.tcserver.security.PropertyDecoder.<init> tcServer Runtime property decoder has been initialized in 228 ms
30-Apr-2018 11:10:22.955 정보 [main] org.apache.coyote.AbstractProtocol.init Initializing ProtocolHandler ["http-nio-8080"]
30-Apr-2018 11:10:22.985 정보 [main] org.apache.tomcat.util.net.NioSelectorPool.getSharedSelector Using a shared selector for servlet write/read
30-Apr-2018 11:10:23.131 정보 [main] com.springsource.tcserver.serviceability.rmi.JmxSocketListener.init Started up JMX registry on 127.0.0.1:6969 in 139 ms
30-Apr-2018 11:10:23.144 정보 [main] org.apache.catalina.core.StandardService.startInternal Starting service [Catalina]
30-Apr-2018 11:10:23.144 정보 [main] org.apache.catalina.core.StandardEngine.startInternal Starting Servlet Engine: Pivotal tc Runtime 3.2.8.RELEASE/8.5.23.A.RELEASE
30-Apr-2018 11:10:23.151 정보 [localhost-startStop-1] org.apache.catalina.startup.HostConfig.deployDescriptor Deploying configuration descriptor [/Users/snowmo/Git/High_Level_Web_Programing/pivotal-tc-server-developer-3.2.8.RELEASE/baseInstance/conf/Catalina/localhost/A201432014.xml]
30-Apr-2018 11:10:23.175 경고 [localhost-startStop-1] org.apache.catalina.startup.SetContextPropertiesRule.begin [SetContextPropertiesRule]{Context} Setting property 'source' to 'org.eclipse.jst.jee.server:A201432014' did not find a matching property.
30-Apr-2018 11:10:25.502 정보 [localhost-startStop-1] org.apache.jasper.servlet.TldScanner.scanJars At least one JAR was scanned for TLDs yet contained no TLDs. Enable debug logging for this logger for a complete list of JARs that were scanned but no TLDs were found in them. Skipping unneeded JARs during scanning can improve startup time and JSP compilation time.
30-Apr-2018 11:10:25.524 정보 [localhost-startStop-1] org.apache.catalina.startup.HostConfig.deployDescriptor Deployment of configuration descriptor [/Users/snowmo/Git/High_Level_Web_Programing/pivotal-tc-server-developer-3.2.8.RELEASE/baseInstance/conf/Catalina/localhost/A201432014.xml] has finished in [2,373] ms
30-Apr-2018 11:10:25.524 정보 [localhost-startStop-1] org.apache.catalina.startup.HostConfig.deployDescriptor Deploying configuration descriptor [/Users/snowmo/Git/High_Level_Web_Programing/pivotal-tc-server-developer-3.2.8.RELEASE/baseInstance/conf/Catalina/localhost/lecture2.xml]
30-Apr-2018 11:10:25.526 경고 [localhost-startStop-1] org.apache.catalina.startup.SetContextPropertiesRule.begin [SetContextPropertiesRule]{Context} Setting property 'source' to 'org.eclipse.jst.jee.server:lecture2' did not find a matching property.
30-Apr-2018 11:10:27.177 정보 [localhost-startStop-1] org.apache.jasper.servlet.TldScanner.scanJars At least one JAR was scanned for TLDs yet contained no TLDs. Enable debug logging for this logger for a complete list of JARs that were scanned but no TLDs were found in them. Skipping unneeded JARs during scanning can improve startup time and JSP compilation time.
30-Apr-2018 11:10:27.179 정보 [localhost-startStop-1] org.apache.catalina.startup.HostConfig.deployDescriptor Deployment of configuration descriptor [/Users/snowmo/Git/High_Level_Web_Programing/pivotal-tc-server-developer-3.2.8.RELEASE/baseInstance/conf/Catalina/localhost/lecture2.xml] has finished in [1,655] ms
30-Apr-2018 11:10:27.179 정보 [localhost-startStop-1] org.apache.catalina.startup.HostConfig.deployDescriptor Deploying configuration descriptor [/Users/snowmo/Git/High_Level_Web_Programing/pivotal-tc-server-developer-3.2.8.RELEASE/baseInstance/conf/Catalina/localhost/lecture1.xml]
30-Apr-2018 11:10:27.181 경고 [localhost-startStop-1] org.apache.catalina.startup.SetContextPropertiesRule.begin [SetContextPropertiesRule]{Context} Setting property 'source' to 'org.eclipse.jst.jee.server:lecture1' did not find a matching property.
30-Apr-2018 11:10:28.933 정보 [localhost-startStop-1] org.apache.jasper.servlet.TldScanner.scanJars At least one JAR was scanned for TLDs yet contained no TLDs. Enable debug logging for this logger for a complete list of JARs that were scanned but no TLDs were found in them. Skipping unneeded JARs during scanning can improve startup time and JSP compilation time.
30-Apr-2018 11:10:28.940 정보 [localhost-startStop-1] org.apache.catalina.startup.HostConfig.deployDescriptor Deployment of configuration descriptor [/Users/snowmo/Git/High_Level_Web_Programing/pivotal-tc-server-developer-3.2.8.RELEASE/baseInstance/conf/Catalina/localhost/lecture1.xml] has finished in [1,761] ms
30-Apr-2018 11:10:28.940 정보 [localhost-startStop-1] org.apache.catalina.startup.HostConfig.deployDescriptor Deploying configuration descriptor [/Users/snowmo/Git/High_Level_Web_Programing/pivotal-tc-server-developer-3.2.8.RELEASE/baseInstance/conf/Catalina/localhost/M201432014.xml]
30-Apr-2018 11:10:28.942 경고 [localhost-startStop-1] org.apache.catalina.startup.SetContextPropertiesRule.begin [SetContextPropertiesRule]{Context} Setting property 'source' to 'org.eclipse.jst.jee.server:M201432014' did not find a matching property.
30-Apr-2018 11:10:30.428 정보 [localhost-startStop-1] org.apache.jasper.servlet.TldScanner.scanJars At least one JAR was scanned for TLDs yet contained no TLDs. Enable debug logging for this logger for a complete list of JARs that were scanned but no TLDs were found in them. Skipping unneeded JARs during scanning can improve startup time and JSP compilation time.
30-Apr-2018 11:10:30.430 정보 [localhost-startStop-1] org.apache.catalina.startup.HostConfig.deployDescriptor Deployment of configuration descriptor [/Users/snowmo/Git/High_Level_Web_Programing/pivotal-tc-server-developer-3.2.8.RELEASE/baseInstance/conf/Catalina/localhost/M201432014.xml] has finished in [1,490] ms
30-Apr-2018 11:10:30.430 정보 [localhost-startStop-1] org.apache.catalina.startup.HostConfig.deployDirectory Deploying web application directory [/Users/snowmo/Git/High_Level_Web_Programing/pivotal-tc-server-developer-3.2.8.RELEASE/baseInstance/webapps/manager]
30-Apr-2018 11:10:31.888 정보 [localhost-startStop-1] org.apache.jasper.servlet.TldScanner.scanJars At least one JAR was scanned for TLDs yet contained no TLDs. Enable debug logging for this logger for a complete list of JARs that were scanned but no TLDs were found in them. Skipping unneeded JARs during scanning can improve startup time and JSP compilation time.
30-Apr-2018 11:10:31.891 정보 [localhost-startStop-1] org.apache.catalina.startup.HostConfig.deployDirectory Deployment of web application directory [/Users/snowmo/Git/High_Level_Web_Programing/pivotal-tc-server-developer-3.2.8.RELEASE/baseInstance/webapps/manager] has finished in [1,461] ms
30-Apr-2018 11:10:31.891 정보 [localhost-startStop-1] org.apache.catalina.startup.HostConfig.deployDirectory Deploying web application directory [/Users/snowmo/Git/High_Level_Web_Programing/pivotal-tc-server-developer-3.2.8.RELEASE/baseInstance/webapps/ROOT]
30-Apr-2018 11:10:33.313 정보 [localhost-startStop-1] org.apache.jasper.servlet.TldScanner.scanJars At least one JAR was scanned for TLDs yet contained no TLDs. Enable debug logging for this logger for a complete list of JARs that were scanned but no TLDs were found in them. Skipping unneeded JARs during scanning can improve startup time and JSP compilation time.
30-Apr-2018 11:10:33.315 정보 [localhost-startStop-1] org.apache.catalina.startup.HostConfig.deployDirectory Deployment of web application directory [/Users/snowmo/Git/High_Level_Web_Programing/pivotal-tc-server-developer-3.2.8.RELEASE/baseInstance/webapps/ROOT] has finished in [1,424] ms
30-Apr-2018 11:10:33.326 정보 [main] org.apache.coyote.AbstractProtocol.start Starting ProtocolHandler ["http-nio-8080"]
30-Apr-2018 11:19:12.586 정보 [Thread-5] org.apache.coyote.AbstractProtocol.pause Pausing ProtocolHandler ["http-nio-8080"]
30-Apr-2018 11:19:12.638 정보 [Thread-5] org.apache.catalina.core.StandardService.stopInternal Stopping service [Catalina]
30-Apr-2018 11:19:12.669 정보 [Thread-5] org.apache.coyote.AbstractProtocol.stop Stopping ProtocolHandler ["http-nio-8080"]
30-Apr-2018 11:19:12.673 정보 [Thread-5] org.apache.coyote.AbstractProtocol.destroy Destroying ProtocolHandler ["http-nio-8080"]
30-Apr-2018 11:19:14.871 정보 [main] com.springsource.tcserver.security.PropertyDecoder.<init> tc Runtime property decoder using memory-based key
30-Apr-2018 11:19:14.874 정보 [main] com.springsource.tcserver.security.TcDecoder.initCiphers Initializing ciphers
30-Apr-2018 11:19:15.098 정보 [main] com.springsource.tcserver.security.PropertyDecoder.<init> tcServer Runtime property decoder has been initialized in 229 ms
30-Apr-2018 11:19:15.444 정보 [main] org.apache.coyote.AbstractProtocol.init Initializing ProtocolHandler ["http-nio-8080"]
30-Apr-2018 11:19:15.474 정보 [main] org.apache.tomcat.util.net.NioSelectorPool.getSharedSelector Using a shared selector for servlet write/read
30-Apr-2018 11:19:15.620 정보 [main] com.springsource.tcserver.serviceability.rmi.JmxSocketListener.init Started up JMX registry on 127.0.0.1:6969 in 139 ms
30-Apr-2018 11:19:15.633 정보 [main] org.apache.catalina.core.StandardService.startInternal Starting service [Catalina]
30-Apr-2018 11:19:15.633 정보 [main] org.apache.catalina.core.StandardEngine.startInternal Starting Servlet Engine: Pivotal tc Runtime 3.2.8.RELEASE/8.5.23.A.RELEASE
30-Apr-2018 11:19:15.638 정보 [localhost-startStop-1] org.apache.catalina.startup.HostConfig.deployDescriptor Deploying configuration descriptor [/Users/snowmo/Git/High_Level_Web_Programing/pivotal-tc-server-developer-3.2.8.RELEASE/baseInstance/conf/Catalina/localhost/A201432014.xml]
30-Apr-2018 11:19:15.664 경고 [localhost-startStop-1] org.apache.catalina.startup.SetContextPropertiesRule.begin [SetContextPropertiesRule]{Context} Setting property 'source' to 'org.eclipse.jst.jee.server:A201432014' did not find a matching property.
30-Apr-2018 11:19:17.887 정보 [localhost-startStop-1] org.apache.jasper.servlet.TldScanner.scanJars At least one JAR was scanned for TLDs yet contained no TLDs. Enable debug logging for this logger for a complete list of JARs that were scanned but no TLDs were found in them. Skipping unneeded JARs during scanning can improve startup time and JSP compilation time.
30-Apr-2018 11:19:17.908 정보 [localhost-startStop-1] org.apache.catalina.startup.HostConfig.deployDescriptor Deployment of configuration descriptor [/Users/snowmo/Git/High_Level_Web_Programing/pivotal-tc-server-developer-3.2.8.RELEASE/baseInstance/conf/Catalina/localhost/A201432014.xml] has finished in [2,270] ms
30-Apr-2018 11:19:17.908 정보 [localhost-startStop-1] org.apache.catalina.startup.HostConfig.deployDescriptor Deploying configuration descriptor [/Users/snowmo/Git/High_Level_Web_Programing/pivotal-tc-server-developer-3.2.8.RELEASE/baseInstance/conf/Catalina/localhost/lecture2.xml]
30-Apr-2018 11:19:17.911 경고 [localhost-startStop-1] org.apache.catalina.startup.SetContextPropertiesRule.begin [SetContextPropertiesRule]{Context} Setting property 'source' to 'org.eclipse.jst.jee.server:lecture2' did not find a matching property.
30-Apr-2018 11:19:19.494 정보 [localhost-startStop-1] org.apache.jasper.servlet.TldScanner.scanJars At least one JAR was scanned for TLDs yet contained no TLDs. Enable debug logging for this logger for a complete list of JARs that were scanned but no TLDs were found in them. Skipping unneeded JARs during scanning can improve startup time and JSP compilation time.
30-Apr-2018 11:19:19.495 정보 [localhost-startStop-1] org.apache.catalina.startup.HostConfig.deployDescriptor Deployment of configuration descriptor [/Users/snowmo/Git/High_Level_Web_Programing/pivotal-tc-server-developer-3.2.8.RELEASE/baseInstance/conf/Catalina/localhost/lecture2.xml] has finished in [1,587] ms
30-Apr-2018 11:19:19.495 정보 [localhost-startStop-1] org.apache.catalina.startup.HostConfig.deployDescriptor Deploying configuration descriptor [/Users/snowmo/Git/High_Level_Web_Programing/pivotal-tc-server-developer-3.2.8.RELEASE/baseInstance/conf/Catalina/localhost/lecture1.xml]
30-Apr-2018 11:19:19.497 경고 [localhost-startStop-1] org.apache.catalina.startup.SetContextPropertiesRule.begin [SetContextPropertiesRule]{Context} Setting property 'source' to 'org.eclipse.jst.jee.server:lecture1' did not find a matching property.
30-Apr-2018 11:19:21.223 정보 [localhost-startStop-1] org.apache.jasper.servlet.TldScanner.scanJars At least one JAR was scanned for TLDs yet contained no TLDs. Enable debug logging for this logger for a complete list of JARs that were scanned but no TLDs were found in them. Skipping unneeded JARs during scanning can improve startup time and JSP compilation time.
30-Apr-2018 11:19:21.230 정보 [localhost-startStop-1] org.apache.catalina.startup.HostConfig.deployDescriptor Deployment of configuration descriptor [/Users/snowmo/Git/High_Level_Web_Programing/pivotal-tc-server-developer-3.2.8.RELEASE/baseInstance/conf/Catalina/localhost/lecture1.xml] has finished in [1,735] ms
30-Apr-2018 11:19:21.230 정보 [localhost-startStop-1] org.apache.catalina.startup.HostConfig.deployDescriptor Deploying configuration descriptor [/Users/snowmo/Git/High_Level_Web_Programing/pivotal-tc-server-developer-3.2.8.RELEASE/baseInstance/conf/Catalina/localhost/M201432014.xml]
30-Apr-2018 11:19:21.232 경고 [localhost-startStop-1] org.apache.catalina.startup.SetContextPropertiesRule.begin [SetContextPropertiesRule]{Context} Setting property 'source' to 'org.eclipse.jst.jee.server:M201432014' did not find a matching property.
30-Apr-2018 11:19:22.679 정보 [localhost-startStop-1] org.apache.jasper.servlet.TldScanner.scanJars At least one JAR was scanned for TLDs yet contained no TLDs. Enable debug logging for this logger for a complete list of JARs that were scanned but no TLDs were found in them. Skipping unneeded JARs during scanning can improve startup time and JSP compilation time.
30-Apr-2018 11:19:22.680 정보 [localhost-startStop-1] org.apache.catalina.startup.HostConfig.deployDescriptor Deployment of configuration descriptor [/Users/snowmo/Git/High_Level_Web_Programing/pivotal-tc-server-developer-3.2.8.RELEASE/baseInstance/conf/Catalina/localhost/M201432014.xml] has finished in [1,450] ms
30-Apr-2018 11:19:22.681 정보 [localhost-startStop-1] org.apache.catalina.startup.HostConfig.deployDirectory Deploying web application directory [/Users/snowmo/Git/High_Level_Web_Programing/pivotal-tc-server-developer-3.2.8.RELEASE/baseInstance/webapps/manager]
30-Apr-2018 11:19:24.084 정보 [localhost-startStop-1] org.apache.jasper.servlet.TldScanner.scanJars At least one JAR was scanned for TLDs yet contained no TLDs. Enable debug logging for this logger for a complete list of JARs that were scanned but no TLDs were found in them. Skipping unneeded JARs during scanning can improve startup time and JSP compilation time.
30-Apr-2018 11:19:24.088 정보 [localhost-startStop-1] org.apache.catalina.startup.HostConfig.deployDirectory Deployment of web application directory [/Users/snowmo/Git/High_Level_Web_Programing/pivotal-tc-server-developer-3.2.8.RELEASE/baseInstance/webapps/manager] has finished in [1,407] ms
30-Apr-2018 11:19:24.088 정보 [localhost-startStop-1] org.apache.catalina.startup.HostConfig.deployDirectory Deploying web application directory [/Users/snowmo/Git/High_Level_Web_Programing/pivotal-tc-server-developer-3.2.8.RELEASE/baseInstance/webapps/ROOT]
30-Apr-2018 11:19:25.464 정보 [localhost-startStop-1] org.apache.jasper.servlet.TldScanner.scanJars At least one JAR was scanned for TLDs yet contained no TLDs. Enable debug logging for this logger for a complete list of JARs that were scanned but no TLDs were found in them. Skipping unneeded JARs during scanning can improve startup time and JSP compilation time.
30-Apr-2018 11:19:25.466 정보 [localhost-startStop-1] org.apache.catalina.startup.HostConfig.deployDirectory Deployment of web application directory [/Users/snowmo/Git/High_Level_Web_Programing/pivotal-tc-server-developer-3.2.8.RELEASE/baseInstance/webapps/ROOT] has finished in [1,378] ms
30-Apr-2018 11:19:25.475 정보 [main] org.apache.coyote.AbstractProtocol.start Starting ProtocolHandler ["http-nio-8080"]
30-Apr-2018 11:19:37.720 정보 [Thread-5] org.apache.coyote.AbstractProtocol.pause Pausing ProtocolHandler ["http-nio-8080"]
30-Apr-2018 11:19:37.775 정보 [Thread-5] org.apache.catalina.core.StandardService.stopInternal Stopping service [Catalina]
30-Apr-2018 11:19:37.807 정보 [Thread-5] org.apache.coyote.AbstractProtocol.stop Stopping ProtocolHandler ["http-nio-8080"]
30-Apr-2018 11:19:37.812 정보 [Thread-5] org.apache.coyote.AbstractProtocol.destroy Destroying ProtocolHandler ["http-nio-8080"]
30-Apr-2018 11:21:04.060 정보 [main] com.springsource.tcserver.security.PropertyDecoder.<init> tc Runtime property decoder using memory-based key
30-Apr-2018 11:21:04.062 정보 [main] com.springsource.tcserver.security.TcDecoder.initCiphers Initializing ciphers
30-Apr-2018 11:21:04.287 정보 [main] com.springsource.tcserver.security.PropertyDecoder.<init> tcServer Runtime property decoder has been initialized in 228 ms
30-Apr-2018 11:21:04.625 정보 [main] org.apache.coyote.AbstractProtocol.init Initializing ProtocolHandler ["http-nio-8080"]
30-Apr-2018 11:21:04.656 정보 [main] org.apache.tomcat.util.net.NioSelectorPool.getSharedSelector Using a shared selector for servlet write/read
30-Apr-2018 11:21:04.799 정보 [main] com.springsource.tcserver.serviceability.rmi.JmxSocketListener.init Started up JMX registry on 127.0.0.1:6969 in 137 ms
30-Apr-2018 11:21:04.812 정보 [main] org.apache.catalina.core.StandardService.startInternal Starting service [Catalina]
30-Apr-2018 11:21:04.812 정보 [main] org.apache.catalina.core.StandardEngine.startInternal Starting Servlet Engine: Pivotal tc Runtime 3.2.8.RELEASE/8.5.23.A.RELEASE
30-Apr-2018 11:21:04.819 정보 [localhost-startStop-1] org.apache.catalina.startup.HostConfig.deployDescriptor Deploying configuration descriptor [/Users/snowmo/Git/High_Level_Web_Programing/pivotal-tc-server-developer-3.2.8.RELEASE/baseInstance/conf/Catalina/localhost/A201432014.xml]
30-Apr-2018 11:21:04.845 경고 [localhost-startStop-1] org.apache.catalina.startup.SetContextPropertiesRule.begin [SetContextPropertiesRule]{Context} Setting property 'source' to 'org.eclipse.jst.jee.server:A201432014' did not find a matching property.
30-Apr-2018 11:21:07.118 정보 [localhost-startStop-1] org.apache.jasper.servlet.TldScanner.scanJars At least one JAR was scanned for TLDs yet contained no TLDs. Enable debug logging for this logger for a complete list of JARs that were scanned but no TLDs were found in them. Skipping unneeded JARs during scanning can improve startup time and JSP compilation time.
30-Apr-2018 11:21:07.144 정보 [localhost-startStop-1] org.apache.catalina.startup.HostConfig.deployDescriptor Deployment of configuration descriptor [/Users/snowmo/Git/High_Level_Web_Programing/pivotal-tc-server-developer-3.2.8.RELEASE/baseInstance/conf/Catalina/localhost/A201432014.xml] has finished in [2,325] ms
30-Apr-2018 11:21:07.144 정보 [localhost-startStop-1] org.apache.catalina.startup.HostConfig.deployDescriptor Deploying configuration descriptor [/Users/snowmo/Git/High_Level_Web_Programing/pivotal-tc-server-developer-3.2.8.RELEASE/baseInstance/conf/Catalina/localhost/lecture2.xml]
30-Apr-2018 11:21:07.147 경고 [localhost-startStop-1] org.apache.catalina.startup.SetContextPropertiesRule.begin [SetContextPropertiesRule]{Context} Setting property 'source' to 'org.eclipse.jst.jee.server:lecture2' did not find a matching property.
30-Apr-2018 11:21:08.930 정보 [localhost-startStop-1] org.apache.jasper.servlet.TldScanner.scanJars At least one JAR was scanned for TLDs yet contained no TLDs. Enable debug logging for this logger for a complete list of JARs that were scanned but no TLDs were found in them. Skipping unneeded JARs during scanning can improve startup time and JSP compilation time.
30-Apr-2018 11:21:08.931 정보 [localhost-startStop-1] org.apache.catalina.startup.HostConfig.deployDescriptor Deployment of configuration descriptor [/Users/snowmo/Git/High_Level_Web_Programing/pivotal-tc-server-developer-3.2.8.RELEASE/baseInstance/conf/Catalina/localhost/lecture2.xml] has finished in [1,787] ms
30-Apr-2018 11:21:08.931 정보 [localhost-startStop-1] org.apache.catalina.startup.HostConfig.deployDescriptor Deploying configuration descriptor [/Users/snowmo/Git/High_Level_Web_Programing/pivotal-tc-server-developer-3.2.8.RELEASE/baseInstance/conf/Catalina/localhost/lecture1.xml]
30-Apr-2018 11:21:08.934 경고 [localhost-startStop-1] org.apache.catalina.startup.SetContextPropertiesRule.begin [SetContextPropertiesRule]{Context} Setting property 'source' to 'org.eclipse.jst.jee.server:lecture1' did not find a matching property.
30-Apr-2018 11:21:10.755 정보 [localhost-startStop-1] org.apache.jasper.servlet.TldScanner.scanJars At least one JAR was scanned for TLDs yet contained no TLDs. Enable debug logging for this logger for a complete list of JARs that were scanned but no TLDs were found in them. Skipping unneeded JARs during scanning can improve startup time and JSP compilation time.
30-Apr-2018 11:21:10.761 정보 [localhost-startStop-1] org.apache.catalina.startup.HostConfig.deployDescriptor Deployment of configuration descriptor [/Users/snowmo/Git/High_Level_Web_Programing/pivotal-tc-server-developer-3.2.8.RELEASE/baseInstance/conf/Catalina/localhost/lecture1.xml] has finished in [1,830] ms
30-Apr-2018 11:21:10.761 정보 [localhost-startStop-1] org.apache.catalina.startup.HostConfig.deployDescriptor Deploying configuration descriptor [/Users/snowmo/Git/High_Level_Web_Programing/pivotal-tc-server-developer-3.2.8.RELEASE/baseInstance/conf/Catalina/localhost/M201432014.xml]
30-Apr-2018 11:21:10.764 경고 [localhost-startStop-1] org.apache.catalina.startup.SetContextPropertiesRule.begin [SetContextPropertiesRule]{Context} Setting property 'source' to 'org.eclipse.jst.jee.server:M201432014' did not find a matching property.
30-Apr-2018 11:21:12.257 정보 [localhost-startStop-1] org.apache.jasper.servlet.TldScanner.scanJars At least one JAR was scanned for TLDs yet contained no TLDs. Enable debug logging for this logger for a complete list of JARs that were scanned but no TLDs were found in them. Skipping unneeded JARs during scanning can improve startup time and JSP compilation time.
30-Apr-2018 11:21:12.259 정보 [localhost-startStop-1] org.apache.catalina.startup.HostConfig.deployDescriptor Deployment of configuration descriptor [/Users/snowmo/Git/High_Level_Web_Programing/pivotal-tc-server-developer-3.2.8.RELEASE/baseInstance/conf/Catalina/localhost/M201432014.xml] has finished in [1,498] ms
30-Apr-2018 11:21:12.259 정보 [localhost-startStop-1] org.apache.catalina.startup.HostConfig.deployDirectory Deploying web application directory [/Users/snowmo/Git/High_Level_Web_Programing/pivotal-tc-server-developer-3.2.8.RELEASE/baseInstance/webapps/manager]
30-Apr-2018 11:21:13.700 정보 [localhost-startStop-1] org.apache.jasper.servlet.TldScanner.scanJars At least one JAR was scanned for TLDs yet contained no TLDs. Enable debug logging for this logger for a complete list of JARs that were scanned but no TLDs were found in them. Skipping unneeded JARs during scanning can improve startup time and JSP compilation time.
30-Apr-2018 11:21:13.704 정보 [localhost-startStop-1] org.apache.catalina.startup.HostConfig.deployDirectory Deployment of web application directory [/Users/snowmo/Git/High_Level_Web_Programing/pivotal-tc-server-developer-3.2.8.RELEASE/baseInstance/webapps/manager] has finished in [1,445] ms
30-Apr-2018 11:21:13.704 정보 [localhost-startStop-1] org.apache.catalina.startup.HostConfig.deployDirectory Deploying web application directory [/Users/snowmo/Git/High_Level_Web_Programing/pivotal-tc-server-developer-3.2.8.RELEASE/baseInstance/webapps/ROOT]
30-Apr-2018 11:21:15.144 정보 [localhost-startStop-1] org.apache.jasper.servlet.TldScanner.scanJars At least one JAR was scanned for TLDs yet contained no TLDs. Enable debug logging for this logger for a complete list of JARs that were scanned but no TLDs were found in them. Skipping unneeded JARs during scanning can improve startup time and JSP compilation time.
30-Apr-2018 11:21:15.145 정보 [localhost-startStop-1] org.apache.catalina.startup.HostConfig.deployDirectory Deployment of web application directory [/Users/snowmo/Git/High_Level_Web_Programing/pivotal-tc-server-developer-3.2.8.RELEASE/baseInstance/webapps/ROOT] has finished in [1,441] ms
30-Apr-2018 11:21:15.156 정보 [main] org.apache.coyote.AbstractProtocol.start Starting ProtocolHandler ["http-nio-8080"]
30-Apr-2018 15:01:01.202 정보 [Thread-5] org.apache.coyote.AbstractProtocol.pause Pausing ProtocolHandler ["http-nio-8080"]
30-Apr-2018 15:01:01.259 정보 [Thread-5] org.apache.catalina.core.StandardService.stopInternal Stopping service [Catalina]
30-Apr-2018 15:01:01.291 정보 [Thread-5] org.apache.coyote.AbstractProtocol.stop Stopping ProtocolHandler ["http-nio-8080"]
30-Apr-2018 15:01:01.296 정보 [Thread-5] org.apache.coyote.AbstractProtocol.destroy Destroying ProtocolHandler ["http-nio-8080"]
