02-Apr-2018 11:42:37.864 정보 [main] com.springsource.tcserver.security.PropertyDecoder.<init> tc Runtime property decoder using memory-based key
02-Apr-2018 11:42:37.866 정보 [main] com.springsource.tcserver.security.TcDecoder.initCiphers Initializing ciphers
02-Apr-2018 11:42:38.145 정보 [main] com.springsource.tcserver.security.PropertyDecoder.<init> tcServer Runtime property decoder has been initialized in 283 ms
02-Apr-2018 11:42:38.542 정보 [main] org.apache.coyote.AbstractProtocol.init Initializing ProtocolHandler ["http-nio-8080"]
02-Apr-2018 11:42:38.572 정보 [main] org.apache.tomcat.util.net.NioSelectorPool.getSharedSelector Using a shared selector for servlet write/read
02-Apr-2018 11:42:38.747 정보 [main] com.springsource.tcserver.serviceability.rmi.JmxSocketListener.init Started up JMX registry on 127.0.0.1:6969 in 169 ms
02-Apr-2018 11:42:38.764 정보 [main] org.apache.catalina.core.StandardService.startInternal Starting service [Catalina]
02-Apr-2018 11:42:38.764 정보 [main] org.apache.catalina.core.StandardEngine.startInternal Starting Servlet Engine: Pivotal tc Runtime 3.2.8.RELEASE/8.5.23.A.RELEASE
02-Apr-2018 11:42:38.772 정보 [localhost-startStop-1] org.apache.catalina.startup.HostConfig.deployDescriptor Deploying configuration descriptor [/Users/snowmo/Git/High_Level_Web_Programing/pivotal-tc-server-developer-3.2.8.RELEASE/baseInstance/conf/Catalina/localhost/A201432014.xml]
02-Apr-2018 11:42:38.802 경고 [localhost-startStop-1] org.apache.catalina.startup.SetContextPropertiesRule.begin [SetContextPropertiesRule]{Context} Setting property 'source' to 'org.eclipse.jst.jee.server:A201432014' did not find a matching property.
02-Apr-2018 11:42:41.448 정보 [localhost-startStop-1] org.apache.jasper.servlet.TldScanner.scanJars At least one JAR was scanned for TLDs yet contained no TLDs. Enable debug logging for this logger for a complete list of JARs that were scanned but no TLDs were found in them. Skipping unneeded JARs during scanning can improve startup time and JSP compilation time.
02-Apr-2018 11:42:41.486 정보 [localhost-startStop-1] org.apache.catalina.startup.HostConfig.deployDescriptor Deployment of configuration descriptor [/Users/snowmo/Git/High_Level_Web_Programing/pivotal-tc-server-developer-3.2.8.RELEASE/baseInstance/conf/Catalina/localhost/A201432014.xml] has finished in [2,713] ms
02-Apr-2018 11:42:41.486 정보 [localhost-startStop-1] org.apache.catalina.startup.HostConfig.deployDescriptor Deploying configuration descriptor [/Users/snowmo/Git/High_Level_Web_Programing/pivotal-tc-server-developer-3.2.8.RELEASE/baseInstance/conf/Catalina/localhost/lecture2.xml]
02-Apr-2018 11:42:41.489 경고 [localhost-startStop-1] org.apache.catalina.startup.SetContextPropertiesRule.begin [SetContextPropertiesRule]{Context} Setting property 'source' to 'org.eclipse.jst.jee.server:lecture2' did not find a matching property.
02-Apr-2018 11:42:43.059 정보 [localhost-startStop-1] org.apache.jasper.servlet.TldScanner.scanJars At least one JAR was scanned for TLDs yet contained no TLDs. Enable debug logging for this logger for a complete list of JARs that were scanned but no TLDs were found in them. Skipping unneeded JARs during scanning can improve startup time and JSP compilation time.
02-Apr-2018 11:42:43.061 정보 [localhost-startStop-1] org.apache.catalina.startup.HostConfig.deployDescriptor Deployment of configuration descriptor [/Users/snowmo/Git/High_Level_Web_Programing/pivotal-tc-server-developer-3.2.8.RELEASE/baseInstance/conf/Catalina/localhost/lecture2.xml] has finished in [1,575] ms
02-Apr-2018 11:42:43.061 정보 [localhost-startStop-1] org.apache.catalina.startup.HostConfig.deployDescriptor Deploying configuration descriptor [/Users/snowmo/Git/High_Level_Web_Programing/pivotal-tc-server-developer-3.2.8.RELEASE/baseInstance/conf/Catalina/localhost/lecture1.xml]
02-Apr-2018 11:42:43.064 경고 [localhost-startStop-1] org.apache.catalina.startup.SetContextPropertiesRule.begin [SetContextPropertiesRule]{Context} Setting property 'source' to 'org.eclipse.jst.jee.server:lecture1' did not find a matching property.
02-Apr-2018 11:42:44.456 정보 [localhost-startStop-1] org.apache.jasper.servlet.TldScanner.scanJars At least one JAR was scanned for TLDs yet contained no TLDs. Enable debug logging for this logger for a complete list of JARs that were scanned but no TLDs were found in them. Skipping unneeded JARs during scanning can improve startup time and JSP compilation time.
02-Apr-2018 11:42:44.459 정보 [localhost-startStop-1] org.apache.catalina.startup.HostConfig.deployDescriptor Deployment of configuration descriptor [/Users/snowmo/Git/High_Level_Web_Programing/pivotal-tc-server-developer-3.2.8.RELEASE/baseInstance/conf/Catalina/localhost/lecture1.xml] has finished in [1,398] ms
02-Apr-2018 11:42:44.460 정보 [localhost-startStop-1] org.apache.catalina.startup.HostConfig.deployDirectory Deploying web application directory [/Users/snowmo/Git/High_Level_Web_Programing/pivotal-tc-server-developer-3.2.8.RELEASE/baseInstance/webapps/manager]
02-Apr-2018 11:42:45.829 정보 [localhost-startStop-1] org.apache.jasper.servlet.TldScanner.scanJars At least one JAR was scanned for TLDs yet contained no TLDs. Enable debug logging for this logger for a complete list of JARs that were scanned but no TLDs were found in them. Skipping unneeded JARs during scanning can improve startup time and JSP compilation time.
02-Apr-2018 11:42:45.835 정보 [localhost-startStop-1] org.apache.catalina.startup.HostConfig.deployDirectory Deployment of web application directory [/Users/snowmo/Git/High_Level_Web_Programing/pivotal-tc-server-developer-3.2.8.RELEASE/baseInstance/webapps/manager] has finished in [1,374] ms
02-Apr-2018 11:42:45.835 정보 [localhost-startStop-1] org.apache.catalina.startup.HostConfig.deployDirectory Deploying web application directory [/Users/snowmo/Git/High_Level_Web_Programing/pivotal-tc-server-developer-3.2.8.RELEASE/baseInstance/webapps/ROOT]
02-Apr-2018 11:42:47.223 정보 [localhost-startStop-1] org.apache.jasper.servlet.TldScanner.scanJars At least one JAR was scanned for TLDs yet contained no TLDs. Enable debug logging for this logger for a complete list of JARs that were scanned but no TLDs were found in them. Skipping unneeded JARs during scanning can improve startup time and JSP compilation time.
02-Apr-2018 11:42:47.225 정보 [localhost-startStop-1] org.apache.catalina.startup.HostConfig.deployDirectory Deployment of web application directory [/Users/snowmo/Git/High_Level_Web_Programing/pivotal-tc-server-developer-3.2.8.RELEASE/baseInstance/webapps/ROOT] has finished in [1,390] ms
02-Apr-2018 11:42:47.237 정보 [main] org.apache.coyote.AbstractProtocol.start Starting ProtocolHandler ["http-nio-8080"]
02-Apr-2018 14:18:28.860 정보 [Thread-4] org.apache.coyote.AbstractProtocol.pause Pausing ProtocolHandler ["http-nio-8080"]
02-Apr-2018 14:18:28.912 정보 [Thread-4] org.apache.catalina.core.StandardService.stopInternal Stopping service [Catalina]
02-Apr-2018 14:18:28.936 정보 [Thread-4] org.apache.coyote.AbstractProtocol.stop Stopping ProtocolHandler ["http-nio-8080"]
02-Apr-2018 14:18:28.941 정보 [Thread-4] org.apache.coyote.AbstractProtocol.destroy Destroying ProtocolHandler ["http-nio-8080"]
