04-Apr-2018 09:18:24.617 정보 [main] com.springsource.tcserver.security.PropertyDecoder.<init> tc Runtime property decoder using memory-based key
04-Apr-2018 09:18:24.621 정보 [main] com.springsource.tcserver.security.TcDecoder.initCiphers Initializing ciphers
04-Apr-2018 09:18:24.893 정보 [main] com.springsource.tcserver.security.PropertyDecoder.<init> tcServer Runtime property decoder has been initialized in 279 ms
04-Apr-2018 09:18:25.292 정보 [main] org.apache.coyote.AbstractProtocol.init Initializing ProtocolHandler ["http-nio-8080"]
04-Apr-2018 09:18:25.322 정보 [main] org.apache.tomcat.util.net.NioSelectorPool.getSharedSelector Using a shared selector for servlet write/read
04-Apr-2018 09:18:25.492 정보 [main] com.springsource.tcserver.serviceability.rmi.JmxSocketListener.init Started up JMX registry on 127.0.0.1:6969 in 162 ms
04-Apr-2018 09:18:25.507 정보 [main] org.apache.catalina.core.StandardService.startInternal Starting service [Catalina]
04-Apr-2018 09:18:25.507 정보 [main] org.apache.catalina.core.StandardEngine.startInternal Starting Servlet Engine: Pivotal tc Runtime 3.2.8.RELEASE/8.5.23.A.RELEASE
04-Apr-2018 09:18:25.516 정보 [localhost-startStop-1] org.apache.catalina.startup.HostConfig.deployDescriptor Deploying configuration descriptor [/Users/snowmo/Git/High_Level_Web_Programing/pivotal-tc-server-developer-3.2.8.RELEASE/baseInstance/conf/Catalina/localhost/A201432014.xml]
04-Apr-2018 09:18:25.546 경고 [localhost-startStop-1] org.apache.catalina.startup.SetContextPropertiesRule.begin [SetContextPropertiesRule]{Context} Setting property 'source' to 'org.eclipse.jst.jee.server:A201432014' did not find a matching property.
04-Apr-2018 09:18:27.902 정보 [localhost-startStop-1] org.apache.jasper.servlet.TldScanner.scanJars At least one JAR was scanned for TLDs yet contained no TLDs. Enable debug logging for this logger for a complete list of JARs that were scanned but no TLDs were found in them. Skipping unneeded JARs during scanning can improve startup time and JSP compilation time.
04-Apr-2018 09:18:27.927 정보 [localhost-startStop-1] org.apache.catalina.startup.HostConfig.deployDescriptor Deployment of configuration descriptor [/Users/snowmo/Git/High_Level_Web_Programing/pivotal-tc-server-developer-3.2.8.RELEASE/baseInstance/conf/Catalina/localhost/A201432014.xml] has finished in [2,411] ms
04-Apr-2018 09:18:27.928 정보 [localhost-startStop-1] org.apache.catalina.startup.HostConfig.deployDescriptor Deploying configuration descriptor [/Users/snowmo/Git/High_Level_Web_Programing/pivotal-tc-server-developer-3.2.8.RELEASE/baseInstance/conf/Catalina/localhost/lecture2.xml]
04-Apr-2018 09:18:27.930 경고 [localhost-startStop-1] org.apache.catalina.startup.SetContextPropertiesRule.begin [SetContextPropertiesRule]{Context} Setting property 'source' to 'org.eclipse.jst.jee.server:lecture2' did not find a matching property.
04-Apr-2018 09:18:29.547 정보 [localhost-startStop-1] org.apache.jasper.servlet.TldScanner.scanJars At least one JAR was scanned for TLDs yet contained no TLDs. Enable debug logging for this logger for a complete list of JARs that were scanned but no TLDs were found in them. Skipping unneeded JARs during scanning can improve startup time and JSP compilation time.
04-Apr-2018 09:18:29.550 정보 [localhost-startStop-1] org.apache.catalina.startup.HostConfig.deployDescriptor Deployment of configuration descriptor [/Users/snowmo/Git/High_Level_Web_Programing/pivotal-tc-server-developer-3.2.8.RELEASE/baseInstance/conf/Catalina/localhost/lecture2.xml] has finished in [1,623] ms
04-Apr-2018 09:18:29.550 정보 [localhost-startStop-1] org.apache.catalina.startup.HostConfig.deployDescriptor Deploying configuration descriptor [/Users/snowmo/Git/High_Level_Web_Programing/pivotal-tc-server-developer-3.2.8.RELEASE/baseInstance/conf/Catalina/localhost/lecture1.xml]
04-Apr-2018 09:18:29.553 경고 [localhost-startStop-1] org.apache.catalina.startup.SetContextPropertiesRule.begin [SetContextPropertiesRule]{Context} Setting property 'source' to 'org.eclipse.jst.jee.server:lecture1' did not find a matching property.
04-Apr-2018 09:18:30.941 정보 [localhost-startStop-1] org.apache.jasper.servlet.TldScanner.scanJars At least one JAR was scanned for TLDs yet contained no TLDs. Enable debug logging for this logger for a complete list of JARs that were scanned but no TLDs were found in them. Skipping unneeded JARs during scanning can improve startup time and JSP compilation time.
04-Apr-2018 09:18:30.943 정보 [localhost-startStop-1] org.apache.catalina.startup.HostConfig.deployDescriptor Deployment of configuration descriptor [/Users/snowmo/Git/High_Level_Web_Programing/pivotal-tc-server-developer-3.2.8.RELEASE/baseInstance/conf/Catalina/localhost/lecture1.xml] has finished in [1,393] ms
04-Apr-2018 09:18:30.944 정보 [localhost-startStop-1] org.apache.catalina.startup.HostConfig.deployDirectory Deploying web application directory [/Users/snowmo/Git/High_Level_Web_Programing/pivotal-tc-server-developer-3.2.8.RELEASE/baseInstance/webapps/manager]
04-Apr-2018 09:18:32.306 정보 [localhost-startStop-1] org.apache.jasper.servlet.TldScanner.scanJars At least one JAR was scanned for TLDs yet contained no TLDs. Enable debug logging for this logger for a complete list of JARs that were scanned but no TLDs were found in them. Skipping unneeded JARs during scanning can improve startup time and JSP compilation time.
04-Apr-2018 09:18:32.313 정보 [localhost-startStop-1] org.apache.catalina.startup.HostConfig.deployDirectory Deployment of web application directory [/Users/snowmo/Git/High_Level_Web_Programing/pivotal-tc-server-developer-3.2.8.RELEASE/baseInstance/webapps/manager] has finished in [1,370] ms
04-Apr-2018 09:18:32.313 정보 [localhost-startStop-1] org.apache.catalina.startup.HostConfig.deployDirectory Deploying web application directory [/Users/snowmo/Git/High_Level_Web_Programing/pivotal-tc-server-developer-3.2.8.RELEASE/baseInstance/webapps/ROOT]
04-Apr-2018 09:18:33.672 정보 [localhost-startStop-1] org.apache.jasper.servlet.TldScanner.scanJars At least one JAR was scanned for TLDs yet contained no TLDs. Enable debug logging for this logger for a complete list of JARs that were scanned but no TLDs were found in them. Skipping unneeded JARs during scanning can improve startup time and JSP compilation time.
04-Apr-2018 09:18:33.674 정보 [localhost-startStop-1] org.apache.catalina.startup.HostConfig.deployDirectory Deployment of web application directory [/Users/snowmo/Git/High_Level_Web_Programing/pivotal-tc-server-developer-3.2.8.RELEASE/baseInstance/webapps/ROOT] has finished in [1,361] ms
04-Apr-2018 09:18:33.685 정보 [main] org.apache.coyote.AbstractProtocol.start Starting ProtocolHandler ["http-nio-8080"]
04-Apr-2018 09:19:05.295 정보 [Thread-4] org.apache.coyote.AbstractProtocol.pause Pausing ProtocolHandler ["http-nio-8080"]
04-Apr-2018 09:19:05.350 정보 [Thread-4] org.apache.catalina.core.StandardService.stopInternal Stopping service [Catalina]
04-Apr-2018 09:19:05.378 정보 [Thread-4] org.apache.coyote.AbstractProtocol.stop Stopping ProtocolHandler ["http-nio-8080"]
04-Apr-2018 09:19:05.383 정보 [Thread-4] org.apache.coyote.AbstractProtocol.destroy Destroying ProtocolHandler ["http-nio-8080"]
04-Apr-2018 09:45:18.640 정보 [main] com.springsource.tcserver.security.PropertyDecoder.<init> tc Runtime property decoder using memory-based key
04-Apr-2018 09:45:18.645 정보 [main] com.springsource.tcserver.security.TcDecoder.initCiphers Initializing ciphers
04-Apr-2018 09:45:18.880 정보 [main] com.springsource.tcserver.security.PropertyDecoder.<init> tcServer Runtime property decoder has been initialized in 243 ms
04-Apr-2018 09:45:19.226 정보 [main] org.apache.coyote.AbstractProtocol.init Initializing ProtocolHandler ["http-nio-8080"]
04-Apr-2018 09:45:19.251 정보 [main] org.apache.tomcat.util.net.NioSelectorPool.getSharedSelector Using a shared selector for servlet write/read
04-Apr-2018 09:45:19.401 정보 [main] com.springsource.tcserver.serviceability.rmi.JmxSocketListener.init Started up JMX registry on 127.0.0.1:6969 in 143 ms
04-Apr-2018 09:45:19.415 정보 [main] org.apache.catalina.core.StandardService.startInternal Starting service [Catalina]
04-Apr-2018 09:45:19.416 정보 [main] org.apache.catalina.core.StandardEngine.startInternal Starting Servlet Engine: Pivotal tc Runtime 3.2.8.RELEASE/8.5.23.A.RELEASE
04-Apr-2018 09:45:19.423 정보 [localhost-startStop-1] org.apache.catalina.startup.HostConfig.deployDescriptor Deploying configuration descriptor [/Users/snowmo/Git/High_Level_Web_Programing/pivotal-tc-server-developer-3.2.8.RELEASE/baseInstance/conf/Catalina/localhost/A201432014.xml]
04-Apr-2018 09:45:19.447 경고 [localhost-startStop-1] org.apache.catalina.startup.SetContextPropertiesRule.begin [SetContextPropertiesRule]{Context} Setting property 'source' to 'org.eclipse.jst.jee.server:A201432014' did not find a matching property.
04-Apr-2018 09:45:21.507 정보 [localhost-startStop-1] org.apache.jasper.servlet.TldScanner.scanJars At least one JAR was scanned for TLDs yet contained no TLDs. Enable debug logging for this logger for a complete list of JARs that were scanned but no TLDs were found in them. Skipping unneeded JARs during scanning can improve startup time and JSP compilation time.
04-Apr-2018 09:45:21.529 정보 [localhost-startStop-1] org.apache.catalina.startup.HostConfig.deployDescriptor Deployment of configuration descriptor [/Users/snowmo/Git/High_Level_Web_Programing/pivotal-tc-server-developer-3.2.8.RELEASE/baseInstance/conf/Catalina/localhost/A201432014.xml] has finished in [2,106] ms
04-Apr-2018 09:45:21.529 정보 [localhost-startStop-1] org.apache.catalina.startup.HostConfig.deployDescriptor Deploying configuration descriptor [/Users/snowmo/Git/High_Level_Web_Programing/pivotal-tc-server-developer-3.2.8.RELEASE/baseInstance/conf/Catalina/localhost/lecture2.xml]
04-Apr-2018 09:45:21.532 경고 [localhost-startStop-1] org.apache.catalina.startup.SetContextPropertiesRule.begin [SetContextPropertiesRule]{Context} Setting property 'source' to 'org.eclipse.jst.jee.server:lecture2' did not find a matching property.
04-Apr-2018 09:45:23.148 정보 [localhost-startStop-1] org.apache.jasper.servlet.TldScanner.scanJars At least one JAR was scanned for TLDs yet contained no TLDs. Enable debug logging for this logger for a complete list of JARs that were scanned but no TLDs were found in them. Skipping unneeded JARs during scanning can improve startup time and JSP compilation time.
04-Apr-2018 09:45:23.157 정보 [localhost-startStop-1] org.apache.catalina.startup.HostConfig.deployDescriptor Deployment of configuration descriptor [/Users/snowmo/Git/High_Level_Web_Programing/pivotal-tc-server-developer-3.2.8.RELEASE/baseInstance/conf/Catalina/localhost/lecture2.xml] has finished in [1,627] ms
04-Apr-2018 09:45:23.157 정보 [localhost-startStop-1] org.apache.catalina.startup.HostConfig.deployDescriptor Deploying configuration descriptor [/Users/snowmo/Git/High_Level_Web_Programing/pivotal-tc-server-developer-3.2.8.RELEASE/baseInstance/conf/Catalina/localhost/lecture1.xml]
04-Apr-2018 09:45:23.159 경고 [localhost-startStop-1] org.apache.catalina.startup.SetContextPropertiesRule.begin [SetContextPropertiesRule]{Context} Setting property 'source' to 'org.eclipse.jst.jee.server:lecture1' did not find a matching property.
04-Apr-2018 09:45:24.519 정보 [localhost-startStop-1] org.apache.jasper.servlet.TldScanner.scanJars At least one JAR was scanned for TLDs yet contained no TLDs. Enable debug logging for this logger for a complete list of JARs that were scanned but no TLDs were found in them. Skipping unneeded JARs during scanning can improve startup time and JSP compilation time.
04-Apr-2018 09:45:24.521 정보 [localhost-startStop-1] org.apache.catalina.startup.HostConfig.deployDescriptor Deployment of configuration descriptor [/Users/snowmo/Git/High_Level_Web_Programing/pivotal-tc-server-developer-3.2.8.RELEASE/baseInstance/conf/Catalina/localhost/lecture1.xml] has finished in [1,364] ms
04-Apr-2018 09:45:24.521 정보 [localhost-startStop-1] org.apache.catalina.startup.HostConfig.deployDirectory Deploying web application directory [/Users/snowmo/Git/High_Level_Web_Programing/pivotal-tc-server-developer-3.2.8.RELEASE/baseInstance/webapps/manager]
04-Apr-2018 09:45:25.886 정보 [localhost-startStop-1] org.apache.jasper.servlet.TldScanner.scanJars At least one JAR was scanned for TLDs yet contained no TLDs. Enable debug logging for this logger for a complete list of JARs that were scanned but no TLDs were found in them. Skipping unneeded JARs during scanning can improve startup time and JSP compilation time.
04-Apr-2018 09:45:25.889 정보 [localhost-startStop-1] org.apache.catalina.startup.HostConfig.deployDirectory Deployment of web application directory [/Users/snowmo/Git/High_Level_Web_Programing/pivotal-tc-server-developer-3.2.8.RELEASE/baseInstance/webapps/manager] has finished in [1,368] ms
04-Apr-2018 09:45:25.889 정보 [localhost-startStop-1] org.apache.catalina.startup.HostConfig.deployDirectory Deploying web application directory [/Users/snowmo/Git/High_Level_Web_Programing/pivotal-tc-server-developer-3.2.8.RELEASE/baseInstance/webapps/ROOT]
04-Apr-2018 09:45:27.252 정보 [localhost-startStop-1] org.apache.jasper.servlet.TldScanner.scanJars At least one JAR was scanned for TLDs yet contained no TLDs. Enable debug logging for this logger for a complete list of JARs that were scanned but no TLDs were found in them. Skipping unneeded JARs during scanning can improve startup time and JSP compilation time.
04-Apr-2018 09:45:27.254 정보 [localhost-startStop-1] org.apache.catalina.startup.HostConfig.deployDirectory Deployment of web application directory [/Users/snowmo/Git/High_Level_Web_Programing/pivotal-tc-server-developer-3.2.8.RELEASE/baseInstance/webapps/ROOT] has finished in [1,365] ms
04-Apr-2018 09:45:27.265 정보 [main] org.apache.coyote.AbstractProtocol.start Starting ProtocolHandler ["http-nio-8080"]
04-Apr-2018 09:45:41.600 정보 [Thread-4] org.apache.coyote.AbstractProtocol.pause Pausing ProtocolHandler ["http-nio-8080"]
04-Apr-2018 09:45:41.653 정보 [Thread-4] org.apache.catalina.core.StandardService.stopInternal Stopping service [Catalina]
04-Apr-2018 09:45:41.680 정보 [Thread-4] org.apache.coyote.AbstractProtocol.stop Stopping ProtocolHandler ["http-nio-8080"]
04-Apr-2018 09:45:41.685 정보 [Thread-4] org.apache.coyote.AbstractProtocol.destroy Destroying ProtocolHandler ["http-nio-8080"]
04-Apr-2018 09:47:25.348 정보 [main] com.springsource.tcserver.security.PropertyDecoder.<init> tc Runtime property decoder using memory-based key
04-Apr-2018 09:47:25.350 정보 [main] com.springsource.tcserver.security.TcDecoder.initCiphers Initializing ciphers
04-Apr-2018 09:47:25.577 정보 [main] com.springsource.tcserver.security.PropertyDecoder.<init> tcServer Runtime property decoder has been initialized in 231 ms
04-Apr-2018 09:47:25.906 정보 [main] org.apache.coyote.AbstractProtocol.init Initializing ProtocolHandler ["http-nio-8080"]
04-Apr-2018 09:47:25.932 정보 [main] org.apache.tomcat.util.net.NioSelectorPool.getSharedSelector Using a shared selector for servlet write/read
04-Apr-2018 09:47:26.085 정보 [main] com.springsource.tcserver.serviceability.rmi.JmxSocketListener.init Started up JMX registry on 127.0.0.1:6969 in 146 ms
04-Apr-2018 09:47:26.097 정보 [main] org.apache.catalina.core.StandardService.startInternal Starting service [Catalina]
04-Apr-2018 09:47:26.097 정보 [main] org.apache.catalina.core.StandardEngine.startInternal Starting Servlet Engine: Pivotal tc Runtime 3.2.8.RELEASE/8.5.23.A.RELEASE
04-Apr-2018 09:47:26.104 정보 [localhost-startStop-1] org.apache.catalina.startup.HostConfig.deployDescriptor Deploying configuration descriptor [/Users/snowmo/Git/High_Level_Web_Programing/pivotal-tc-server-developer-3.2.8.RELEASE/baseInstance/conf/Catalina/localhost/A201432014.xml]
04-Apr-2018 09:47:26.129 경고 [localhost-startStop-1] org.apache.catalina.startup.SetContextPropertiesRule.begin [SetContextPropertiesRule]{Context} Setting property 'source' to 'org.eclipse.jst.jee.server:A201432014' did not find a matching property.
04-Apr-2018 09:47:28.129 정보 [localhost-startStop-1] org.apache.jasper.servlet.TldScanner.scanJars At least one JAR was scanned for TLDs yet contained no TLDs. Enable debug logging for this logger for a complete list of JARs that were scanned but no TLDs were found in them. Skipping unneeded JARs during scanning can improve startup time and JSP compilation time.
04-Apr-2018 09:47:28.151 정보 [localhost-startStop-1] org.apache.catalina.startup.HostConfig.deployDescriptor Deployment of configuration descriptor [/Users/snowmo/Git/High_Level_Web_Programing/pivotal-tc-server-developer-3.2.8.RELEASE/baseInstance/conf/Catalina/localhost/A201432014.xml] has finished in [2,047] ms
04-Apr-2018 09:47:28.151 정보 [localhost-startStop-1] org.apache.catalina.startup.HostConfig.deployDescriptor Deploying configuration descriptor [/Users/snowmo/Git/High_Level_Web_Programing/pivotal-tc-server-developer-3.2.8.RELEASE/baseInstance/conf/Catalina/localhost/lecture2.xml]
04-Apr-2018 09:47:28.153 경고 [localhost-startStop-1] org.apache.catalina.startup.SetContextPropertiesRule.begin [SetContextPropertiesRule]{Context} Setting property 'source' to 'org.eclipse.jst.jee.server:lecture2' did not find a matching property.
04-Apr-2018 09:47:29.730 정보 [localhost-startStop-1] org.apache.jasper.servlet.TldScanner.scanJars At least one JAR was scanned for TLDs yet contained no TLDs. Enable debug logging for this logger for a complete list of JARs that were scanned but no TLDs were found in them. Skipping unneeded JARs during scanning can improve startup time and JSP compilation time.
04-Apr-2018 09:47:29.737 정보 [localhost-startStop-1] org.apache.catalina.startup.HostConfig.deployDescriptor Deployment of configuration descriptor [/Users/snowmo/Git/High_Level_Web_Programing/pivotal-tc-server-developer-3.2.8.RELEASE/baseInstance/conf/Catalina/localhost/lecture2.xml] has finished in [1,585] ms
04-Apr-2018 09:47:29.737 정보 [localhost-startStop-1] org.apache.catalina.startup.HostConfig.deployDescriptor Deploying configuration descriptor [/Users/snowmo/Git/High_Level_Web_Programing/pivotal-tc-server-developer-3.2.8.RELEASE/baseInstance/conf/Catalina/localhost/lecture1.xml]
04-Apr-2018 09:47:29.738 경고 [localhost-startStop-1] org.apache.catalina.startup.SetContextPropertiesRule.begin [SetContextPropertiesRule]{Context} Setting property 'source' to 'org.eclipse.jst.jee.server:lecture1' did not find a matching property.
04-Apr-2018 09:47:31.095 정보 [localhost-startStop-1] org.apache.jasper.servlet.TldScanner.scanJars At least one JAR was scanned for TLDs yet contained no TLDs. Enable debug logging for this logger for a complete list of JARs that were scanned but no TLDs were found in them. Skipping unneeded JARs during scanning can improve startup time and JSP compilation time.
04-Apr-2018 09:47:31.097 정보 [localhost-startStop-1] org.apache.catalina.startup.HostConfig.deployDescriptor Deployment of configuration descriptor [/Users/snowmo/Git/High_Level_Web_Programing/pivotal-tc-server-developer-3.2.8.RELEASE/baseInstance/conf/Catalina/localhost/lecture1.xml] has finished in [1,360] ms
04-Apr-2018 09:47:31.097 정보 [localhost-startStop-1] org.apache.catalina.startup.HostConfig.deployDirectory Deploying web application directory [/Users/snowmo/Git/High_Level_Web_Programing/pivotal-tc-server-developer-3.2.8.RELEASE/baseInstance/webapps/manager]
04-Apr-2018 09:47:32.444 정보 [localhost-startStop-1] org.apache.jasper.servlet.TldScanner.scanJars At least one JAR was scanned for TLDs yet contained no TLDs. Enable debug logging for this logger for a complete list of JARs that were scanned but no TLDs were found in them. Skipping unneeded JARs during scanning can improve startup time and JSP compilation time.
04-Apr-2018 09:47:32.447 정보 [localhost-startStop-1] org.apache.catalina.startup.HostConfig.deployDirectory Deployment of web application directory [/Users/snowmo/Git/High_Level_Web_Programing/pivotal-tc-server-developer-3.2.8.RELEASE/baseInstance/webapps/manager] has finished in [1,350] ms
04-Apr-2018 09:47:32.447 정보 [localhost-startStop-1] org.apache.catalina.startup.HostConfig.deployDirectory Deploying web application directory [/Users/snowmo/Git/High_Level_Web_Programing/pivotal-tc-server-developer-3.2.8.RELEASE/baseInstance/webapps/ROOT]
04-Apr-2018 09:47:33.807 정보 [localhost-startStop-1] org.apache.jasper.servlet.TldScanner.scanJars At least one JAR was scanned for TLDs yet contained no TLDs. Enable debug logging for this logger for a complete list of JARs that were scanned but no TLDs were found in them. Skipping unneeded JARs during scanning can improve startup time and JSP compilation time.
04-Apr-2018 09:47:33.809 정보 [localhost-startStop-1] org.apache.catalina.startup.HostConfig.deployDirectory Deployment of web application directory [/Users/snowmo/Git/High_Level_Web_Programing/pivotal-tc-server-developer-3.2.8.RELEASE/baseInstance/webapps/ROOT] has finished in [1,362] ms
04-Apr-2018 09:47:33.819 정보 [main] org.apache.coyote.AbstractProtocol.start Starting ProtocolHandler ["http-nio-8080"]
04-Apr-2018 09:48:39.768 정보 [Thread-4] org.apache.coyote.AbstractProtocol.pause Pausing ProtocolHandler ["http-nio-8080"]
04-Apr-2018 09:48:39.822 정보 [Thread-4] org.apache.catalina.core.StandardService.stopInternal Stopping service [Catalina]
04-Apr-2018 09:48:39.849 정보 [Thread-4] org.apache.coyote.AbstractProtocol.stop Stopping ProtocolHandler ["http-nio-8080"]
04-Apr-2018 09:48:39.853 정보 [Thread-4] org.apache.coyote.AbstractProtocol.destroy Destroying ProtocolHandler ["http-nio-8080"]
04-Apr-2018 09:55:45.947 정보 [main] com.springsource.tcserver.security.PropertyDecoder.<init> tc Runtime property decoder using memory-based key
04-Apr-2018 09:55:45.949 정보 [main] com.springsource.tcserver.security.TcDecoder.initCiphers Initializing ciphers
04-Apr-2018 09:55:46.173 정보 [main] com.springsource.tcserver.security.PropertyDecoder.<init> tcServer Runtime property decoder has been initialized in 227 ms
04-Apr-2018 09:55:46.515 정보 [main] org.apache.coyote.AbstractProtocol.init Initializing ProtocolHandler ["http-nio-8080"]
04-Apr-2018 09:55:46.540 정보 [main] org.apache.tomcat.util.net.NioSelectorPool.getSharedSelector Using a shared selector for servlet write/read
04-Apr-2018 09:55:46.684 정보 [main] com.springsource.tcserver.serviceability.rmi.JmxSocketListener.init Started up JMX registry on 127.0.0.1:6969 in 138 ms
04-Apr-2018 09:55:46.698 정보 [main] org.apache.catalina.core.StandardService.startInternal Starting service [Catalina]
04-Apr-2018 09:55:46.698 정보 [main] org.apache.catalina.core.StandardEngine.startInternal Starting Servlet Engine: Pivotal tc Runtime 3.2.8.RELEASE/8.5.23.A.RELEASE
04-Apr-2018 09:55:46.705 정보 [localhost-startStop-1] org.apache.catalina.startup.HostConfig.deployDescriptor Deploying configuration descriptor [/Users/snowmo/Git/High_Level_Web_Programing/pivotal-tc-server-developer-3.2.8.RELEASE/baseInstance/conf/Catalina/localhost/A201432014.xml]
04-Apr-2018 09:55:46.732 경고 [localhost-startStop-1] org.apache.catalina.startup.SetContextPropertiesRule.begin [SetContextPropertiesRule]{Context} Setting property 'source' to 'org.eclipse.jst.jee.server:A201432014' did not find a matching property.
04-Apr-2018 09:55:48.785 정보 [localhost-startStop-1] org.apache.jasper.servlet.TldScanner.scanJars At least one JAR was scanned for TLDs yet contained no TLDs. Enable debug logging for this logger for a complete list of JARs that were scanned but no TLDs were found in them. Skipping unneeded JARs during scanning can improve startup time and JSP compilation time.
04-Apr-2018 09:55:48.809 정보 [localhost-startStop-1] org.apache.catalina.startup.HostConfig.deployDescriptor Deployment of configuration descriptor [/Users/snowmo/Git/High_Level_Web_Programing/pivotal-tc-server-developer-3.2.8.RELEASE/baseInstance/conf/Catalina/localhost/A201432014.xml] has finished in [2,103] ms
04-Apr-2018 09:55:48.809 정보 [localhost-startStop-1] org.apache.catalina.startup.HostConfig.deployDescriptor Deploying configuration descriptor [/Users/snowmo/Git/High_Level_Web_Programing/pivotal-tc-server-developer-3.2.8.RELEASE/baseInstance/conf/Catalina/localhost/lecture2.xml]
04-Apr-2018 09:55:48.812 경고 [localhost-startStop-1] org.apache.catalina.startup.SetContextPropertiesRule.begin [SetContextPropertiesRule]{Context} Setting property 'source' to 'org.eclipse.jst.jee.server:lecture2' did not find a matching property.
04-Apr-2018 09:55:50.480 정보 [localhost-startStop-1] org.apache.jasper.servlet.TldScanner.scanJars At least one JAR was scanned for TLDs yet contained no TLDs. Enable debug logging for this logger for a complete list of JARs that were scanned but no TLDs were found in them. Skipping unneeded JARs during scanning can improve startup time and JSP compilation time.
04-Apr-2018 09:55:50.488 정보 [localhost-startStop-1] org.apache.catalina.startup.HostConfig.deployDescriptor Deployment of configuration descriptor [/Users/snowmo/Git/High_Level_Web_Programing/pivotal-tc-server-developer-3.2.8.RELEASE/baseInstance/conf/Catalina/localhost/lecture2.xml] has finished in [1,679] ms
04-Apr-2018 09:55:50.488 정보 [localhost-startStop-1] org.apache.catalina.startup.HostConfig.deployDescriptor Deploying configuration descriptor [/Users/snowmo/Git/High_Level_Web_Programing/pivotal-tc-server-developer-3.2.8.RELEASE/baseInstance/conf/Catalina/localhost/lecture1.xml]
04-Apr-2018 09:55:50.490 경고 [localhost-startStop-1] org.apache.catalina.startup.SetContextPropertiesRule.begin [SetContextPropertiesRule]{Context} Setting property 'source' to 'org.eclipse.jst.jee.server:lecture1' did not find a matching property.
04-Apr-2018 09:55:51.892 정보 [localhost-startStop-1] org.apache.jasper.servlet.TldScanner.scanJars At least one JAR was scanned for TLDs yet contained no TLDs. Enable debug logging for this logger for a complete list of JARs that were scanned but no TLDs were found in them. Skipping unneeded JARs during scanning can improve startup time and JSP compilation time.
04-Apr-2018 09:55:51.894 정보 [localhost-startStop-1] org.apache.catalina.startup.HostConfig.deployDescriptor Deployment of configuration descriptor [/Users/snowmo/Git/High_Level_Web_Programing/pivotal-tc-server-developer-3.2.8.RELEASE/baseInstance/conf/Catalina/localhost/lecture1.xml] has finished in [1,405] ms
04-Apr-2018 09:55:51.894 정보 [localhost-startStop-1] org.apache.catalina.startup.HostConfig.deployDirectory Deploying web application directory [/Users/snowmo/Git/High_Level_Web_Programing/pivotal-tc-server-developer-3.2.8.RELEASE/baseInstance/webapps/manager]
04-Apr-2018 09:55:53.272 정보 [localhost-startStop-1] org.apache.jasper.servlet.TldScanner.scanJars At least one JAR was scanned for TLDs yet contained no TLDs. Enable debug logging for this logger for a complete list of JARs that were scanned but no TLDs were found in them. Skipping unneeded JARs during scanning can improve startup time and JSP compilation time.
04-Apr-2018 09:55:53.275 정보 [localhost-startStop-1] org.apache.catalina.startup.HostConfig.deployDirectory Deployment of web application directory [/Users/snowmo/Git/High_Level_Web_Programing/pivotal-tc-server-developer-3.2.8.RELEASE/baseInstance/webapps/manager] has finished in [1,381] ms
04-Apr-2018 09:55:53.275 정보 [localhost-startStop-1] org.apache.catalina.startup.HostConfig.deployDirectory Deploying web application directory [/Users/snowmo/Git/High_Level_Web_Programing/pivotal-tc-server-developer-3.2.8.RELEASE/baseInstance/webapps/ROOT]
04-Apr-2018 09:55:54.658 정보 [localhost-startStop-1] org.apache.jasper.servlet.TldScanner.scanJars At least one JAR was scanned for TLDs yet contained no TLDs. Enable debug logging for this logger for a complete list of JARs that were scanned but no TLDs were found in them. Skipping unneeded JARs during scanning can improve startup time and JSP compilation time.
04-Apr-2018 09:55:54.660 정보 [localhost-startStop-1] org.apache.catalina.startup.HostConfig.deployDirectory Deployment of web application directory [/Users/snowmo/Git/High_Level_Web_Programing/pivotal-tc-server-developer-3.2.8.RELEASE/baseInstance/webapps/ROOT] has finished in [1,385] ms
04-Apr-2018 09:55:54.671 정보 [main] org.apache.coyote.AbstractProtocol.start Starting ProtocolHandler ["http-nio-8080"]
04-Apr-2018 10:08:29.800 정보 [Thread-4] org.apache.coyote.AbstractProtocol.pause Pausing ProtocolHandler ["http-nio-8080"]
04-Apr-2018 10:08:29.857 정보 [Thread-4] org.apache.catalina.core.StandardService.stopInternal Stopping service [Catalina]
04-Apr-2018 10:08:29.885 정보 [Thread-4] org.apache.coyote.AbstractProtocol.stop Stopping ProtocolHandler ["http-nio-8080"]
04-Apr-2018 10:08:29.888 정보 [Thread-4] org.apache.coyote.AbstractProtocol.destroy Destroying ProtocolHandler ["http-nio-8080"]
04-Apr-2018 10:13:18.911 정보 [main] com.springsource.tcserver.security.PropertyDecoder.<init> tc Runtime property decoder using memory-based key
04-Apr-2018 10:13:18.914 정보 [main] com.springsource.tcserver.security.TcDecoder.initCiphers Initializing ciphers
04-Apr-2018 10:13:19.168 정보 [main] com.springsource.tcserver.security.PropertyDecoder.<init> tcServer Runtime property decoder has been initialized in 259 ms
04-Apr-2018 10:13:19.546 정보 [main] org.apache.coyote.AbstractProtocol.init Initializing ProtocolHandler ["http-nio-8080"]
04-Apr-2018 10:13:19.571 정보 [main] org.apache.tomcat.util.net.NioSelectorPool.getSharedSelector Using a shared selector for servlet write/read
04-Apr-2018 10:13:19.718 정보 [main] com.springsource.tcserver.serviceability.rmi.JmxSocketListener.init Started up JMX registry on 127.0.0.1:6969 in 139 ms
04-Apr-2018 10:13:19.731 정보 [main] org.apache.catalina.core.StandardService.startInternal Starting service [Catalina]
04-Apr-2018 10:13:19.731 정보 [main] org.apache.catalina.core.StandardEngine.startInternal Starting Servlet Engine: Pivotal tc Runtime 3.2.8.RELEASE/8.5.23.A.RELEASE
04-Apr-2018 10:13:19.739 정보 [localhost-startStop-1] org.apache.catalina.startup.HostConfig.deployDescriptor Deploying configuration descriptor [/Users/snowmo/Git/High_Level_Web_Programing/pivotal-tc-server-developer-3.2.8.RELEASE/baseInstance/conf/Catalina/localhost/A201432014.xml]
04-Apr-2018 10:13:19.768 경고 [localhost-startStop-1] org.apache.catalina.startup.SetContextPropertiesRule.begin [SetContextPropertiesRule]{Context} Setting property 'source' to 'org.eclipse.jst.jee.server:A201432014' did not find a matching property.
04-Apr-2018 10:13:21.825 정보 [localhost-startStop-1] org.apache.jasper.servlet.TldScanner.scanJars At least one JAR was scanned for TLDs yet contained no TLDs. Enable debug logging for this logger for a complete list of JARs that were scanned but no TLDs were found in them. Skipping unneeded JARs during scanning can improve startup time and JSP compilation time.
04-Apr-2018 10:13:21.851 정보 [localhost-startStop-1] org.apache.catalina.startup.HostConfig.deployDescriptor Deployment of configuration descriptor [/Users/snowmo/Git/High_Level_Web_Programing/pivotal-tc-server-developer-3.2.8.RELEASE/baseInstance/conf/Catalina/localhost/A201432014.xml] has finished in [2,112] ms
04-Apr-2018 10:13:21.851 정보 [localhost-startStop-1] org.apache.catalina.startup.HostConfig.deployDescriptor Deploying configuration descriptor [/Users/snowmo/Git/High_Level_Web_Programing/pivotal-tc-server-developer-3.2.8.RELEASE/baseInstance/conf/Catalina/localhost/lecture2.xml]
04-Apr-2018 10:13:21.853 경고 [localhost-startStop-1] org.apache.catalina.startup.SetContextPropertiesRule.begin [SetContextPropertiesRule]{Context} Setting property 'source' to 'org.eclipse.jst.jee.server:lecture2' did not find a matching property.
04-Apr-2018 10:13:23.550 정보 [localhost-startStop-1] org.apache.jasper.servlet.TldScanner.scanJars At least one JAR was scanned for TLDs yet contained no TLDs. Enable debug logging for this logger for a complete list of JARs that were scanned but no TLDs were found in them. Skipping unneeded JARs during scanning can improve startup time and JSP compilation time.
04-Apr-2018 10:13:23.559 정보 [localhost-startStop-1] org.apache.catalina.startup.HostConfig.deployDescriptor Deployment of configuration descriptor [/Users/snowmo/Git/High_Level_Web_Programing/pivotal-tc-server-developer-3.2.8.RELEASE/baseInstance/conf/Catalina/localhost/lecture2.xml] has finished in [1,708] ms
04-Apr-2018 10:13:23.559 정보 [localhost-startStop-1] org.apache.catalina.startup.HostConfig.deployDescriptor Deploying configuration descriptor [/Users/snowmo/Git/High_Level_Web_Programing/pivotal-tc-server-developer-3.2.8.RELEASE/baseInstance/conf/Catalina/localhost/lecture1.xml]
04-Apr-2018 10:13:23.561 경고 [localhost-startStop-1] org.apache.catalina.startup.SetContextPropertiesRule.begin [SetContextPropertiesRule]{Context} Setting property 'source' to 'org.eclipse.jst.jee.server:lecture1' did not find a matching property.
04-Apr-2018 10:13:24.982 정보 [localhost-startStop-1] org.apache.jasper.servlet.TldScanner.scanJars At least one JAR was scanned for TLDs yet contained no TLDs. Enable debug logging for this logger for a complete list of JARs that were scanned but no TLDs were found in them. Skipping unneeded JARs during scanning can improve startup time and JSP compilation time.
04-Apr-2018 10:13:24.983 정보 [localhost-startStop-1] org.apache.catalina.startup.HostConfig.deployDescriptor Deployment of configuration descriptor [/Users/snowmo/Git/High_Level_Web_Programing/pivotal-tc-server-developer-3.2.8.RELEASE/baseInstance/conf/Catalina/localhost/lecture1.xml] has finished in [1,424] ms
04-Apr-2018 10:13:24.984 정보 [localhost-startStop-1] org.apache.catalina.startup.HostConfig.deployDirectory Deploying web application directory [/Users/snowmo/Git/High_Level_Web_Programing/pivotal-tc-server-developer-3.2.8.RELEASE/baseInstance/webapps/manager]
04-Apr-2018 10:13:26.377 정보 [localhost-startStop-1] org.apache.jasper.servlet.TldScanner.scanJars At least one JAR was scanned for TLDs yet contained no TLDs. Enable debug logging for this logger for a complete list of JARs that were scanned but no TLDs were found in them. Skipping unneeded JARs during scanning can improve startup time and JSP compilation time.
04-Apr-2018 10:13:26.382 정보 [localhost-startStop-1] org.apache.catalina.startup.HostConfig.deployDirectory Deployment of web application directory [/Users/snowmo/Git/High_Level_Web_Programing/pivotal-tc-server-developer-3.2.8.RELEASE/baseInstance/webapps/manager] has finished in [1,398] ms
04-Apr-2018 10:13:26.383 정보 [localhost-startStop-1] org.apache.catalina.startup.HostConfig.deployDirectory Deploying web application directory [/Users/snowmo/Git/High_Level_Web_Programing/pivotal-tc-server-developer-3.2.8.RELEASE/baseInstance/webapps/ROOT]
04-Apr-2018 10:13:27.818 정보 [localhost-startStop-1] org.apache.jasper.servlet.TldScanner.scanJars At least one JAR was scanned for TLDs yet contained no TLDs. Enable debug logging for this logger for a complete list of JARs that were scanned but no TLDs were found in them. Skipping unneeded JARs during scanning can improve startup time and JSP compilation time.
04-Apr-2018 10:13:27.820 정보 [localhost-startStop-1] org.apache.catalina.startup.HostConfig.deployDirectory Deployment of web application directory [/Users/snowmo/Git/High_Level_Web_Programing/pivotal-tc-server-developer-3.2.8.RELEASE/baseInstance/webapps/ROOT] has finished in [1,438] ms
04-Apr-2018 10:13:27.832 정보 [main] org.apache.coyote.AbstractProtocol.start Starting ProtocolHandler ["http-nio-8080"]
04-Apr-2018 10:13:28.132 정보 [Thread-4] org.apache.coyote.AbstractProtocol.pause Pausing ProtocolHandler ["http-nio-8080"]
04-Apr-2018 10:13:28.190 정보 [Thread-4] org.apache.catalina.core.StandardService.stopInternal Stopping service [Catalina]
04-Apr-2018 10:13:28.211 정보 [Thread-4] org.apache.coyote.AbstractProtocol.stop Stopping ProtocolHandler ["http-nio-8080"]
04-Apr-2018 10:13:28.216 정보 [Thread-4] org.apache.coyote.AbstractProtocol.destroy Destroying ProtocolHandler ["http-nio-8080"]
04-Apr-2018 10:14:50.658 정보 [main] com.springsource.tcserver.security.PropertyDecoder.<init> tc Runtime property decoder using memory-based key
04-Apr-2018 10:14:50.660 정보 [main] com.springsource.tcserver.security.TcDecoder.initCiphers Initializing ciphers
04-Apr-2018 10:14:50.891 정보 [main] com.springsource.tcserver.security.PropertyDecoder.<init> tcServer Runtime property decoder has been initialized in 234 ms
04-Apr-2018 10:14:51.236 정보 [main] org.apache.coyote.AbstractProtocol.init Initializing ProtocolHandler ["http-nio-8080"]
04-Apr-2018 10:14:51.261 정보 [main] org.apache.tomcat.util.net.NioSelectorPool.getSharedSelector Using a shared selector for servlet write/read
04-Apr-2018 10:14:51.410 정보 [main] com.springsource.tcserver.serviceability.rmi.JmxSocketListener.init Started up JMX registry on 127.0.0.1:6969 in 142 ms
04-Apr-2018 10:14:51.423 정보 [main] org.apache.catalina.core.StandardService.startInternal Starting service [Catalina]
04-Apr-2018 10:14:51.424 정보 [main] org.apache.catalina.core.StandardEngine.startInternal Starting Servlet Engine: Pivotal tc Runtime 3.2.8.RELEASE/8.5.23.A.RELEASE
04-Apr-2018 10:14:51.431 정보 [localhost-startStop-1] org.apache.catalina.startup.HostConfig.deployDescriptor Deploying configuration descriptor [/Users/snowmo/Git/High_Level_Web_Programing/pivotal-tc-server-developer-3.2.8.RELEASE/baseInstance/conf/Catalina/localhost/A201432014.xml]
04-Apr-2018 10:14:51.457 경고 [localhost-startStop-1] org.apache.catalina.startup.SetContextPropertiesRule.begin [SetContextPropertiesRule]{Context} Setting property 'source' to 'org.eclipse.jst.jee.server:A201432014' did not find a matching property.
04-Apr-2018 10:14:53.482 정보 [localhost-startStop-1] org.apache.jasper.servlet.TldScanner.scanJars At least one JAR was scanned for TLDs yet contained no TLDs. Enable debug logging for this logger for a complete list of JARs that were scanned but no TLDs were found in them. Skipping unneeded JARs during scanning can improve startup time and JSP compilation time.
04-Apr-2018 10:14:53.503 정보 [localhost-startStop-1] org.apache.catalina.startup.HostConfig.deployDescriptor Deployment of configuration descriptor [/Users/snowmo/Git/High_Level_Web_Programing/pivotal-tc-server-developer-3.2.8.RELEASE/baseInstance/conf/Catalina/localhost/A201432014.xml] has finished in [2,072] ms
04-Apr-2018 10:14:53.504 정보 [localhost-startStop-1] org.apache.catalina.startup.HostConfig.deployDescriptor Deploying configuration descriptor [/Users/snowmo/Git/High_Level_Web_Programing/pivotal-tc-server-developer-3.2.8.RELEASE/baseInstance/conf/Catalina/localhost/lecture2.xml]
04-Apr-2018 10:14:53.506 경고 [localhost-startStop-1] org.apache.catalina.startup.SetContextPropertiesRule.begin [SetContextPropertiesRule]{Context} Setting property 'source' to 'org.eclipse.jst.jee.server:lecture2' did not find a matching property.
04-Apr-2018 10:14:55.137 정보 [localhost-startStop-1] org.apache.jasper.servlet.TldScanner.scanJars At least one JAR was scanned for TLDs yet contained no TLDs. Enable debug logging for this logger for a complete list of JARs that were scanned but no TLDs were found in them. Skipping unneeded JARs during scanning can improve startup time and JSP compilation time.
04-Apr-2018 10:14:55.145 정보 [localhost-startStop-1] org.apache.catalina.startup.HostConfig.deployDescriptor Deployment of configuration descriptor [/Users/snowmo/Git/High_Level_Web_Programing/pivotal-tc-server-developer-3.2.8.RELEASE/baseInstance/conf/Catalina/localhost/lecture2.xml] has finished in [1,640] ms
04-Apr-2018 10:14:55.145 정보 [localhost-startStop-1] org.apache.catalina.startup.HostConfig.deployDescriptor Deploying configuration descriptor [/Users/snowmo/Git/High_Level_Web_Programing/pivotal-tc-server-developer-3.2.8.RELEASE/baseInstance/conf/Catalina/localhost/lecture1.xml]
04-Apr-2018 10:14:55.146 경고 [localhost-startStop-1] org.apache.catalina.startup.SetContextPropertiesRule.begin [SetContextPropertiesRule]{Context} Setting property 'source' to 'org.eclipse.jst.jee.server:lecture1' did not find a matching property.
04-Apr-2018 10:14:56.554 정보 [localhost-startStop-1] org.apache.jasper.servlet.TldScanner.scanJars At least one JAR was scanned for TLDs yet contained no TLDs. Enable debug logging for this logger for a complete list of JARs that were scanned but no TLDs were found in them. Skipping unneeded JARs during scanning can improve startup time and JSP compilation time.
04-Apr-2018 10:14:56.556 정보 [localhost-startStop-1] org.apache.catalina.startup.HostConfig.deployDescriptor Deployment of configuration descriptor [/Users/snowmo/Git/High_Level_Web_Programing/pivotal-tc-server-developer-3.2.8.RELEASE/baseInstance/conf/Catalina/localhost/lecture1.xml] has finished in [1,411] ms
04-Apr-2018 10:14:56.557 정보 [localhost-startStop-1] org.apache.catalina.startup.HostConfig.deployDirectory Deploying web application directory [/Users/snowmo/Git/High_Level_Web_Programing/pivotal-tc-server-developer-3.2.8.RELEASE/baseInstance/webapps/manager]
04-Apr-2018 10:14:57.984 정보 [localhost-startStop-1] org.apache.jasper.servlet.TldScanner.scanJars At least one JAR was scanned for TLDs yet contained no TLDs. Enable debug logging for this logger for a complete list of JARs that were scanned but no TLDs were found in them. Skipping unneeded JARs during scanning can improve startup time and JSP compilation time.
04-Apr-2018 10:14:57.987 정보 [localhost-startStop-1] org.apache.catalina.startup.HostConfig.deployDirectory Deployment of web application directory [/Users/snowmo/Git/High_Level_Web_Programing/pivotal-tc-server-developer-3.2.8.RELEASE/baseInstance/webapps/manager] has finished in [1,430] ms
04-Apr-2018 10:14:57.987 정보 [localhost-startStop-1] org.apache.catalina.startup.HostConfig.deployDirectory Deploying web application directory [/Users/snowmo/Git/High_Level_Web_Programing/pivotal-tc-server-developer-3.2.8.RELEASE/baseInstance/webapps/ROOT]
04-Apr-2018 10:14:59.384 정보 [localhost-startStop-1] org.apache.jasper.servlet.TldScanner.scanJars At least one JAR was scanned for TLDs yet contained no TLDs. Enable debug logging for this logger for a complete list of JARs that were scanned but no TLDs were found in them. Skipping unneeded JARs during scanning can improve startup time and JSP compilation time.
04-Apr-2018 10:14:59.386 정보 [localhost-startStop-1] org.apache.catalina.startup.HostConfig.deployDirectory Deployment of web application directory [/Users/snowmo/Git/High_Level_Web_Programing/pivotal-tc-server-developer-3.2.8.RELEASE/baseInstance/webapps/ROOT] has finished in [1,399] ms
04-Apr-2018 10:14:59.396 정보 [main] org.apache.coyote.AbstractProtocol.start Starting ProtocolHandler ["http-nio-8080"]
04-Apr-2018 10:16:44.440 정보 [Thread-4] org.apache.coyote.AbstractProtocol.pause Pausing ProtocolHandler ["http-nio-8080"]
04-Apr-2018 10:16:44.496 정보 [Thread-4] org.apache.catalina.core.StandardService.stopInternal Stopping service [Catalina]
04-Apr-2018 10:16:44.523 정보 [Thread-4] org.apache.coyote.AbstractProtocol.stop Stopping ProtocolHandler ["http-nio-8080"]
04-Apr-2018 10:16:44.527 정보 [Thread-4] org.apache.coyote.AbstractProtocol.destroy Destroying ProtocolHandler ["http-nio-8080"]
