12-Apr-2018 10:42:20.540 정보 [main] com.springsource.tcserver.security.PropertyDecoder.<init> tc Runtime property decoder using memory-based key
12-Apr-2018 10:42:20.543 정보 [main] com.springsource.tcserver.security.TcDecoder.initCiphers Initializing ciphers
12-Apr-2018 10:42:20.829 정보 [main] com.springsource.tcserver.security.PropertyDecoder.<init> tcServer Runtime property decoder has been initialized in 291 ms
12-Apr-2018 10:42:21.232 정보 [main] org.apache.coyote.AbstractProtocol.init Initializing ProtocolHandler ["http-nio-8080"]
12-Apr-2018 10:42:21.266 정보 [main] org.apache.tomcat.util.net.NioSelectorPool.getSharedSelector Using a shared selector for servlet write/read
12-Apr-2018 10:42:21.438 정보 [main] com.springsource.tcserver.serviceability.rmi.JmxSocketListener.init Started up JMX registry on 127.0.0.1:6969 in 165 ms
12-Apr-2018 10:42:21.453 정보 [main] org.apache.catalina.core.StandardService.startInternal Starting service [Catalina]
12-Apr-2018 10:42:21.453 정보 [main] org.apache.catalina.core.StandardEngine.startInternal Starting Servlet Engine: Pivotal tc Runtime 3.2.8.RELEASE/8.5.23.A.RELEASE
12-Apr-2018 10:42:21.459 정보 [localhost-startStop-1] org.apache.catalina.startup.HostConfig.deployDescriptor Deploying configuration descriptor [/Users/snowmo/Git/High_Level_Web_Programing/pivotal-tc-server-developer-3.2.8.RELEASE/baseInstance/conf/Catalina/localhost/A201432014.xml]
12-Apr-2018 10:42:21.489 경고 [localhost-startStop-1] org.apache.catalina.startup.SetContextPropertiesRule.begin [SetContextPropertiesRule]{Context} Setting property 'source' to 'org.eclipse.jst.jee.server:A201432014' did not find a matching property.
12-Apr-2018 10:42:24.087 정보 [localhost-startStop-1] org.apache.jasper.servlet.TldScanner.scanJars At least one JAR was scanned for TLDs yet contained no TLDs. Enable debug logging for this logger for a complete list of JARs that were scanned but no TLDs were found in them. Skipping unneeded JARs during scanning can improve startup time and JSP compilation time.
12-Apr-2018 10:42:24.111 정보 [localhost-startStop-1] org.apache.catalina.startup.HostConfig.deployDescriptor Deployment of configuration descriptor [/Users/snowmo/Git/High_Level_Web_Programing/pivotal-tc-server-developer-3.2.8.RELEASE/baseInstance/conf/Catalina/localhost/A201432014.xml] has finished in [2,651] ms
12-Apr-2018 10:42:24.111 정보 [localhost-startStop-1] org.apache.catalina.startup.HostConfig.deployDescriptor Deploying configuration descriptor [/Users/snowmo/Git/High_Level_Web_Programing/pivotal-tc-server-developer-3.2.8.RELEASE/baseInstance/conf/Catalina/localhost/lecture2.xml]
12-Apr-2018 10:42:24.113 경고 [localhost-startStop-1] org.apache.catalina.startup.SetContextPropertiesRule.begin [SetContextPropertiesRule]{Context} Setting property 'source' to 'org.eclipse.jst.jee.server:lecture2' did not find a matching property.
12-Apr-2018 10:42:25.663 정보 [localhost-startStop-1] org.apache.jasper.servlet.TldScanner.scanJars At least one JAR was scanned for TLDs yet contained no TLDs. Enable debug logging for this logger for a complete list of JARs that were scanned but no TLDs were found in them. Skipping unneeded JARs during scanning can improve startup time and JSP compilation time.
12-Apr-2018 10:42:25.672 정보 [localhost-startStop-1] org.apache.catalina.startup.HostConfig.deployDescriptor Deployment of configuration descriptor [/Users/snowmo/Git/High_Level_Web_Programing/pivotal-tc-server-developer-3.2.8.RELEASE/baseInstance/conf/Catalina/localhost/lecture2.xml] has finished in [1,561] ms
12-Apr-2018 10:42:25.672 정보 [localhost-startStop-1] org.apache.catalina.startup.HostConfig.deployDescriptor Deploying configuration descriptor [/Users/snowmo/Git/High_Level_Web_Programing/pivotal-tc-server-developer-3.2.8.RELEASE/baseInstance/conf/Catalina/localhost/lecture1.xml]
12-Apr-2018 10:42:25.674 경고 [localhost-startStop-1] org.apache.catalina.startup.SetContextPropertiesRule.begin [SetContextPropertiesRule]{Context} Setting property 'source' to 'org.eclipse.jst.jee.server:lecture1' did not find a matching property.
12-Apr-2018 10:42:27.108 정보 [localhost-startStop-1] org.apache.jasper.servlet.TldScanner.scanJars At least one JAR was scanned for TLDs yet contained no TLDs. Enable debug logging for this logger for a complete list of JARs that were scanned but no TLDs were found in them. Skipping unneeded JARs during scanning can improve startup time and JSP compilation time.
12-Apr-2018 10:42:27.109 정보 [localhost-startStop-1] org.apache.catalina.startup.HostConfig.deployDescriptor Deployment of configuration descriptor [/Users/snowmo/Git/High_Level_Web_Programing/pivotal-tc-server-developer-3.2.8.RELEASE/baseInstance/conf/Catalina/localhost/lecture1.xml] has finished in [1,437] ms
12-Apr-2018 10:42:27.110 정보 [localhost-startStop-1] org.apache.catalina.startup.HostConfig.deployDirectory Deploying web application directory [/Users/snowmo/Git/High_Level_Web_Programing/pivotal-tc-server-developer-3.2.8.RELEASE/baseInstance/webapps/manager]
12-Apr-2018 10:42:28.522 정보 [localhost-startStop-1] org.apache.jasper.servlet.TldScanner.scanJars At least one JAR was scanned for TLDs yet contained no TLDs. Enable debug logging for this logger for a complete list of JARs that were scanned but no TLDs were found in them. Skipping unneeded JARs during scanning can improve startup time and JSP compilation time.
12-Apr-2018 10:42:28.528 정보 [localhost-startStop-1] org.apache.catalina.startup.HostConfig.deployDirectory Deployment of web application directory [/Users/snowmo/Git/High_Level_Web_Programing/pivotal-tc-server-developer-3.2.8.RELEASE/baseInstance/webapps/manager] has finished in [1,418] ms
12-Apr-2018 10:42:28.529 정보 [localhost-startStop-1] org.apache.catalina.startup.HostConfig.deployDirectory Deploying web application directory [/Users/snowmo/Git/High_Level_Web_Programing/pivotal-tc-server-developer-3.2.8.RELEASE/baseInstance/webapps/ROOT]
12-Apr-2018 10:42:29.924 정보 [localhost-startStop-1] org.apache.jasper.servlet.TldScanner.scanJars At least one JAR was scanned for TLDs yet contained no TLDs. Enable debug logging for this logger for a complete list of JARs that were scanned but no TLDs were found in them. Skipping unneeded JARs during scanning can improve startup time and JSP compilation time.
12-Apr-2018 10:42:29.926 정보 [localhost-startStop-1] org.apache.catalina.startup.HostConfig.deployDirectory Deployment of web application directory [/Users/snowmo/Git/High_Level_Web_Programing/pivotal-tc-server-developer-3.2.8.RELEASE/baseInstance/webapps/ROOT] has finished in [1,397] ms
12-Apr-2018 10:42:29.937 정보 [main] org.apache.coyote.AbstractProtocol.start Starting ProtocolHandler ["http-nio-8080"]
12-Apr-2018 10:42:34.693 정보 [Thread-4] org.apache.coyote.AbstractProtocol.pause Pausing ProtocolHandler ["http-nio-8080"]
12-Apr-2018 10:42:34.746 정보 [Thread-4] org.apache.catalina.core.StandardService.stopInternal Stopping service [Catalina]
12-Apr-2018 10:42:34.765 정보 [Thread-4] org.apache.coyote.AbstractProtocol.stop Stopping ProtocolHandler ["http-nio-8080"]
12-Apr-2018 10:42:34.768 정보 [Thread-4] org.apache.coyote.AbstractProtocol.destroy Destroying ProtocolHandler ["http-nio-8080"]
