16-Apr-2018 11:06:35.520 심각 [tomcat-http--2] org.apache.catalina.core.StandardWrapperValve.invoke Servlet.service() for servlet [jsp] in context with path [/lecture1] threw exception [Unable to compile class for JSP: 

An error occurred at line: [6] in the jsp file: [/JDBC1/studentList2.jsp]
The method findByName(String) is undefined for the type StudentDAO2
3: <%
4: String srchText = request.getParameter("srchText");
5: if (srchText == null) srchText = "";
6: List<Student> list = StudentDAO2.findByName(srchText);
7: %>
8: <!DOCTYPE html>
9: <html>


An error occurred at line: [48] in the jsp file: [/JDBC1/studentList2.jsp]
The method getStudentNumber() is undefined for the type Student
45:     <tbody>
46:         <% for (Student student : list) { %>
47:             <tr>
48:                 <td><%= student.getStudentNumber() %></td>
49:                 <td><%= student.getName() %></td>
50:                 <td><%= student.getDepartmentName() %></td>
51:                 <td><%= student.getYear() %></td>


An error occurred at line: [49] in the jsp file: [/JDBC1/studentList2.jsp]
The method getName() is undefined for the type Student
46:         <% for (Student student : list) { %>
47:             <tr>
48:                 <td><%= student.getStudentNumber() %></td>
49:                 <td><%= student.getName() %></td>
50:                 <td><%= student.getDepartmentName() %></td>
51:                 <td><%= student.getYear() %></td>
52:             </tr>


An error occurred at line: [50] in the jsp file: [/JDBC1/studentList2.jsp]
The method getDepartmentName() is undefined for the type Student
47:             <tr>
48:                 <td><%= student.getStudentNumber() %></td>
49:                 <td><%= student.getName() %></td>
50:                 <td><%= student.getDepartmentName() %></td>
51:                 <td><%= student.getYear() %></td>
52:             </tr>
53:         <% } %>


An error occurred at line: [51] in the jsp file: [/JDBC1/studentList2.jsp]
The method getYear() is undefined for the type Student
48:                 <td><%= student.getStudentNumber() %></td>
49:                 <td><%= student.getName() %></td>
50:                 <td><%= student.getDepartmentName() %></td>
51:                 <td><%= student.getYear() %></td>
52:             </tr>
53:         <% } %>
54:     </tbody>


Stacktrace:] with root cause
 org.apache.jasper.JasperException: Unable to compile class for JSP: 

An error occurred at line: [6] in the jsp file: [/JDBC1/studentList2.jsp]
The method findByName(String) is undefined for the type StudentDAO2
3: <%
4: String srchText = request.getParameter("srchText");
5: if (srchText == null) srchText = "";
6: List<Student> list = StudentDAO2.findByName(srchText);
7: %>
8: <!DOCTYPE html>
9: <html>


An error occurred at line: [48] in the jsp file: [/JDBC1/studentList2.jsp]
The method getStudentNumber() is undefined for the type Student
45:     <tbody>
46:         <% for (Student student : list) { %>
47:             <tr>
48:                 <td><%= student.getStudentNumber() %></td>
49:                 <td><%= student.getName() %></td>
50:                 <td><%= student.getDepartmentName() %></td>
51:                 <td><%= student.getYear() %></td>


An error occurred at line: [49] in the jsp file: [/JDBC1/studentList2.jsp]
The method getName() is undefined for the type Student
46:         <% for (Student student : list) { %>
47:             <tr>
48:                 <td><%= student.getStudentNumber() %></td>
49:                 <td><%= student.getName() %></td>
50:                 <td><%= student.getDepartmentName() %></td>
51:                 <td><%= student.getYear() %></td>
52:             </tr>


An error occurred at line: [50] in the jsp file: [/JDBC1/studentList2.jsp]
The method getDepartmentName() is undefined for the type Student
47:             <tr>
48:                 <td><%= student.getStudentNumber() %></td>
49:                 <td><%= student.getName() %></td>
50:                 <td><%= student.getDepartmentName() %></td>
51:                 <td><%= student.getYear() %></td>
52:             </tr>
53:         <% } %>


An error occurred at line: [51] in the jsp file: [/JDBC1/studentList2.jsp]
The method getYear() is undefined for the type Student
48:                 <td><%= student.getStudentNumber() %></td>
49:                 <td><%= student.getName() %></td>
50:                 <td><%= student.getDepartmentName() %></td>
51:                 <td><%= student.getYear() %></td>
52:             </tr>
53:         <% } %>
54:     </tbody>


Stacktrace:
	at org.apache.jasper.compiler.DefaultErrorHandler.javacError(DefaultErrorHandler.java:102)
	at org.apache.jasper.compiler.ErrorDispatcher.javacError(ErrorDispatcher.java:212)
	at org.apache.jasper.compiler.JDTCompiler.generateClass(JDTCompiler.java:457)
	at org.apache.jasper.compiler.Compiler.compile(Compiler.java:379)
	at org.apache.jasper.compiler.Compiler.compile(Compiler.java:351)
	at org.apache.jasper.compiler.Compiler.compile(Compiler.java:335)
	at org.apache.jasper.JspCompilationContext.compile(JspCompilationContext.java:601)
	at org.apache.jasper.servlet.JspServletWrapper.service(JspServletWrapper.java:368)
	at org.apache.jasper.servlet.JspServlet.serviceJspFile(JspServlet.java:385)
	at org.apache.jasper.servlet.JspServlet.service(JspServlet.java:329)
	at javax.servlet.http.HttpServlet.service(HttpServlet.java:742)
	at org.apache.catalina.core.ApplicationFilterChain.internalDoFilter(ApplicationFilterChain.java:231)
	at org.apache.catalina.core.ApplicationFilterChain.doFilter(ApplicationFilterChain.java:166)
	at org.apache.tomcat.websocket.server.WsFilter.doFilter(WsFilter.java:52)
	at org.apache.catalina.core.ApplicationFilterChain.internalDoFilter(ApplicationFilterChain.java:193)
	at org.apache.catalina.core.ApplicationFilterChain.doFilter(ApplicationFilterChain.java:166)
	at org.apache.catalina.core.StandardWrapperValve.invoke(StandardWrapperValve.java:198)
	at org.apache.catalina.core.StandardContextValve.invoke(StandardContextValve.java:96)
	at org.apache.catalina.authenticator.AuthenticatorBase.invoke(AuthenticatorBase.java:478)
	at org.apache.catalina.core.StandardHostValve.invoke(StandardHostValve.java:140)
	at org.apache.catalina.valves.ErrorReportValve.invoke(ErrorReportValve.java:81)
	at org.apache.catalina.valves.AbstractAccessLogValve.invoke(AbstractAccessLogValve.java:650)
	at org.apache.catalina.core.StandardEngineValve.invoke(StandardEngineValve.java:87)
	at org.apache.catalina.connector.CoyoteAdapter.service(CoyoteAdapter.java:342)
	at org.apache.coyote.http11.Http11Processor.service(Http11Processor.java:803)
	at org.apache.coyote.AbstractProcessorLight.process(AbstractProcessorLight.java:66)
	at org.apache.coyote.AbstractProtocol$ConnectionHandler.process(AbstractProtocol.java:868)
	at org.apache.tomcat.util.net.NioEndpoint$SocketProcessor.doRun(NioEndpoint.java:1459)
	at org.apache.tomcat.util.net.SocketProcessorBase.run(SocketProcessorBase.java:49)
	at java.util.concurrent.ThreadPoolExecutor.runWorker(ThreadPoolExecutor.java:1149)
	at java.util.concurrent.ThreadPoolExecutor$Worker.run(ThreadPoolExecutor.java:624)
	at org.apache.tomcat.util.threads.TaskThread$WrappingRunnable.run(TaskThread.java:61)
	at java.lang.Thread.run(Thread.java:748)

16-Apr-2018 11:13:59.175 심각 [tomcat-http--2] org.apache.catalina.core.StandardWrapperValve.invoke Servlet.service() for servlet [jsp] in context with path [/lecture1] threw exception [An exception occurred processing JSP page [/JDBC1/studentList2.jsp] at line [6]

3: <%
4: String srchText = request.getParameter("srchText");
5: if (srchText == null) srchText = "";
6: List<Student> list = StudentDAO2.findByName(srchText);
7: %>
8: <!DOCTYPE html>
9: <html>


Stacktrace:] with root cause
 javax.naming.NamingException: Access denied for user 'user1'@'localhost' (using password: YES)
	at org.apache.naming.NamingContext.lookup(NamingContext.java:856)
	at org.apache.naming.NamingContext.lookup(NamingContext.java:159)
	at org.apache.naming.NamingContext.lookup(NamingContext.java:827)
	at org.apache.naming.NamingContext.lookup(NamingContext.java:159)
	at org.apache.naming.NamingContext.lookup(NamingContext.java:827)
	at org.apache.naming.NamingContext.lookup(NamingContext.java:159)
	at org.apache.naming.NamingContext.lookup(NamingContext.java:827)
	at org.apache.naming.NamingContext.lookup(NamingContext.java:173)
	at org.apache.naming.SelectorContext.lookup(SelectorContext.java:163)
	at javax.naming.InitialContext.lookup(InitialContext.java:417)
	at lecture1.DB.getConnection(DB.java:16)
	at lecture1.jdbc1.StudentDAO2.findByName(StudentDAO2.java:38)
	at org.apache.jsp.JDBC1.studentList2_jsp._jspService(studentList2_jsp.java:118)
	at org.apache.jasper.runtime.HttpJspBase.service(HttpJspBase.java:70)
	at javax.servlet.http.HttpServlet.service(HttpServlet.java:742)
	at org.apache.jasper.servlet.JspServletWrapper.service(JspServletWrapper.java:443)
	at org.apache.jasper.servlet.JspServlet.serviceJspFile(JspServlet.java:385)
	at org.apache.jasper.servlet.JspServlet.service(JspServlet.java:329)
	at javax.servlet.http.HttpServlet.service(HttpServlet.java:742)
	at org.apache.catalina.core.ApplicationFilterChain.internalDoFilter(ApplicationFilterChain.java:231)
	at org.apache.catalina.core.ApplicationFilterChain.doFilter(ApplicationFilterChain.java:166)
	at org.apache.tomcat.websocket.server.WsFilter.doFilter(WsFilter.java:52)
	at org.apache.catalina.core.ApplicationFilterChain.internalDoFilter(ApplicationFilterChain.java:193)
	at org.apache.catalina.core.ApplicationFilterChain.doFilter(ApplicationFilterChain.java:166)
	at org.apache.catalina.core.StandardWrapperValve.invoke(StandardWrapperValve.java:198)
	at org.apache.catalina.core.StandardContextValve.invoke(StandardContextValve.java:96)
	at org.apache.catalina.authenticator.AuthenticatorBase.invoke(AuthenticatorBase.java:478)
	at org.apache.catalina.core.StandardHostValve.invoke(StandardHostValve.java:140)
	at org.apache.catalina.valves.ErrorReportValve.invoke(ErrorReportValve.java:81)
	at org.apache.catalina.valves.AbstractAccessLogValve.invoke(AbstractAccessLogValve.java:650)
	at org.apache.catalina.core.StandardEngineValve.invoke(StandardEngineValve.java:87)
	at org.apache.catalina.connector.CoyoteAdapter.service(CoyoteAdapter.java:342)
	at org.apache.coyote.http11.Http11Processor.service(Http11Processor.java:803)
	at org.apache.coyote.AbstractProcessorLight.process(AbstractProcessorLight.java:66)
	at org.apache.coyote.AbstractProtocol$ConnectionHandler.process(AbstractProtocol.java:868)
	at org.apache.tomcat.util.net.NioEndpoint$SocketProcessor.doRun(NioEndpoint.java:1459)
	at org.apache.tomcat.util.net.SocketProcessorBase.run(SocketProcessorBase.java:49)
	at java.util.concurrent.ThreadPoolExecutor.runWorker(ThreadPoolExecutor.java:1149)
	at java.util.concurrent.ThreadPoolExecutor$Worker.run(ThreadPoolExecutor.java:624)
	at org.apache.tomcat.util.threads.TaskThread$WrappingRunnable.run(TaskThread.java:61)
	at java.lang.Thread.run(Thread.java:748)

